{"numTotalTestSuites":7,"numPassedTestSuites":7,"numFailedTestSuites":0,"numPendingTestSuites":0,"numTotalTests":5,"numPassedTests":5,"numFailedTests":0,"numPendingTests":0,"numTodoTests":0,"snapshot":{"added":0,"failure":false,"filesAdded":0,"filesRemoved":0,"filesRemovedList":[],"filesUnmatched":0,"filesUpdated":0,"matched":0,"total":0,"unchecked":0,"uncheckedKeysByFile":[],"unmatched":0,"updated":0,"didUpdate":false},"startTime":1787526060189,"success":true,"testResults":[{"assertionResults":[{"ancestorTitles":["Lobby page navigation logic","navigation triggers on in-progress with valid roomId"],"fullName":"Lobby page navigation logic navigation triggers on in-progress with valid roomId navigates to /game/{roomId} when status is in-progress and roomId is non-empty","status":"passed","title":"navigates to /game/{roomId} when status is in-progress and roomId is non-empty","duration":68.93339999999989,"failureMessages":[],"meta":{},"tags":[]},{"ancestorTitles":["Lobby page navigation logic","no navigation when status is waiting"],"fullName":"Lobby page navigation logic no navigation when status is waiting does not navigate when status is waiting","status":"passed","title":"does not navigate when status is waiting","duration":8.7971,"failureMessages":[],"meta":{},"tags":[]},{"ancestorTitles":["Lobby page navigation logic","no navigation when roomId is empty string"],"fullName":"Lobby page navigation logic no navigation when roomId is empty string does not navigate when status is in-progress but roomId is empty","status":"passed","title":"does not navigate when status is in-progress but roomId is empty","duration":6.777799999999843,"failureMessages":[],"meta":{},"tags":[]},{"ancestorTitles":["Lobby page navigation logic","double navigation guard"],"fullName":"Lobby page navigation logic double navigation guard calls router.push at most once even on re-render","status":"passed","title":"calls router.push at most once even on re-render","duration":17.22759999999994,"failureMessages":[],"meta":{},"tags":[]},{"ancestorTitles":["Lobby page navigation logic","buttons disabled while navigating"],"fullName":"Lobby page navigation logic buttons disabled while navigating shows loading indicator and disables interactive elements during navigation","status":"passed","title":"shows loading indicator and disables interactive elements during navigation","duration":37.76030000000014,"failureMessages":[],"meta":{},"tags":[]}],"startTime":1787526061914,"endTime":1787526062053.7603,"status":"passed","message":"","name":"D:/Projects/Shadow-Hunt/app/lobby/[code]/__tests__/page.test.tsx"}]}
