{"numTotalTestSuites":278,"numPassedTestSuites":204,"numFailedTestSuites":74,"numPendingTestSuites":0,"numTotalTests":446,"numPassedTests":375,"numFailedTests":71,"numPendingTests":0,"numTodoTests":0,"snapshot":{"added":0,"failure":false,"filesAdded":0,"filesRemoved":0,"filesRemovedList":[],"filesUnmatched":0,"filesUpdated":0,"matched":0,"total":0,"unchecked":0,"uncheckedKeysByFile":[],"unmatched":0,"updated":0,"didUpdate":false},"startTime":1787513837302,"success":false,"testResults":[{"assertionResults":[{"ancestorTitles":["Game Initialization Property Tests","Property 13: Exactly one threat"],"fullName":"Game Initialization Property Tests Property 13: Exactly one threat initializeGame creates exactly 1 GameThreat with a valid locationId from the 40 locations","status":"failed","title":"initializeGame creates exactly 1 GameThreat with a valid locationId from the 40 locations","duration":623.7298000000001,"failureMessages":["Error: Property failed after 1 tests\n{ seed: 1868824847, path: \"0:0\", endOnFailure: true }\nCounterexample: [1]\nShrunk 1 time(s)\n\nHint: Enable verbose mode in order to have the list of all failing values encountered during the run\n    at buildError (file:///D:/Projects/Shadow-Hunt/node_modules/fast-check/lib/fast-check.js:2462:16)\n    at asyncThrowIfFailed (file:///D:/Projects/Shadow-Hunt/node_modules/fast-check/lib/fast-check.js:2474:8)\n    at processTicksAndRejections (node:internal/process/task_queues:103:5)"],"meta":{},"tags":[]},{"ancestorTitles":["Game Initialization Property Tests","Property 14: One spy per region"],"fullName":"Game Initialization Property Tests Property 14: One spy per region initializeGame creates exactly 6 GameSpy records, one per region, each with a locationId belonging to that region","status":"failed","title":"initializeGame creates exactly 6 GameSpy records, one per region, each with a locationId belonging to that region","duration":981.6109000000001,"failureMessages":["Error: Property failed after 1 tests\n{ seed: 1393396035, path: \"0:0\", endOnFailure: true }\nCounterexample: [101]\nShrunk 1 time(s)\n\nHint: Enable verbose mode in order to have the list of all failing values encountered during the run\n    at buildError (file:///D:/Projects/Shadow-Hunt/node_modules/fast-check/lib/fast-check.js:2462:16)\n    at asyncThrowIfFailed (file:///D:/Projects/Shadow-Hunt/node_modules/fast-check/lib/fast-check.js:2474:8)\n    at processTicksAndRejections (node:internal/process/task_queues:103:5)"],"meta":{},"tags":[]}],"startTime":1787513846748,"endTime":1787513848354.6108,"status":"failed","message":"","name":"D:/Projects/Shadow-Hunt/lib/game/__tests__/initialize-game.property.test.ts"},{"assertionResults":[{"ancestorTitles":["maxRoundLimit Validation Property Tests","Property 3: maxRoundLimit validation"],"fullName":"maxRoundLimit Validation Property Tests Property 3: maxRoundLimit validation valid integer values in [1, 100] are accepted (do not return INVALID_ROUND_LIMIT)","status":"passed","title":"valid integer values in [1, 100] are accepted (do not return INVALID_ROUND_LIMIT)","duration":19.609100000000126,"failureMessages":[],"meta":{},"tags":[]},{"ancestorTitles":["maxRoundLimit Validation Property Tests","Property 3: maxRoundLimit validation"],"fullName":"maxRoundLimit Validation Property Tests Property 3: maxRoundLimit validation integer values < 1 are rejected with INVALID_ROUND_LIMIT","status":"passed","title":"integer values < 1 are rejected with INVALID_ROUND_LIMIT","duration":10.762899999999945,"failureMessages":[],"meta":{},"tags":[]},{"ancestorTitles":["maxRoundLimit Validation Property Tests","Property 3: maxRoundLimit validation"],"fullName":"maxRoundLimit Validation Property Tests Property 3: maxRoundLimit validation integer values > 100 are rejected with INVALID_ROUND_LIMIT","status":"passed","title":"integer values > 100 are rejected with INVALID_ROUND_LIMIT","duration":10.38189999999986,"failureMessages":[],"meta":{},"tags":[]},{"ancestorTitles":["maxRoundLimit Validation Property Tests","Property 3: maxRoundLimit validation"],"fullName":"maxRoundLimit Validation Property Tests Property 3: maxRoundLimit validation non-integer values (floats) are rejected with INVALID_ROUND_LIMIT","status":"passed","title":"non-integer values (floats) are rejected with INVALID_ROUND_LIMIT","duration":16.87130000000002,"failureMessages":[],"meta":{},"tags":[]},{"ancestorTitles":["maxRoundLimit Validation Property Tests","Property 3: maxRoundLimit validation"],"fullName":"maxRoundLimit Validation Property Tests Property 3: maxRoundLimit validation special numeric values (NaN, Infinity, -Infinity) are rejected with INVALID_ROUND_LIMIT","status":"passed","title":"special numeric values (NaN, Infinity, -Infinity) are rejected with INVALID_ROUND_LIMIT","duration":10.238399999999956,"failureMessages":[],"meta":{},"tags":[]}],"startTime":1787513858762,"endTime":1787513858830.2383,"status":"passed","message":"","name":"D:/Projects/Shadow-Hunt/lib/game/__tests__/max-round-limit.property.test.ts"},{"assertionResults":[{"ancestorTitles":["Spy Capture Property Tests","Property 15: Spy capture records the captor"],"fullName":"Spy Capture Property Tests Property 15: Spy capture records the captor after capture, only the targeted spy is updated with captured=true and the correct capturedByPlayerId","status":"failed","title":"after capture, only the targeted spy is updated with captured=true and the correct capturedByPlayerId","duration":4751.7581,"failureMessages":["Error: Property failed after 1 tests\n{ seed: -573474823, path: \"0:0:0:0:0:0:0:0\", endOnFailure: true }\nCounterexample: [0,\"     \"]\nShrunk 7 time(s)\n\nHint: Enable verbose mode in order to have the list of all failing values encountered during the run\n    at buildError (file:///D:/Projects/Shadow-Hunt/node_modules/fast-check/lib/fast-check.js:2462:16)\n    at asyncThrowIfFailed (file:///D:/Projects/Shadow-Hunt/node_modules/fast-check/lib/fast-check.js:2474:8)\n    at processTicksAndRejections (node:internal/process/task_queues:103:5)"],"meta":{},"tags":[]}],"startTime":1787513839467,"endTime":1787513844218.758,"status":"failed","message":"","name":"D:/Projects/Shadow-Hunt/lib/game/__tests__/spy-capture.property.test.ts"},{"assertionResults":[{"ancestorTitles":["Adjacency Property Tests","Property 1: Adjacency bidirectionality"],"fullName":"Adjacency Property Tests Property 1: Adjacency bidirectionality for any edge (A,B), A's neighbors include B and vice versa","status":"passed","title":"for any edge (A,B), A's neighbors include B and vice versa","duration":9703.2163,"failureMessages":[],"meta":{},"tags":[]},{"ancestorTitles":["Adjacency Property Tests","Property 1: Adjacency bidirectionality"],"fullName":"Adjacency Property Tests Property 1: Adjacency bidirectionality property: sampled edges are bidirectional","status":"passed","title":"property: sampled edges are bidirectional","duration":50.87800000000061,"failureMessages":[],"meta":{},"tags":[]},{"ancestorTitles":["Adjacency Property Tests","Property 10: Adjacency query correctness"],"fullName":"Adjacency Property Tests Property 10: Adjacency query correctness for any sampled location, getAdjacentLocations matches the stored edge list","status":"passed","title":"for any sampled location, getAdjacentLocations matches the stored edge list","duration":3609.377699999999,"failureMessages":[],"meta":{},"tags":[]},{"ancestorTitles":["Adjacency Property Tests","Property 10: Adjacency query correctness"],"fullName":"Adjacency Property Tests Property 10: Adjacency query correctness property: sampled locations have correct neighbor sets","status":"passed","title":"property: sampled locations have correct neighbor sets","duration":2.926900000000387,"failureMessages":[],"meta":{},"tags":[]},{"ancestorTitles":["Adjacency Property Tests","Property 5: Region subgraph connectivity"],"fullName":"Adjacency Property Tests Property 5: Region subgraph connectivity intra-region subgraph is connected for each region","status":"passed","title":"intra-region subgraph is connected for each region","duration":1.1674000000002707,"failureMessages":[],"meta":{},"tags":[]},{"ancestorTitles":["Adjacency Property Tests","Property 5: Region subgraph connectivity"],"fullName":"Adjacency Property Tests Property 5: Region subgraph connectivity property: BFS within any sampled region's subgraph reaches all region locations","status":"passed","title":"property: BFS within any sampled region's subgraph reaches all region locations","duration":5.884200000000419,"failureMessages":[],"meta":{},"tags":[]},{"ancestorTitles":["Adjacency Property Tests","Property 11: isSameRegion flag correctness"],"fullName":"Adjacency Property Tests Property 11: isSameRegion flag correctness for any edge, isSameRegion matches actual region membership","status":"passed","title":"for any edge, isSameRegion matches actual region membership","duration":6.924000000000888,"failureMessages":[],"meta":{},"tags":[]}],"startTime":1787513849967,"endTime":1787513863350.924,"status":"passed","message":"","name":"D:/Projects/Shadow-Hunt/lib/map/__tests__/adjacency.property.test.ts"},{"assertionResults":[{"ancestorTitles":["Distance Property Tests","Property 7: Shortest-path distance correctness"],"fullName":"Distance Property Tests Property 7: Shortest-path distance correctness matrix distance equals independent BFS for sampled location pairs","status":"passed","title":"matrix distance equals independent BFS for sampled location pairs","duration":637.9214999999999,"failureMessages":[],"meta":{},"tags":[]},{"ancestorTitles":["Distance Property Tests","Property 8: Distance range bounded by diameter"],"fullName":"Distance Property Tests Property 8: Distance range bounded by diameter all distances are in [0, 6]","status":"passed","title":"all distances are in [0, 6]","duration":31.91760000000022,"failureMessages":[],"meta":{},"tags":[]},{"ancestorTitles":["Distance Property Tests","Property 8: Distance range bounded by diameter"],"fullName":"Distance Property Tests Property 8: Distance range bounded by diameter full matrix check: every entry is in [0, 6]","status":"passed","title":"full matrix check: every entry is in [0, 6]","duration":96.17909999999983,"failureMessages":[],"meta":{},"tags":[]},{"ancestorTitles":["Distance Property Tests","Property 9: Unique distance vectors"],"fullName":"Distance Property Tests Property 9: Unique distance vectors no two distinct locations share the same distance vector","status":"passed","title":"no two distinct locations share the same distance vector","duration":19.891599999999926,"failureMessages":[],"meta":{},"tags":[]}],"startTime":1787513851311,"endTime":1787513852098.8916,"status":"passed","message":"","name":"D:/Projects/Shadow-Hunt/lib/map/__tests__/distance.property.test.ts"},{"assertionResults":[{"ancestorTitles":["Graph Invariants Property Tests","Property 12: Seed idempotency"],"fullName":"Graph Invariants Property Tests Property 12: Seed idempotency re-upserting all regions leaves counts unchanged (idempotent)","status":"passed","title":"re-upserting all regions leaves counts unchanged (idempotent)","duration":3403.6343,"failureMessages":[],"meta":{},"tags":[]},{"ancestorTitles":["Graph Invariants Property Tests","Property 2: No self-loops"],"fullName":"Graph Invariants Property Tests Property 2: No self-loops for any edge, endpoints are distinct","status":"passed","title":"for any edge, endpoints are distinct","duration":16.159700000000157,"failureMessages":[],"meta":{},"tags":[]},{"ancestorTitles":["Graph Invariants Property Tests","Property 4: Canonical edge ordering"],"fullName":"Graph Invariants Property Tests Property 4: Canonical edge ordering for any edge, locationAId < locationBId lexicographically","status":"passed","title":"for any edge, locationAId < locationBId lexicographically","duration":6.034099999999853,"failureMessages":[],"meta":{},"tags":[]},{"ancestorTitles":["Graph Invariants Property Tests","Property 3: Minimum adjacency degree"],"fullName":"Graph Invariants Property Tests Property 3: Minimum adjacency degree every location has degree >= 2","status":"passed","title":"every location has degree >= 2","duration":6.506499999999505,"failureMessages":[],"meta":{},"tags":[]},{"ancestorTitles":["Graph Invariants Property Tests","Property 6: Full graph connectivity"],"fullName":"Graph Invariants Property Tests Property 6: Full graph connectivity BFS from any node reaches all 40 nodes","status":"passed","title":"BFS from any node reaches all 40 nodes","duration":9.966599999999744,"failureMessages":[],"meta":{},"tags":[]}],"startTime":1787513850768,"endTime":1787513854210.9666,"status":"passed","message":"","name":"D:/Projects/Shadow-Hunt/lib/map/__tests__/graph-invariants.property.test.ts"},{"assertionResults":[{"ancestorTitles":["Transport Property Tests","Property 1: Inter-region edges use plane transport"],"fullName":"Transport Property Tests Property 1: Inter-region edges use plane transport every edge with isSameRegion=false has transport='plane'","status":"passed","title":"every edge with isSameRegion=false has transport='plane'","duration":11.367999999999938,"failureMessages":[],"meta":{},"tags":[]},{"ancestorTitles":["Transport Property Tests","Property 2: Intra-region edges use car or boat"],"fullName":"Transport Property Tests Property 2: Intra-region edges use car or boat every edge with isSameRegion=true has transport 'car' or 'boat', never 'plane'","status":"passed","title":"every edge with isSameRegion=true has transport 'car' or 'boat', never 'plane'","duration":19.121599999999944,"failureMessages":[],"meta":{},"tags":[]},{"ancestorTitles":["Transport Property Tests","Property 3: Transport distribution invariant"],"fullName":"Transport Property Tests Property 3: Transport distribution invariant exactly 17 plane, 34 car, 21 boat, totaling 72","status":"passed","title":"exactly 17 plane, 34 car, 21 boat, totaling 72","duration":0.5960999999997512,"failureMessages":[],"meta":{},"tags":[]},{"ancestorTitles":["Transport Property Tests","Property 4: No null/undefined transport values"],"fullName":"Transport Property Tests Property 4: No null/undefined transport values every edge has a non-null transport in {plane, car, boat}","status":"passed","title":"every edge has a non-null transport in {plane, car, boat}","duration":18.137199999999666,"failureMessages":[],"meta":{},"tags":[]},{"ancestorTitles":["Transport Property Tests","Property 5: Transport mapping determinism"],"fullName":"Transport Property Tests Property 5: Transport mapping determinism querying edges twice yields identical transport values","status":"passed","title":"querying edges twice yields identical transport values","duration":70.52750000000015,"failureMessages":[],"meta":{},"tags":[]}],"startTime":1787513851341,"endTime":1787513851461.5276,"status":"passed","message":"","name":"D:/Projects/Shadow-Hunt/lib/map/__tests__/transport.property.test.ts"},{"assertionResults":[{"ancestorTitles":["getOrCreatePlayerId"],"fullName":"getOrCreatePlayerId returns the player ID from an existing cookie","status":"passed","title":"returns the player ID from an existing cookie","duration":43.6576,"failureMessages":[],"meta":{},"tags":[]},{"ancestorTitles":["getOrCreatePlayerId"],"fullName":"getOrCreatePlayerId generates a new UUID when no cookie is present","status":"passed","title":"generates a new UUID when no cookie is present","duration":2.0632000000000517,"failureMessages":[],"meta":{},"tags":[]},{"ancestorTitles":["getOrCreatePlayerId"],"fullName":"getOrCreatePlayerId extracts player-id correctly when multiple cookies are present","status":"passed","title":"extracts player-id correctly when multiple cookies are present","duration":0.7164999999999964,"failureMessages":[],"meta":{},"tags":[]},{"ancestorTitles":["getOrCreatePlayerId"],"fullName":"getOrCreatePlayerId generates a new UUID when cookie header is empty","status":"passed","title":"generates a new UUID when cookie header is empty","duration":0.8146999999999025,"failureMessages":[],"meta":{},"tags":[]},{"ancestorTitles":["getOrCreatePlayerId"],"fullName":"getOrCreatePlayerId generates unique IDs on successive calls without a cookie","status":"passed","title":"generates unique IDs on successive calls without a cookie","duration":2.163699999999835,"failureMessages":[],"meta":{},"tags":[]},{"ancestorTitles":["playerIdCookieHeader"],"fullName":"playerIdCookieHeader returns a properly formatted Set-Cookie header value","status":"passed","title":"returns a properly formatted Set-Cookie header value","duration":0.44299999999998363,"failureMessages":[],"meta":{},"tags":[]},{"ancestorTitles":["playerIdCookieHeader"],"fullName":"playerIdCookieHeader includes HttpOnly flag for security","status":"passed","title":"includes HttpOnly flag for security","duration":0.5671999999999571,"failureMessages":[],"meta":{},"tags":[]},{"ancestorTitles":["playerIdCookieHeader"],"fullName":"playerIdCookieHeader sets SameSite=Strict for CSRF protection","status":"passed","title":"sets SameSite=Strict for CSRF protection","duration":0.36969999999996617,"failureMessages":[],"meta":{},"tags":[]},{"ancestorTitles":["playerIdCookieHeader"],"fullName":"playerIdCookieHeader sets Max-Age to 24 hours (86400 seconds)","status":"passed","title":"sets Max-Age to 24 hours (86400 seconds)","duration":0.42480000000000473,"failureMessages":[],"meta":{},"tags":[]}],"startTime":1787513859311,"endTime":1787513859363.4248,"status":"passed","message":"","name":"D:/Projects/Shadow-Hunt/lib/auth/__tests__/player-session.test.ts"},{"assertionResults":[{"ancestorTitles":["Property 5: Action Budget Bounds","Action_Budget is always within [Minimum_Action_Budget, Default_Action_Budget]"],"fullName":"Property 5: Action Budget Bounds Action_Budget is always within [Minimum_Action_Budget, Default_Action_Budget] actionBudget is always 1 or 2 (the only valid values)","status":"passed","title":"actionBudget is always 1 or 2 (the only valid values)","duration":16.709500000000162,"failureMessages":[],"meta":{},"tags":[]},{"ancestorTitles":["Property 5: Action Budget Bounds","Actions_Remaining is always within [0, Default_Action_Budget]"],"fullName":"Property 5: Action Budget Bounds Actions_Remaining is always within [0, Default_Action_Budget] for any valid actionBudget, actionsRemaining is within [0, actionBudget]","status":"passed","title":"for any valid actionBudget, actionsRemaining is within [0, actionBudget]","duration":19.042699999999968,"failureMessages":[],"meta":{},"tags":[]},{"ancestorTitles":["Property 5: Action Budget Bounds","validateAction rejects when actionsRemaining = 0"],"fullName":"Property 5: Action Budget Bounds validateAction rejects when actionsRemaining = 0 any action is rejected with NO_ACTIONS_REMAINING when actionsRemaining is 0","status":"passed","title":"any action is rejected with NO_ACTIONS_REMAINING when actionsRemaining is 0","duration":26.793499999999995,"failureMessages":[],"meta":{},"tags":[]},{"ancestorTitles":["Property 5: Action Budget Bounds","validateAction accepts valid actions when actionsRemaining > 0"],"fullName":"Property 5: Action Budget Bounds validateAction accepts valid actions when actionsRemaining > 0 SKIP is accepted for any actionsRemaining in [1, actionBudget]","status":"passed","title":"SKIP is accepted for any actionsRemaining in [1, actionBudget]","duration":19.468500000000176,"failureMessages":[],"meta":{},"tags":[]},{"ancestorTitles":["Property 5: Action Budget Bounds","validateAction accepts valid actions when actionsRemaining > 0"],"fullName":"Property 5: Action Budget Bounds validateAction accepts valid actions when actionsRemaining > 0 valid MOVE is accepted for any actionsRemaining in [1, actionBudget]","status":"passed","title":"valid MOVE is accepted for any actionsRemaining in [1, actionBudget]","duration":10.486100000000079,"failureMessages":[],"meta":{},"tags":[]},{"ancestorTitles":["Property 5: Action Budget Bounds","validateAction accepts valid actions when actionsRemaining > 0"],"fullName":"Property 5: Action Budget Bounds validateAction accepts valid actions when actionsRemaining > 0 valid USE_CARD is accepted for any actionsRemaining in [1, actionBudget]","status":"passed","title":"valid USE_CARD is accepted for any actionsRemaining in [1, actionBudget]","duration":22.771099999999933,"failureMessages":[],"meta":{},"tags":[]},{"ancestorTitles":["Property 5: Action Budget Bounds","total accepted actions in a turn equals actionBudget"],"fullName":"Property 5: Action Budget Bounds total accepted actions in a turn equals actionBudget a turn with budget N accepts exactly N actions before rejection","status":"passed","title":"a turn with budget N accepts exactly N actions before rejection","duration":27.124399999999923,"failureMessages":[],"meta":{},"tags":[]},{"ancestorTitles":["Property 5: Action Budget Bounds","total accepted actions in a turn equals actionBudget"],"fullName":"Property 5: Action Budget Bounds total accepted actions in a turn equals actionBudget budget 1 turn accepts exactly 1 action, budget 2 turn accepts exactly 2","status":"passed","title":"budget 1 turn accepts exactly 1 action, budget 2 turn accepts exactly 2","duration":21.66059999999993,"failureMessages":[],"meta":{},"tags":[]},{"ancestorTitles":["Property 5: Action Budget Bounds","action budget derives correctly from penalty flag"],"fullName":"Property 5: Action Budget Bounds action budget derives correctly from penalty flag actionBudget = Default_Action_Budget - 1 when penalty applies, bounded by minimum","status":"passed","title":"actionBudget = Default_Action_Budget - 1 when penalty applies, bounded by minimum","duration":16.097999999999956,"failureMessages":[],"meta":{},"tags":[]}],"startTime":1787513855556,"endTime":1787513855738.098,"status":"passed","message":"","name":"D:/Projects/Shadow-Hunt/lib/turn-engine/__tests__/action-budget-bounds.property.test.ts"},{"assertionResults":[{"ancestorTitles":["Action Rejection Property Tests","Property 6: Action rejection after game end"],"fullName":"Action Rejection Property Tests Property 6: Action rejection after game end any action payload submitted to a finished room returns GAME_NOT_ACTIVE","status":"failed","title":"any action payload submitted to a finished room returns GAME_NOT_ACTIVE","duration":2250.9030999999995,"failureMessages":["Error: Property failed after 1 tests\n{ seed: 2135183762, path: \"0:0:0:0:0\", endOnFailure: true }\nCounterexample: [{\"actionType\":\"MOVE\",\"targetLocationId\":\"cmt1xaz1v0006jcn6wacv16f3\"},0,1]\nShrunk 4 time(s)\n\nHint: Enable verbose mode in order to have the list of all failing values encountered during the run\n    at buildError (file:///D:/Projects/Shadow-Hunt/node_modules/fast-check/lib/fast-check.js:2462:16)\n    at asyncThrowIfFailed (file:///D:/Projects/Shadow-Hunt/node_modules/fast-check/lib/fast-check.js:2474:8)\n    at processTicksAndRejections (node:internal/process/task_queues:103:5)"],"meta":{},"tags":[]},{"ancestorTitles":["Action Rejection Property Tests","Property 6: Action rejection after game end"],"fullName":"Action Rejection Property Tests Property 6: Action rejection after game end action rejection applies equally to rooms that ended via draw","status":"failed","title":"action rejection applies equally to rooms that ended via draw","duration":1492.4555,"failureMessages":["Error: Property failed after 1 tests\n{ seed: -208793244, path: \"0:0:0\", endOnFailure: true }\nCounterexample: [{\"actionType\":\"SKIP\"},0,1]\nShrunk 2 time(s)\n\nHint: Enable verbose mode in order to have the list of all failing values encountered during the run\n    at buildError (file:///D:/Projects/Shadow-Hunt/node_modules/fast-check/lib/fast-check.js:2462:16)\n    at asyncThrowIfFailed (file:///D:/Projects/Shadow-Hunt/node_modules/fast-check/lib/fast-check.js:2474:8)\n    at processTicksAndRejections (node:internal/process/task_queues:103:5)"],"meta":{},"tags":[]}],"startTime":1787513840743,"endTime":1787513844487.4556,"status":"failed","message":"","name":"D:/Projects/Shadow-Hunt/lib/turn-engine/__tests__/action-rejection.property.test.ts"},{"assertionResults":[{"ancestorTitles":["Capture Resolution Property Tests","Property 11: Capture Attempt Deferred Resolution at Final Position"],"fullName":"Capture Resolution Property Tests Property 11: Capture Attempt Deferred Resolution at Final Position capture resolves against post-move position, not original position","status":"failed","title":"capture resolves against post-move position, not original position","duration":1408.3727000000003,"failureMessages":["Error: Property failed after 1 tests\n{ seed: 529822651, path: \"0:0:1:0:0:0\", endOnFailure: true }\nCounterexample: [0,1]\nShrunk 5 time(s)\n\nHint: Enable verbose mode in order to have the list of all failing values encountered during the run\n    at buildError (file:///D:/Projects/Shadow-Hunt/node_modules/fast-check/lib/fast-check.js:2462:16)\n    at asyncThrowIfFailed (file:///D:/Projects/Shadow-Hunt/node_modules/fast-check/lib/fast-check.js:2474:8)\n    at processTicksAndRejections (node:internal/process/task_queues:103:5)"],"meta":{},"tags":[]},{"ancestorTitles":["Capture Resolution Property Tests","Property 11: Capture Attempt Deferred Resolution at Final Position"],"fullName":"Capture Resolution Property Tests Property 11: Capture Attempt Deferred Resolution at Final Position capture would fail if resolved against original position instead of final","status":"failed","title":"capture would fail if resolved against original position instead of final","duration":1684.8341,"failureMessages":["Error: Property failed after 1 tests\n{ seed: -371045428, path: \"0:0:1:0:0:0:0:0\", endOnFailure: true }\nCounterexample: [0,1]\nShrunk 7 time(s)\n\nHint: Enable verbose mode in order to have the list of all failing values encountered during the run\n    at buildError (file:///D:/Projects/Shadow-Hunt/node_modules/fast-check/lib/fast-check.js:2462:16)\n    at asyncThrowIfFailed (file:///D:/Projects/Shadow-Hunt/node_modules/fast-check/lib/fast-check.js:2474:8)\n    at processTicksAndRejections (node:internal/process/task_queues:103:5)"],"meta":{},"tags":[]},{"ancestorTitles":["Capture Resolution Property Tests","Property 12: Capture Resolution Correctness"],"fullName":"Capture Resolution Property Tests Property 12: Capture Resolution Correctness success: player at Mastermind location → room finished, winnerId set, mastermindLocationId revealed","status":"failed","title":"success: player at Mastermind location → room finished, winnerId set, mastermindLocationId revealed","duration":417.21230000000014,"failureMessages":["Error: Property failed after 1 tests\n{ seed: 559021442, path: \"0:0\", endOnFailure: true }\nCounterexample: [0]\nShrunk 1 time(s)\n\nHint: Enable verbose mode in order to have the list of all failing values encountered during the run\n    at buildError (file:///D:/Projects/Shadow-Hunt/node_modules/fast-check/lib/fast-check.js:2462:16)\n    at asyncThrowIfFailed (file:///D:/Projects/Shadow-Hunt/node_modules/fast-check/lib/fast-check.js:2474:8)\n    at processTicksAndRejections (node:internal/process/task_queues:103:5)"],"meta":{},"tags":[]},{"ancestorTitles":["Capture Resolution Property Tests","Property 12: Capture Resolution Correctness"],"fullName":"Capture Resolution Property Tests Property 12: Capture Resolution Correctness failure: player at different location → skipNextTurn set, no mastermindLocationId revealed","status":"failed","title":"failure: player at different location → skipNextTurn set, no mastermindLocationId revealed","duration":2447.425399999999,"failureMessages":["Error: Property failed after 1 tests\n{ seed: 1434197994, path: \"0:0:1:0:0:0:0\", endOnFailure: true }\nCounterexample: [0,1]\nShrunk 6 time(s)\n\nHint: Enable verbose mode in order to have the list of all failing values encountered during the run\n    at buildError (file:///D:/Projects/Shadow-Hunt/node_modules/fast-check/lib/fast-check.js:2462:16)\n    at asyncThrowIfFailed (file:///D:/Projects/Shadow-Hunt/node_modules/fast-check/lib/fast-check.js:2474:8)\n    at processTicksAndRejections (node:internal/process/task_queues:103:5)"],"meta":{},"tags":[]},{"ancestorTitles":["Capture Resolution Property Tests","Property 12: Capture Resolution Correctness"],"fullName":"Capture Resolution Property Tests Property 12: Capture Resolution Correctness correctness: result depends solely on location match (randomized scenarios)","status":"failed","title":"correctness: result depends solely on location match (randomized scenarios)","duration":657.8826000000008,"failureMessages":["Error: Property failed after 1 tests\n{ seed: 1716571602, path: \"0:0:0\", endOnFailure: true }\nCounterexample: [0,0]\nShrunk 2 time(s)\n\nHint: Enable verbose mode in order to have the list of all failing values encountered during the run\n    at buildError (file:///D:/Projects/Shadow-Hunt/node_modules/fast-check/lib/fast-check.js:2462:16)\n    at asyncThrowIfFailed (file:///D:/Projects/Shadow-Hunt/node_modules/fast-check/lib/fast-check.js:2474:8)\n    at processTicksAndRejections (node:internal/process/task_queues:103:5)"],"meta":{},"tags":[]}],"startTime":1787513840435,"endTime":1787513847051.8826,"status":"failed","message":"","name":"D:/Projects/Shadow-Hunt/lib/turn-engine/__tests__/capture-resolution.property.test.ts"},{"assertionResults":[{"ancestorTitles":["Card Registry"],"fullName":"Card Registry contains exactly 10 entries","status":"passed","title":"contains exactly 10 entries","duration":3.2750999999998385,"failureMessages":[],"meta":{},"tags":[]},{"ancestorTitles":["Card Registry"],"fullName":"Card Registry contains all 10 Card_Pool identifiers","status":"passed","title":"contains all 10 Card_Pool identifiers","duration":1.0387000000000626,"failureMessages":[],"meta":{},"tags":[]},{"ancestorTitles":["Card Registry","category assignments"],"fullName":"Card Registry category assignments assigns sabotage to close-all-roads, close-all-airways, close-all-sea-routes, and lose-an-action","status":"passed","title":"assigns sabotage to close-all-roads, close-all-airways, close-all-sea-routes, and lose-an-action","duration":0.531400000000076,"failureMessages":[],"meta":{},"tags":[]},{"ancestorTitles":["Card Registry","category assignments"],"fullName":"Card Registry category assignments assigns clue to locate-the-mastermind, bug-a-phone, and reveal-direction","status":"passed","title":"assigns clue to locate-the-mastermind, bug-a-phone, and reveal-direction","duration":0.5215999999998076,"failureMessages":[],"meta":{},"tags":[]},{"ancestorTitles":["Card Registry","category assignments"],"fullName":"Card Registry category assignments assigns booster to drop-ship, extra-turn, and open-all-roads","status":"passed","title":"assigns booster to drop-ship, extra-turn, and open-all-roads","duration":0.5535999999999603,"failureMessages":[],"meta":{},"tags":[]},{"ancestorTitles":["Card Registry","targetRequirement assignments"],"fullName":"Card Registry targetRequirement assignments assigns player to lose-an-action only","status":"passed","title":"assigns player to lose-an-action only","duration":0.5283999999999196,"failureMessages":[],"meta":{},"tags":[]},{"ancestorTitles":["Card Registry","targetRequirement assignments"],"fullName":"Card Registry targetRequirement assignments assigns none to all other cards","status":"passed","title":"assigns none to all other cards","duration":0.9030999999999949,"failureMessages":[],"meta":{},"tags":[]},{"ancestorTitles":["Card Registry","resolutionTiming assignments"],"fullName":"Card Registry resolutionTiming assignments assigns immediate to blockade, lose-an-action, drop-ship, extra-turn, and open-all-roads","status":"passed","title":"assigns immediate to blockade, lose-an-action, drop-ship, extra-turn, and open-all-roads","duration":0.6440000000000055,"failureMessages":[],"meta":{},"tags":[]},{"ancestorTitles":["Card Registry","resolutionTiming assignments"],"fullName":"Card Registry resolutionTiming assignments assigns end-of-round to locate-the-mastermind, bug-a-phone, and reveal-direction","status":"passed","title":"assigns end-of-round to locate-the-mastermind, bug-a-phone, and reveal-direction","duration":0.5544999999999618,"failureMessages":[],"meta":{},"tags":[]},{"ancestorTitles":["Card Registry"],"fullName":"Card Registry every entry has a handler function","status":"passed","title":"every entry has a handler function","duration":0.9633000000001175,"failureMessages":[],"meta":{},"tags":[]},{"ancestorTitles":["Card Registry"],"fullName":"Card Registry every entry identifier matches its map key","status":"passed","title":"every entry identifier matches its map key","duration":0.8010000000001583,"failureMessages":[],"meta":{},"tags":[]},{"ancestorTitles":["Card Dispatcher - dispatchCard","unknown card type rejection"],"fullName":"Card Dispatcher - dispatchCard unknown card type rejection returns UNKNOWN_CARD_TYPE for a completely unknown card","status":"passed","title":"returns UNKNOWN_CARD_TYPE for a completely unknown card","duration":1.8081999999999425,"failureMessages":[],"meta":{},"tags":[]},{"ancestorTitles":["Card Dispatcher - dispatchCard","unknown card type rejection"],"fullName":"Card Dispatcher - dispatchCard unknown card type rejection returns UNKNOWN_CARD_TYPE for legacy card type 'locator'","status":"passed","title":"returns UNKNOWN_CARD_TYPE for legacy card type 'locator'","duration":0.7140999999999167,"failureMessages":[],"meta":{},"tags":[]},{"ancestorTitles":["Card Dispatcher - dispatchCard","unknown card type rejection"],"fullName":"Card Dispatcher - dispatchCard unknown card type rejection returns UNKNOWN_CARD_TYPE for legacy card type 'extra-move'","status":"passed","title":"returns UNKNOWN_CARD_TYPE for legacy card type 'extra-move'","duration":0.34019999999986794,"failureMessages":[],"meta":{},"tags":[]},{"ancestorTitles":["Card Dispatcher - dispatchCard","unknown card type rejection"],"fullName":"Card Dispatcher - dispatchCard unknown card type rejection returns UNKNOWN_CARD_TYPE for legacy card type 'reveal-region'","status":"passed","title":"returns UNKNOWN_CARD_TYPE for legacy card type 'reveal-region'","duration":0.3061000000000149,"failureMessages":[],"meta":{},"tags":[]},{"ancestorTitles":["Card Dispatcher - dispatchCard","unknown card type rejection"],"fullName":"Card Dispatcher - dispatchCard unknown card type rejection returns UNKNOWN_CARD_TYPE for legacy card type 'peek-clue'","status":"passed","title":"returns UNKNOWN_CARD_TYPE for legacy card type 'peek-clue'","duration":0.5570999999999913,"failureMessages":[],"meta":{},"tags":[]},{"ancestorTitles":["Card Dispatcher - dispatchCard","target validation for player-targeted cards (lose-an-action)"],"fullName":"Card Dispatcher - dispatchCard target validation for player-targeted cards (lose-an-action) returns INVALID_CARD_TARGET when no target is provided","status":"passed","title":"returns INVALID_CARD_TARGET when no target is provided","duration":0.7875000000001364,"failureMessages":[],"meta":{},"tags":[]},{"ancestorTitles":["Card Dispatcher - dispatchCard","target validation for player-targeted cards (lose-an-action)"],"fullName":"Card Dispatcher - dispatchCard target validation for player-targeted cards (lose-an-action) returns INVALID_CARD_TARGET when targeting self","status":"passed","title":"returns INVALID_CARD_TARGET when targeting self","duration":0.5491000000001804,"failureMessages":[],"meta":{},"tags":[]},{"ancestorTitles":["Card Dispatcher - dispatchCard","target validation for player-targeted cards (lose-an-action)"],"fullName":"Card Dispatcher - dispatchCard target validation for player-targeted cards (lose-an-action) returns INVALID_CARD_TARGET when target is not a room member","status":"passed","title":"returns INVALID_CARD_TARGET when target is not a room member","duration":4.296499999999924,"failureMessages":[],"meta":{},"tags":[]},{"ancestorTitles":["Card Dispatcher - dispatchCard","target validation for player-targeted cards (lose-an-action)"],"fullName":"Card Dispatcher - dispatchCard target validation for player-targeted cards (lose-an-action) succeeds with valid target who is a room member","status":"passed","title":"succeeds with valid target who is a room member","duration":0.939200000000028,"failureMessages":[],"meta":{},"tags":[]},{"ancestorTitles":["Card Dispatcher - dispatchCard","target validation for non-targeted cards"],"fullName":"Card Dispatcher - dispatchCard target validation for non-targeted cards returns INVALID_CARD_TARGET when target supplied for a non-targeted card","status":"passed","title":"returns INVALID_CARD_TARGET when target supplied for a non-targeted card","duration":0.5665000000001328,"failureMessages":[],"meta":{},"tags":[]},{"ancestorTitles":["Card Dispatcher - dispatchCard","successful dispatch"],"fullName":"Card Dispatcher - dispatchCard successful dispatch returns success: true for a valid non-targeted card with no target","status":"passed","title":"returns success: true for a valid non-targeted card with no target","duration":0.5925999999999476,"failureMessages":[],"meta":{},"tags":[]},{"ancestorTitles":["Card Dispatcher - dispatchCard","successful dispatch"],"fullName":"Card Dispatcher - dispatchCard successful dispatch invokes the handler when dispatch succeeds","status":"passed","title":"invokes the handler when dispatch succeeds","duration":0.634900000000016,"failureMessages":[],"meta":{},"tags":[]}],"startTime":1787513860450,"endTime":1787513860474.635,"status":"passed","message":"","name":"D:/Projects/Shadow-Hunt/lib/turn-engine/__tests__/card-registry-dispatcher.test.ts"},{"assertionResults":[{"ancestorTitles":["Direction Monotonicity — Property 13"],"fullName":"Direction Monotonicity — Property 13 when d > 0, the revealed location is one of the origin's neighbors","status":"passed","title":"when d > 0, the revealed location is one of the origin's neighbors","duration":94.62739999999997,"failureMessages":[],"meta":{},"tags":[]},{"ancestorTitles":["Direction Monotonicity — Property 13"],"fullName":"Direction Monotonicity — Property 13 when d > 0, the revealed location has distance d-1 to the mastermind","status":"passed","title":"when d > 0, the revealed location has distance d-1 to the mastermind","duration":53.470300000000066,"failureMessages":[],"meta":{},"tags":[]},{"ancestorTitles":["Direction Monotonicity — Property 13"],"fullName":"Direction Monotonicity — Property 13 when d == 0, the revealed location equals the origin location","status":"passed","title":"when d == 0, the revealed location equals the origin location","duration":11.798800000000028,"failureMessages":[],"meta":{},"tags":[]},{"ancestorTitles":["Direction Monotonicity — Property 13"],"fullName":"Direction Monotonicity — Property 13 revealed location is always selected from the candidate set (d-1 neighbors only)","status":"passed","title":"revealed location is always selected from the candidate set (d-1 neighbors only)","duration":77.80250000000001,"failureMessages":[],"meta":{},"tags":[]},{"ancestorTitles":["Direction Monotonicity — Property 13"],"fullName":"Direction Monotonicity — Property 13 for varying rng values, all candidates in the d-1 set are reachable","status":"passed","title":"for varying rng values, all candidates in the d-1 set are reachable","duration":8.099300000000085,"failureMessages":[],"meta":{},"tags":[]}],"startTime":1787513853775,"endTime":1787513854021.0994,"status":"passed","message":"","name":"D:/Projects/Shadow-Hunt/lib/turn-engine/__tests__/direction-monotonicity.property.test.ts"},{"assertionResults":[{"ancestorTitles":["Direction Totality — Property 14"],"fullName":"Direction Totality — Property 14 for any connected graph, every (origin, target) pair with d > 0 has a non-empty candidate set","status":"passed","title":"for any connected graph, every (origin, target) pair with d > 0 has a non-empty candidate set","duration":152.21810000000005,"failureMessages":[],"meta":{},"tags":[]},{"ancestorTitles":["Direction Totality — Property 14"],"fullName":"Direction Totality — Property 14 reveal-direction always produces exactly one valid result for any (origin, mastermind) with d > 0","status":"passed","title":"reveal-direction always produces exactly one valid result for any (origin, mastermind) with d > 0","duration":111.49420000000009,"failureMessages":[],"meta":{},"tags":[]},{"ancestorTitles":["Direction Totality — Property 14"],"fullName":"Direction Totality — Property 14 BFS shortest-path tree always has a predecessor at d-1 (graph-theoretic guarantee)","status":"passed","title":"BFS shortest-path tree always has a predecessor at d-1 (graph-theoretic guarantee)","duration":125.08619999999996,"failureMessages":[],"meta":{},"tags":[]},{"ancestorTitles":["Direction Totality — Property 14"],"fullName":"Direction Totality — Property 14 for the d == 0 case, reveal-direction returns the origin location itself","status":"passed","title":"for the d == 0 case, reveal-direction returns the origin location itself","duration":20.969100000000026,"failureMessages":[],"meta":{},"tags":[]}],"startTime":1787513853176,"endTime":1787513853586.969,"status":"passed","message":"","name":"D:/Projects/Shadow-Hunt/lib/turn-engine/__tests__/direction-totality.property.test.ts"},{"assertionResults":[{"ancestorTitles":["Draw Detection Property Tests","Property 1: Draw triggers exactly when round exceeds limit on an active game"],"fullName":"Draw Detection Property Tests Property 1: Draw triggers exactly when round exceeds limit on an active game draw triggers when last player's turn wraps round past maxRoundLimit","status":"failed","title":"draw triggers when last player's turn wraps round past maxRoundLimit","duration":727.2358000000004,"failureMessages":["Error: Property failed after 1 tests\n{ seed: -592834039, path: \"0:0:0\", endOnFailure: true }\nCounterexample: [1,0]\nShrunk 2 time(s)\n\nHint: Enable verbose mode in order to have the list of all failing values encountered during the run\n    at buildError (file:///D:/Projects/Shadow-Hunt/node_modules/fast-check/lib/fast-check.js:2462:16)\n    at asyncThrowIfFailed (file:///D:/Projects/Shadow-Hunt/node_modules/fast-check/lib/fast-check.js:2474:8)\n    at processTicksAndRejections (node:internal/process/task_queues:103:5)"],"meta":{},"tags":[]},{"ancestorTitles":["Draw Detection Property Tests","Property 1: Draw triggers exactly when round exceeds limit on an active game"],"fullName":"Draw Detection Property Tests Property 1: Draw triggers exactly when round exceeds limit on an active game draw does NOT trigger when round does not exceed maxRoundLimit","status":"failed","title":"draw does NOT trigger when round does not exceed maxRoundLimit","duration":885.2601,"failureMessages":["Error: Property failed after 1 tests\n{ seed: 718511460, path: \"0:0:0\", endOnFailure: true }\nCounterexample: [2,0]\nShrunk 2 time(s)\n\nHint: Enable verbose mode in order to have the list of all failing values encountered during the run\n    at buildError (file:///D:/Projects/Shadow-Hunt/node_modules/fast-check/lib/fast-check.js:2462:16)\n    at asyncThrowIfFailed (file:///D:/Projects/Shadow-Hunt/node_modules/fast-check/lib/fast-check.js:2474:8)\n    at processTicksAndRejections (node:internal/process/task_queues:103:5)"],"meta":{},"tags":[]},{"ancestorTitles":["Draw Detection Property Tests","Property 2: Draw never fires on an already-finished game"],"fullName":"Draw Detection Property Tests Property 2: Draw never fires on an already-finished game advanceTurn on a finished room returns { drawDetected: false } without side effects","status":"failed","title":"advanceTurn on a finished room returns { drawDetected: false } without side effects","duration":833.9813999999997,"failureMessages":["Error: Property failed after 1 tests\n{ seed: -101915753, path: \"0:0:0:0\", endOnFailure: true }\nCounterexample: [1,1,0]\nShrunk 3 time(s)\n\nHint: Enable verbose mode in order to have the list of all failing values encountered during the run\n    at buildError (file:///D:/Projects/Shadow-Hunt/node_modules/fast-check/lib/fast-check.js:2462:16)\n    at asyncThrowIfFailed (file:///D:/Projects/Shadow-Hunt/node_modules/fast-check/lib/fast-check.js:2474:8)\n    at processTicksAndRejections (node:internal/process/task_queues:103:5)"],"meta":{},"tags":[]},{"ancestorTitles":["Draw Detection Property Tests","Property 2: Draw never fires on an already-finished game"],"fullName":"Draw Detection Property Tests Property 2: Draw never fires on an already-finished game advanceTurn on a finished room with existing GameResult does not create duplicate","status":"failed","title":"advanceTurn on a finished room with existing GameResult does not create duplicate","duration":646.2794000000004,"failureMessages":["Error: Property failed after 1 tests\n{ seed: 1785990103, path: \"0:0:0\", endOnFailure: true }\nCounterexample: [1,0]\nShrunk 2 time(s)\n\nHint: Enable verbose mode in order to have the list of all failing values encountered during the run\n    at buildError (file:///D:/Projects/Shadow-Hunt/node_modules/fast-check/lib/fast-check.js:2462:16)\n    at asyncThrowIfFailed (file:///D:/Projects/Shadow-Hunt/node_modules/fast-check/lib/fast-check.js:2474:8)\n    at processTicksAndRejections (node:internal/process/task_queues:103:5)"],"meta":{},"tags":[]}],"startTime":1787513840434,"endTime":1787513843527.2793,"status":"failed","message":"","name":"D:/Projects/Shadow-Hunt/lib/turn-engine/__tests__/draw-detection.property.test.ts"},{"assertionResults":[{"ancestorTitles":["Dual Blockade Mutual Restriction — Property 28"],"fullName":"Dual Blockade Mutual Restriction — Property 28 each caster is blocked by the other's blockade for the same transport type","status":"passed","title":"each caster is blocked by the other's blockade for the same transport type","duration":36.09979999999996,"failureMessages":[],"meta":{},"tags":[]},{"ancestorTitles":["Dual Blockade Mutual Restriction — Property 28"],"fullName":"Dual Blockade Mutual Restriction — Property 28 mutual restriction holds across multiple transport types simultaneously","status":"passed","title":"mutual restriction holds across multiple transport types simultaneously","duration":36.91439999999989,"failureMessages":[],"meta":{},"tags":[]},{"ancestorTitles":["Dual Blockade Mutual Restriction — Property 28"],"fullName":"Dual Blockade Mutual Restriction — Property 28 a third player is blocked by both blockades in a dual-blockade scenario","status":"passed","title":"a third player is blocked by both blockades in a dual-blockade scenario","duration":18.764400000000023,"failureMessages":[],"meta":{},"tags":[]}],"startTime":1787513858274,"endTime":1787513858366.7644,"status":"passed","message":"","name":"D:/Projects/Shadow-Hunt/lib/turn-engine/__tests__/dual-blockade-mutual-restriction.property.test.ts"},{"assertionResults":[{"ancestorTitles":["Property 26: Effect Atomicity","Transaction rollback guarantees — serialization conflict undoes all writes"],"fullName":"Property 26: Effect Atomicity Transaction rollback guarantees — serialization conflict undoes all writes when dispatchCard handler throws P2034, the error propagates and no state persists","status":"passed","title":"when dispatchCard handler throws P2034, the error propagates and no state persists","duration":103.09989999999993,"failureMessages":[],"meta":{},"tags":[]},{"ancestorTitles":["Property 26: Effect Atomicity","Transaction rollback guarantees — serialization conflict undoes all writes"],"fullName":"Property 26: Effect Atomicity Transaction rollback guarantees — serialization conflict undoes all writes end-of-round card: when PendingClue creation throws P2034, no partial state exists","status":"passed","title":"end-of-round card: when PendingClue creation throws P2034, no partial state exists","duration":95.4194,"failureMessages":[],"meta":{},"tags":[]},{"ancestorTitles":["Property 26: Effect Atomicity","submitAction error handling — P2034 maps to CONCURRENCY_CONFLICT"],"fullName":"Property 26: Effect Atomicity submitAction error handling — P2034 maps to CONCURRENCY_CONFLICT any card type: when handler throws serialization error, no writes persist outside the tx","status":"passed","title":"any card type: when handler throws serialization error, no writes persist outside the tx","duration":124.06809999999996,"failureMessages":[],"meta":{},"tags":[]},{"ancestorTitles":["Property 26: Effect Atomicity","Atomicity invariants — card consumption only after successful dispatch"],"fullName":"Property 26: Effect Atomicity Atomicity invariants — card consumption only after successful dispatch for any card, successful dispatch precedes card consumption in the call order","status":"passed","title":"for any card, successful dispatch precedes card consumption in the call order","duration":82.29500000000007,"failureMessages":[],"meta":{},"tags":[]}],"startTime":1787513852407,"endTime":1787513852813.295,"status":"passed","message":"","name":"D:/Projects/Shadow-Hunt/lib/turn-engine/__tests__/effect-atomicity.property.test.ts"},{"assertionResults":[{"ancestorTitles":["Event Mutual Exclusivity Property Tests","Property 7: Event mutual exclusivity"],"fullName":"Event Mutual Exclusivity Property Tests Property 7: Event mutual exclusivity win path: exactly 1 game-won event and 0 game-draw events","status":"failed","title":"win path: exactly 1 game-won event and 0 game-draw events","duration":757.5100000000002,"failureMessages":["Error: Property failed after 1 tests\n{ seed: 1446974661, path: \"0:0:0\", endOnFailure: true }\nCounterexample: [0,1]\nShrunk 2 time(s)\n\nHint: Enable verbose mode in order to have the list of all failing values encountered during the run\n    at buildError (file:///D:/Projects/Shadow-Hunt/node_modules/fast-check/lib/fast-check.js:2462:16)\n    at asyncThrowIfFailed (file:///D:/Projects/Shadow-Hunt/node_modules/fast-check/lib/fast-check.js:2474:8)\n    at processTicksAndRejections (node:internal/process/task_queues:103:5)"],"meta":{},"tags":[]},{"ancestorTitles":["Event Mutual Exclusivity Property Tests","Property 7: Event mutual exclusivity"],"fullName":"Event Mutual Exclusivity Property Tests Property 7: Event mutual exclusivity draw path: exactly 1 game-draw event and 0 game-won events","status":"failed","title":"draw path: exactly 1 game-draw event and 0 game-won events","duration":838.9930999999997,"failureMessages":["Error: Property failed after 1 tests\n{ seed: 956045790, path: \"0:0:0:0\", endOnFailure: true }\nCounterexample: [0,0,1]\nShrunk 3 time(s)\n\nHint: Enable verbose mode in order to have the list of all failing values encountered during the run\n    at buildError (file:///D:/Projects/Shadow-Hunt/node_modules/fast-check/lib/fast-check.js:2462:16)\n    at asyncThrowIfFailed (file:///D:/Projects/Shadow-Hunt/node_modules/fast-check/lib/fast-check.js:2474:8)\n    at processTicksAndRejections (node:internal/process/task_queues:103:5)"],"meta":{},"tags":[]},{"ancestorTitles":["Event Mutual Exclusivity Property Tests","Property 7: Event mutual exclusivity"],"fullName":"Event Mutual Exclusivity Property Tests Property 7: Event mutual exclusivity win followed by advanceTurn does not produce a game-draw event (guard clause)","status":"failed","title":"win followed by advanceTurn does not produce a game-draw event (guard clause)","duration":646.8355999999994,"failureMessages":["Error: Property failed after 1 tests\n{ seed: 1126090293, path: \"0:0:0\", endOnFailure: true }\nCounterexample: [0,1]\nShrunk 2 time(s)\n\nHint: Enable verbose mode in order to have the list of all failing values encountered during the run\n    at buildError (file:///D:/Projects/Shadow-Hunt/node_modules/fast-check/lib/fast-check.js:2462:16)\n    at asyncThrowIfFailed (file:///D:/Projects/Shadow-Hunt/node_modules/fast-check/lib/fast-check.js:2474:8)\n    at processTicksAndRejections (node:internal/process/task_queues:103:5)"],"meta":{},"tags":[]}],"startTime":1787513840591,"endTime":1787513842833.8357,"status":"failed","message":"","name":"D:/Projects/Shadow-Hunt/lib/turn-engine/__tests__/event-exclusivity.property.test.ts"},{"assertionResults":[{"ancestorTitles":["Property 31: Event Feed Monotonic Ordering","Multiple calls to emitEvent produce strictly increasing sequence numbers"],"fullName":"Property 31: Event Feed Monotonic Ordering Multiple calls to emitEvent produce strictly increasing sequence numbers for any sequence of events in a room, sequence numbers are strictly monotonically increasing","status":"passed","title":"for any sequence of events in a room, sequence numbers are strictly monotonically increasing","duration":227.90710000000013,"failureMessages":[],"meta":{},"tags":[]},{"ancestorTitles":["Property 31: Event Feed Monotonic Ordering","Multiple calls to emitEvent produce strictly increasing sequence numbers"],"fullName":"Property 31: Event Feed Monotonic Ordering Multiple calls to emitEvent produce strictly increasing sequence numbers sequence numbers remain strictly increasing across varying round numbers","status":"passed","title":"sequence numbers remain strictly increasing across varying round numbers","duration":89.07110000000011,"failureMessages":[],"meta":{},"tags":[]},{"ancestorTitles":["Property 31: Event Feed Monotonic Ordering","extra-turn-started events are ordered after all events from the granting turn"],"fullName":"Property 31: Event Feed Monotonic Ordering extra-turn-started events are ordered after all events from the granting turn extra-turn-started has a higher sequence number than any event emitted during the granting turn","status":"passed","title":"extra-turn-started has a higher sequence number than any event emitted during the granting turn","duration":87.04129999999986,"failureMessages":[],"meta":{},"tags":[]},{"ancestorTitles":["Property 31: Event Feed Monotonic Ordering","extra-turn-started events are ordered after all events from the granting turn"],"fullName":"Property 31: Event Feed Monotonic Ordering extra-turn-started events are ordered after all events from the granting turn multiple extra-turn-started events maintain strict ordering with their respective granting turns","status":"passed","title":"multiple extra-turn-started events maintain strict ordering with their respective granting turns","duration":170.9441999999999,"failureMessages":[],"meta":{},"tags":[]},{"ancestorTitles":["Property 31: Event Feed Monotonic Ordering","extra-turn-started events are ordered after all events from the granting turn"],"fullName":"Property 31: Event Feed Monotonic Ordering extra-turn-started events are ordered after all events from the granting turn extra-turn-started event is distinguishable from granting turn events in the feed","status":"passed","title":"extra-turn-started event is distinguishable from granting turn events in the feed","duration":61.99200000000019,"failureMessages":[],"meta":{},"tags":[]},{"ancestorTitles":["Property 31: Event Feed Monotonic Ordering","sequence number isolation across rooms"],"fullName":"Property 31: Event Feed Monotonic Ordering sequence number isolation across rooms events in different rooms have independent sequence numbers","status":"passed","title":"events in different rooms have independent sequence numbers","duration":114.29379999999992,"failureMessages":[],"meta":{},"tags":[]}],"startTime":1787513855799,"endTime":1787513856552.2937,"status":"passed","message":"","name":"D:/Projects/Shadow-Hunt/lib/turn-engine/__tests__/event-feed-monotonic.property.test.ts"},{"assertionResults":[{"ancestorTitles":["Event Feed Property Tests","Property 18: Event Feed Monotonicity and Completeness"],"fullName":"Event Feed Property Tests Property 18: Event Feed Monotonicity and Completeness sequence numbers are strictly increasing and round numbers are non-decreasing","status":"failed","title":"sequence numbers are strictly increasing and round numbers are non-decreasing","duration":2639.7178999999996,"failureMessages":["Error: Property failed after 1 tests\n{ seed: 1875330531, path: \"0:0:0:0:0:0\", endOnFailure: true }\nCounterexample: [[[\"game-won\",1],[\"game-won\",1]]]\nShrunk 5 time(s)\n\nHint: Enable verbose mode in order to have the list of all failing values encountered during the run\n    at buildError (file:///D:/Projects/Shadow-Hunt/node_modules/fast-check/lib/fast-check.js:2462:16)\n    at asyncThrowIfFailed (file:///D:/Projects/Shadow-Hunt/node_modules/fast-check/lib/fast-check.js:2474:8)\n    at processTicksAndRejections (node:internal/process/task_queues:103:5)"],"meta":{},"tags":[]},{"ancestorTitles":["Event Feed Property Tests","Property 18: Event Feed Monotonicity and Completeness"],"fullName":"Event Feed Property Tests Property 18: Event Feed Monotonicity and Completeness getEventsFeed returns events after the provided sequence number, limited to 50","status":"failed","title":"getEventsFeed returns events after the provided sequence number, limited to 50","duration":207.9038999999998,"failureMessages":["PrismaClientKnownRequestError: \nInvalid `tx.room.create()` invocation in\nD:/Projects/Shadow-Hunt/lib/turn-engine/__tests__/event-feed.property.test.ts:159:38\n\n  156 await prisma\n  157   .$transaction(async (tx) => {\n  158     // Create a test room\n→ 159     const room = await tx.room.create(\nThe column `maxRoundLimit of relation Room` does not exist in the current database.\n    at Jr.handleRequestError (D:\\Projects\\Shadow-Hunt\\node_modules\\@prisma\\client\\runtime\\client.js:65:8286)\n    at Jr.handleAndLogRequestError (D:\\Projects\\Shadow-Hunt\\node_modules\\@prisma\\client\\runtime\\client.js:65:7581)\n    at Jr.request (D:\\Projects\\Shadow-Hunt\\node_modules\\@prisma\\client\\runtime\\client.js:65:7288)\n    at processTicksAndRejections (node:internal/process/task_queues:103:5)\n    at a (D:\\Projects\\Shadow-Hunt\\node_modules\\@prisma\\client\\runtime\\client.js:99:6862)\n    at D:/Projects/Shadow-Hunt/lib/turn-engine/__tests__/event-feed.property.test.ts:159:24\n    at Proxy._transactionWithCallback (D:\\Projects\\Shadow-Hunt\\node_modules\\@prisma\\client\\runtime\\client.js:99:4800)\n    at D:/Projects/Shadow-Hunt/lib/turn-engine/__tests__/event-feed.property.test.ts:156:7\n    at file:///D:/Projects/Shadow-Hunt/node_modules/@vitest/runner/dist/chunk-artifact.js:1903:20"],"meta":{},"tags":[]},{"ancestorTitles":["Event Feed Property Tests","Property 18: Event Feed Monotonicity and Completeness"],"fullName":"Event Feed Property Tests Property 18: Event Feed Monotonicity and Completeness events are correctly typed for each action kind","status":"failed","title":"events are correctly typed for each action kind","duration":221.87419999999975,"failureMessages":["PrismaClientKnownRequestError: \nInvalid `tx.room.create()` invocation in\nD:/Projects/Shadow-Hunt/lib/turn-engine/__tests__/event-feed.property.test.ts:206:38\n\n  203 // Each event type has correct payload shape\n  204 await prisma\n  205   .$transaction(async (tx) => {\n→ 206     const room = await tx.room.create(\nThe column `maxRoundLimit of relation Room` does not exist in the current database.\n    at Jr.handleRequestError (D:\\Projects\\Shadow-Hunt\\node_modules\\@prisma\\client\\runtime\\client.js:65:8286)\n    at Jr.handleAndLogRequestError (D:\\Projects\\Shadow-Hunt\\node_modules\\@prisma\\client\\runtime\\client.js:65:7581)\n    at Jr.request (D:\\Projects\\Shadow-Hunt\\node_modules\\@prisma\\client\\runtime\\client.js:65:7288)\n    at processTicksAndRejections (node:internal/process/task_queues:103:5)\n    at a (D:\\Projects\\Shadow-Hunt\\node_modules\\@prisma\\client\\runtime\\client.js:99:6862)\n    at D:/Projects/Shadow-Hunt/lib/turn-engine/__tests__/event-feed.property.test.ts:206:24\n    at Proxy._transactionWithCallback (D:\\Projects\\Shadow-Hunt\\node_modules\\@prisma\\client\\runtime\\client.js:99:4800)\n    at D:/Projects/Shadow-Hunt/lib/turn-engine/__tests__/event-feed.property.test.ts:204:7\n    at file:///D:/Projects/Shadow-Hunt/node_modules/@vitest/runner/dist/chunk-artifact.js:1903:20"],"meta":{},"tags":[]},{"ancestorTitles":["Event Feed Property Tests","Property 19: Card Validation and Consumption"],"fullName":"Event Feed Property Tests Property 19: Card Validation and Consumption USE_CARD is valid iff card is held and not consumed","status":"passed","title":"USE_CARD is valid iff card is held and not consumed","duration":42.22440000000006,"failureMessages":[],"meta":{},"tags":[]},{"ancestorTitles":["Event Feed Property Tests","Property 19: Card Validation and Consumption"],"fullName":"Event Feed Property Tests Property 19: Card Validation and Consumption USE_CARD for a non-existent card is rejected with INVALID_CARD","status":"passed","title":"USE_CARD for a non-existent card is rejected with INVALID_CARD","duration":33.947799999999916,"failureMessages":[],"meta":{},"tags":[]},{"ancestorTitles":["Event Feed Property Tests","Property 19: Card Validation and Consumption"],"fullName":"Event Feed Property Tests Property 19: Card Validation and Consumption reward always grants full tier regardless of existing hand size","status":"failed","title":"reward always grants full tier regardless of existing hand size","duration":698.7426000000005,"failureMessages":["Error: Property failed after 1 tests\n{ seed: 1021008007, path: \"0:0:0\", endOnFailure: true }\nCounterexample: [0,1]\nShrunk 2 time(s)\n\nHint: Enable verbose mode in order to have the list of all failing values encountered during the run\n    at buildError (file:///D:/Projects/Shadow-Hunt/node_modules/fast-check/lib/fast-check.js:2462:16)\n    at asyncThrowIfFailed (file:///D:/Projects/Shadow-Hunt/node_modules/fast-check/lib/fast-check.js:2474:8)\n    at processTicksAndRejections (node:internal/process/task_queues:103:5)"],"meta":{},"tags":[]}],"startTime":1787513845317,"endTime":1787513849162.7427,"status":"failed","message":"","name":"D:/Projects/Shadow-Hunt/lib/turn-engine/__tests__/event-feed.property.test.ts"},{"assertionResults":[{"ancestorTitles":["Property 8: Extra Turn Count and Order Restoration"],"fullName":"Property 8: Extra Turn Count and Order Restoration player with k pending extra turns takes exactly k extra turns, then normal order resumes","status":"failed","title":"player with k pending extra turns takes exactly k extra turns, then normal order resumes","duration":2815.0346,"failureMessages":["Error: Property failed after 1 tests\n{ seed: -1015810766, path: \"0:0:0:0:0\", endOnFailure: true }\nCounterexample: [2,1,0,1]\nShrunk 4 time(s)\n\nHint: Enable verbose mode in order to have the list of all failing values encountered during the run\n    at buildError (file:///D:/Projects/Shadow-Hunt/node_modules/fast-check/lib/fast-check.js:2462:16)\n    at asyncThrowIfFailed (file:///D:/Projects/Shadow-Hunt/node_modules/fast-check/lib/fast-check.js:2474:8)\n    at processTicksAndRejections (node:internal/process/task_queues:103:5)"],"meta":{},"tags":[]},{"ancestorTitles":["Property 8: Extra Turn Count and Order Restoration"],"fullName":"Property 8: Extra Turn Count and Order Restoration multiple extra-turn plays accumulate and are consumed one at a time","status":"failed","title":"multiple extra-turn plays accumulate and are consumed one at a time","duration":473.5867000000003,"failureMessages":["Error: Property failed after 1 tests\n{ seed: 742576543, path: \"0:0\", endOnFailure: true }\nCounterexample: [3,2]\nShrunk 1 time(s)\n\nHint: Enable verbose mode in order to have the list of all failing values encountered during the run\n    at buildError (file:///D:/Projects/Shadow-Hunt/node_modules/fast-check/lib/fast-check.js:2462:16)\n    at asyncThrowIfFailed (file:///D:/Projects/Shadow-Hunt/node_modules/fast-check/lib/fast-check.js:2474:8)\n    at processTicksAndRejections (node:internal/process/task_queues:103:5)"],"meta":{},"tags":[]}],"startTime":1787513844568,"endTime":1787513847856.5867,"status":"failed","message":"","name":"D:/Projects/Shadow-Hunt/lib/turn-engine/__tests__/extra-turn-count-order.property.test.ts"},{"assertionResults":[{"ancestorTitles":["Extra Turn Round Invariance — Property 7"],"fullName":"Extra Turn Round Invariance — Property 7 advanceTurn with pendingExtraTurns > 0 keeps the same round number","status":"failed","title":"advanceTurn with pendingExtraTurns > 0 keeps the same round number","duration":2357.2434,"failureMessages":["Error: Property failed after 1 tests\n{ seed: -1002353018, path: \"0:0:0:0:0\", endOnFailure: true }\nCounterexample: [2,1,1,0]\nShrunk 4 time(s)\n\nHint: Enable verbose mode in order to have the list of all failing values encountered during the run\n    at buildError (file:///D:/Projects/Shadow-Hunt/node_modules/fast-check/lib/fast-check.js:2462:16)\n    at asyncThrowIfFailed (file:///D:/Projects/Shadow-Hunt/node_modules/fast-check/lib/fast-check.js:2474:8)\n    at processTicksAndRejections (node:internal/process/task_queues:103:5)"],"meta":{},"tags":[]},{"ancestorTitles":["Extra Turn Round Invariance — Property 7"],"fullName":"Extra Turn Round Invariance — Property 7 consuming k extra turns sequentially never changes the round number","status":"failed","title":"consuming k extra turns sequentially never changes the round number","duration":496.90340000000015,"failureMessages":["Error: Property failed after 1 tests\n{ seed: -1787736714, path: \"0:0\", endOnFailure: true }\nCounterexample: [2,1,1]\nShrunk 1 time(s)\n\nHint: Enable verbose mode in order to have the list of all failing values encountered during the run\n    at buildError (file:///D:/Projects/Shadow-Hunt/node_modules/fast-check/lib/fast-check.js:2462:16)\n    at asyncThrowIfFailed (file:///D:/Projects/Shadow-Hunt/node_modules/fast-check/lib/fast-check.js:2474:8)\n    at processTicksAndRejections (node:internal/process/task_queues:103:5)"],"meta":{},"tags":[]},{"ancestorTitles":["Extra Turn Round Invariance — Property 7"],"fullName":"Extra Turn Round Invariance — Property 7 normal advancement wrapping from last player increments round (control case)","status":"failed","title":"normal advancement wrapping from last player increments round (control case)","duration":743.5199000000002,"failureMessages":["Error: Property failed after 1 tests\n{ seed: -2046344495, path: \"0:0:0\", endOnFailure: true }\nCounterexample: [2,1]\nShrunk 2 time(s)\n\nHint: Enable verbose mode in order to have the list of all failing values encountered during the run\n    at buildError (file:///D:/Projects/Shadow-Hunt/node_modules/fast-check/lib/fast-check.js:2462:16)\n    at asyncThrowIfFailed (file:///D:/Projects/Shadow-Hunt/node_modules/fast-check/lib/fast-check.js:2474:8)\n    at processTicksAndRejections (node:internal/process/task_queues:103:5)"],"meta":{},"tags":[]},{"ancestorTitles":["Extra Turn Round Invariance — Property 7"],"fullName":"Extra Turn Round Invariance — Property 7 last player extra turns complete before round increments","status":"failed","title":"last player extra turns complete before round increments","duration":920.1668,"failureMessages":["Error: Property failed after 1 tests\n{ seed: 2100755779, path: \"0:0:0:0\", endOnFailure: true }\nCounterexample: [2,1,1]\nShrunk 3 time(s)\n\nHint: Enable verbose mode in order to have the list of all failing values encountered during the run\n    at buildError (file:///D:/Projects/Shadow-Hunt/node_modules/fast-check/lib/fast-check.js:2462:16)\n    at asyncThrowIfFailed (file:///D:/Projects/Shadow-Hunt/node_modules/fast-check/lib/fast-check.js:2474:8)\n    at processTicksAndRejections (node:internal/process/task_queues:103:5)"],"meta":{},"tags":[]}],"startTime":1787513839434,"endTime":1787513843952.1667,"status":"failed","message":"","name":"D:/Projects/Shadow-Hunt/lib/turn-engine/__tests__/extra-turn-round-invariance.property.test.ts"},{"assertionResults":[{"ancestorTitles":["GameResult Uniqueness Property Tests","Property 5: Exactly one GameResult per finished game"],"fullName":"GameResult Uniqueness Property Tests Property 5: Exactly one GameResult per finished game after a win, exactly one GameResult exists and a second insert is rejected by unique constraint","status":"failed","title":"after a win, exactly one GameResult exists and a second insert is rejected by unique constraint","duration":2018.5751,"failureMessages":["Error: Property failed after 1 tests\n{ seed: -1319228682, path: \"0:0:0\", endOnFailure: true }\nCounterexample: [0,1]\nShrunk 2 time(s)\n\nHint: Enable verbose mode in order to have the list of all failing values encountered during the run\n    at buildError (file:///D:/Projects/Shadow-Hunt/node_modules/fast-check/lib/fast-check.js:2462:16)\n    at asyncThrowIfFailed (file:///D:/Projects/Shadow-Hunt/node_modules/fast-check/lib/fast-check.js:2474:8)\n    at processTicksAndRejections (node:internal/process/task_queues:103:5)"],"meta":{},"tags":[]},{"ancestorTitles":["GameResult Uniqueness Property Tests","Property 5: Exactly one GameResult per finished game"],"fullName":"GameResult Uniqueness Property Tests Property 5: Exactly one GameResult per finished game after a draw, exactly one GameResult exists and a second insert is rejected by unique constraint","status":"failed","title":"after a draw, exactly one GameResult exists and a second insert is rejected by unique constraint","duration":698.8042,"failureMessages":["Error: Property failed after 1 tests\n{ seed: 153853302, path: \"0:0:0\", endOnFailure: true }\nCounterexample: [1,0]\nShrunk 2 time(s)\n\nHint: Enable verbose mode in order to have the list of all failing values encountered during the run\n    at buildError (file:///D:/Projects/Shadow-Hunt/node_modules/fast-check/lib/fast-check.js:2462:16)\n    at asyncThrowIfFailed (file:///D:/Projects/Shadow-Hunt/node_modules/fast-check/lib/fast-check.js:2474:8)\n    at processTicksAndRejections (node:internal/process/task_queues:103:5)"],"meta":{},"tags":[]},{"ancestorTitles":["GameResult Uniqueness Property Tests","Property 5: Exactly one GameResult per finished game"],"fullName":"GameResult Uniqueness Property Tests Property 5: Exactly one GameResult per finished game for any finished game scenario (win or draw), count of GameResult records is always exactly 1","status":"failed","title":"for any finished game scenario (win or draw), count of GameResult records is always exactly 1","duration":972.6809999999996,"failureMessages":["Error: Property failed after 1 tests\n{ seed: -351350171, path: \"0:0:0:0\", endOnFailure: true }\nCounterexample: [false,0,1]\nShrunk 3 time(s)\n\nHint: Enable verbose mode in order to have the list of all failing values encountered during the run\n    at buildError (file:///D:/Projects/Shadow-Hunt/node_modules/fast-check/lib/fast-check.js:2462:16)\n    at asyncThrowIfFailed (file:///D:/Projects/Shadow-Hunt/node_modules/fast-check/lib/fast-check.js:2474:8)\n    at processTicksAndRejections (node:internal/process/task_queues:103:5)"],"meta":{},"tags":[]}],"startTime":1787513839430,"endTime":1787513843119.681,"status":"failed","message":"","name":"D:/Projects/Shadow-Hunt/lib/turn-engine/__tests__/game-result-uniqueness.property.test.ts"},{"assertionResults":[{"ancestorTitles":["Game Result API Response Shape Property Tests","Property 8: Game Result API returns correct shape based on outcome"],"fullName":"Game Result API Response Shape Property Tests Property 8: Game Result API returns correct shape based on outcome win outcome response includes all required fields with correct types","status":"failed","title":"win outcome response includes all required fields with correct types","duration":2333.0609,"failureMessages":["Error: Property failed after 1 tests\n{ seed: 1860728823, path: \"0:0:0:0:0:0\", endOnFailure: true }\nCounterexample: [0,0,1,\" \"]\nShrunk 5 time(s)\n\nHint: Enable verbose mode in order to have the list of all failing values encountered during the run\n    at buildError (file:///D:/Projects/Shadow-Hunt/node_modules/fast-check/lib/fast-check.js:2462:16)\n    at asyncThrowIfFailed (file:///D:/Projects/Shadow-Hunt/node_modules/fast-check/lib/fast-check.js:2474:8)\n    at processTicksAndRejections (node:internal/process/task_queues:103:5)"],"meta":{},"tags":[]},{"ancestorTitles":["Game Result API Response Shape Property Tests","Property 8: Game Result API returns correct shape based on outcome"],"fullName":"Game Result API Response Shape Property Tests Property 8: Game Result API returns correct shape based on outcome draw outcome response includes all required fields with correct types","status":"failed","title":"draw outcome response includes all required fields with correct types","duration":621.1985999999997,"failureMessages":["Error: Property failed after 1 tests\n{ seed: -1511469827, path: \"0:0:0\", endOnFailure: true }\nCounterexample: [0,1]\nShrunk 2 time(s)\n\nHint: Enable verbose mode in order to have the list of all failing values encountered during the run\n    at buildError (file:///D:/Projects/Shadow-Hunt/node_modules/fast-check/lib/fast-check.js:2462:16)\n    at asyncThrowIfFailed (file:///D:/Projects/Shadow-Hunt/node_modules/fast-check/lib/fast-check.js:2474:8)\n    at processTicksAndRejections (node:internal/process/task_queues:103:5)"],"meta":{},"tags":[]},{"ancestorTitles":["Game Result API Response Shape Property Tests","Property 8: Game Result API returns correct shape based on outcome"],"fullName":"Game Result API Response Shape Property Tests Property 8: Game Result API returns correct shape based on outcome in-progress game returns only outcome field with no result data","status":"failed","title":"in-progress game returns only outcome field with no result data","duration":412.73099999999977,"failureMessages":["Error: Property failed after 1 tests\n{ seed: -453918160, path: \"0:0\", endOnFailure: true }\nCounterexample: [\"waiting\"]\nShrunk 1 time(s)\n\nHint: Enable verbose mode in order to have the list of all failing values encountered during the run\n    at buildError (file:///D:/Projects/Shadow-Hunt/node_modules/fast-check/lib/fast-check.js:2462:16)\n    at asyncThrowIfFailed (file:///D:/Projects/Shadow-Hunt/node_modules/fast-check/lib/fast-check.js:2474:8)\n    at processTicksAndRejections (node:internal/process/task_queues:103:5)"],"meta":{},"tags":[]}],"startTime":1787513844545,"endTime":1787513847911.731,"status":"failed","message":"","name":"D:/Projects/Shadow-Hunt/lib/turn-engine/__tests__/game-result.property.test.ts"},{"assertionResults":[{"ancestorTitles":["Information Hiding Property Tests","Property 17: Information Hiding in Responses"],"fullName":"Information Hiding Property Tests Property 17: Information Hiding in Responses poll response does not contain Mastermind locationId or uncaptured Spy locationIds","status":"failed","title":"poll response does not contain Mastermind locationId or uncaptured Spy locationIds","duration":2151.4314000000004,"failureMessages":["Error: Property failed after 1 tests\n{ seed: -1429197029, path: \"0:0:0:0:0\", endOnFailure: true }\nCounterexample: [0,2,0,0,1,1]\nShrunk 4 time(s)\n\nHint: Enable verbose mode in order to have the list of all failing values encountered during the run\n    at buildError (file:///D:/Projects/Shadow-Hunt/node_modules/fast-check/lib/fast-check.js:2462:16)\n    at asyncThrowIfFailed (file:///D:/Projects/Shadow-Hunt/node_modules/fast-check/lib/fast-check.js:2474:8)\n    at processTicksAndRejections (node:internal/process/task_queues:103:5)"],"meta":{},"tags":[]},{"ancestorTitles":["Information Hiding Property Tests","Property 17: Information Hiding in Responses"],"fullName":"Information Hiding Property Tests Property 17: Information Hiding in Responses player B cannot see player A notebook entries in poll response","status":"failed","title":"player B cannot see player A notebook entries in poll response","duration":3470.571099999999,"failureMessages":["Error: Property failed after 1 tests\n{ seed: 168272861, path: \"0:0:0:0:0\", endOnFailure: true }\nCounterexample: [0,0,0,1,1,1]\nShrunk 4 time(s)\n\nHint: Enable verbose mode in order to have the list of all failing values encountered during the run\n    at buildError (file:///D:/Projects/Shadow-Hunt/node_modules/fast-check/lib/fast-check.js:2462:16)\n    at asyncThrowIfFailed (file:///D:/Projects/Shadow-Hunt/node_modules/fast-check/lib/fast-check.js:2474:8)\n    at processTicksAndRejections (node:internal/process/task_queues:103:5)"],"meta":{},"tags":[]}],"startTime":1787513840667,"endTime":1787513846289.571,"status":"failed","message":"","name":"D:/Projects/Shadow-Hunt/lib/turn-engine/__tests__/information-hiding.property.test.ts"},{"assertionResults":[{"ancestorTitles":["Property 4: Map Immutability"],"fullName":"Property 4: Map Immutability no card handler sequence mutates adjacency, location, or region tables","status":"passed","title":"no card handler sequence mutates adjacency, location, or region tables","duration":282.4388,"failureMessages":[],"meta":{},"tags":[]},{"ancestorTitles":["Property 4: Map Immutability"],"fullName":"Property 4: Map Immutability blockade creation never writes to adjacency table","status":"passed","title":"blockade creation never writes to adjacency table","duration":236.13159999999993,"failureMessages":[],"meta":{},"tags":[]},{"ancestorTitles":["Property 4: Map Immutability"],"fullName":"Property 4: Map Immutability open-all-roads lifting blockades never modifies adjacency, location, or region rows","status":"passed","title":"open-all-roads lifting blockades never modifies adjacency, location, or region rows","duration":248.53340000000003,"failureMessages":[],"meta":{},"tags":[]},{"ancestorTitles":["Property 4: Map Immutability"],"fullName":"Property 4: Map Immutability drop-ship reads locations but never writes to adjacency, location, or region","status":"passed","title":"drop-ship reads locations but never writes to adjacency, location, or region","duration":155.66599999999994,"failureMessages":[],"meta":{},"tags":[]}],"startTime":1787513852378,"endTime":1787513853301.666,"status":"passed","message":"","name":"D:/Projects/Shadow-Hunt/lib/turn-engine/__tests__/map-immutability.property.test.ts"},{"assertionResults":[{"ancestorTitles":["Mastermind Location Never Leaked — Property 24"],"fullName":"Mastermind Location Never Leaked — Property 24 event feed entries never contain the mastermind location ID","status":"passed","title":"event feed entries never contain the mastermind location ID","duration":76.8614,"failureMessages":[],"meta":{},"tags":[]},{"ancestorTitles":["Mastermind Location Never Leaked — Property 24"],"fullName":"Mastermind Location Never Leaked — Property 24 notebook entries (d > 0 cases) never contain the mastermind location ID","status":"passed","title":"notebook entries (d > 0 cases) never contain the mastermind location ID","duration":90.24799999999982,"failureMessages":[],"meta":{},"tags":[]},{"ancestorTitles":["Mastermind Location Never Leaked — Property 24"],"fullName":"Mastermind Location Never Leaked — Property 24 mastermind_direction entry with d=0 is the ONLY allowed case where mastermind location appears","status":"passed","title":"mastermind_direction entry with d=0 is the ONLY allowed case where mastermind location appears","duration":93.74099999999999,"failureMessages":[],"meta":{},"tags":[]},{"ancestorTitles":["Mastermind Location Never Leaked — Property 24"],"fullName":"Mastermind Location Never Leaked — Property 24 full poll state with in-progress game never leaks mastermind location outside the d=0 exception","status":"passed","title":"full poll state with in-progress game never leaks mastermind location outside the d=0 exception","duration":55.99000000000001,"failureMessages":[],"meta":{},"tags":[]},{"ancestorTitles":["Mastermind Location Never Leaked — Property 24"],"fullName":"Mastermind Location Never Leaked — Property 24 when a player happens to be at the mastermind location, their position appears in poll but only as player location data","status":"passed","title":"when a player happens to be at the mastermind location, their 
[...]
eMessages":[],"meta":{},"tags":[]},{"ancestorTitles":["Drop Ship Destination Validity — Property 9"],"fullName":"Drop Ship Destination Validity — Property 9 when no location is >= 4 away in another region, destination has max distance among options","status":"passed","title":"when no location is >= 4 away in another region, destination has max distance among options","duration":51.99829999999997,"failureMessages":[],"meta":{},"tags":[]},{"ancestorTitles":["Drop Ship Destination Validity — Property 9"],"fullName":"Drop Ship Destination Validity — Property 9 the algorithm always produces a valid destination (never empty selection)","status":"passed","title":"the algorithm always produces a valid destination (never empty selection)","duration":46.32639999999992,"failureMessages":[],"meta":{},"tags":[]},{"ancestorTitles":["Drop Ship Destination Validity — Property 9"],"fullName":"Drop Ship Destination Validity — Property 9 for all rng values [0, 1), destination is always within the eligible set","status":"passed","title":"for all rng values [0, 1), destination is always within the eligible set","duration":38.87540000000013,"failureMessages":[],"meta":{},"tags":[]}],"startTime":1787513854420,"endTime":1787513854660.8755,"status":"passed","message":"","name":"D:/Projects/Shadow-Hunt/lib/turn-engine/cards/effects/__tests__/drop-ship-destination.property.test.ts"},{"assertionResults":[{"ancestorTitles":["Drop Ship Ignores Blockades — Property 10"],"fullName":"Drop Ship Ignores Blockades — Property 10 USE_CARD validation passes regardless of blockade state","status":"passed","title":"USE_CARD validation passes regardless of blockade state","duration":20.481899999999996,"failureMessages":[],"meta":{},"tags":[]},{"ancestorTitles":["Drop Ship Ignores Blockades — Property 10"],"fullName":"Drop Ship Ignores Blockades — Property 10 USE_CARD validation passes even when all transports are blocked","status":"passed","title":"USE_CARD validation passes even when all transports are blocked","duration":7.583499999999958,"failureMessages":[],"meta":{},"tags":[]},{"ancestorTitles":["Drop Ship Ignores Blockades — Property 10"],"fullName":"Drop Ship Ignores Blockades — Property 10 MOVE actions are blocked by active blockades (contrast)","status":"passed","title":"MOVE actions are blocked by active blockades (contrast)","duration":17.560699999999997,"failureMessages":[],"meta":{},"tags":[]}],"startTime":1787513859802,"endTime":1787513859847.5608,"status":"passed","message":"","name":"D:/Projects/Shadow-Hunt/lib/turn-engine/cards/effects/__tests__/drop-ship-ignores-blockades.property.test.ts"},{"assertionResults":[{"ancestorTitles":["Open All Roads Universal Wipe — Property 3"],"fullName":"Open All Roads Universal Wipe — Property 3 after playing open-all-roads, all active blockades are lifted (universal wipe)","status":"passed","title":"after playing open-all-roads, all active blockades are lifted (universal wipe)","duration":105.44060000000002,"failureMessages":[],"meta":{},"tags":[]},{"ancestorTitles":["Open All Roads Universal Wipe — Property 3"],"fullName":"Open All Roads Universal Wipe — Property 3 playing open-all-roads a second time produces the same empty result (idempotence)","status":"passed","title":"playing open-all-roads a second time produces the same empty result (idempotence)","duration":69.97590000000014,"failureMessages":[],"meta":{},"tags":[]},{"ancestorTitles":["Open All Roads Universal Wipe — Property 3"],"fullName":"Open All Roads Universal Wipe — Property 3 open-all-roads lifts blockades of ALL transport types equally","status":"passed","title":"open-all-roads lifts blockades of ALL transport types equally","duration":38.25519999999983,"failureMessages":[],"meta":{},"tags":[]},{"ancestorTitles":["Open All Roads Universal Wipe — Property 3"],"fullName":"Open All Roads Universal Wipe — Property 3 open-all-roads lifts blockades from all casters including the playing player","status":"passed","title":"open-all-roads lifts blockades from all casters including the playing player","duration":38.15229999999997,"failureMessages":[],"meta":{},"tags":[]}],"startTime":1787513852510,"endTime":1787513852762.1523,"status":"passed","message":"","name":"D:/Projects/Shadow-Hunt/lib/turn-engine/cards/effects/__tests__/open-all-roads-wipe.property.test.ts"},{"assertionResults":[{"ancestorTitles":["Penalty Non-Stacking Cap — Property 6"],"fullName":"Penalty Non-Stacking Cap — Property 6 applying handleLoseAnAction k times (k >= 1) always results in actionPenaltyFlag: true","status":"passed","title":"applying handleLoseAnAction k times (k >= 1) always results in actionPenaltyFlag: true","duration":82.2610000000002,"failureMessages":[],"meta":{},"tags":[]},{"ancestorTitles":["Penalty Non-Stacking Cap — Property 6"],"fullName":"Penalty Non-Stacking Cap — Property 6 action budget with penalty flag set is always exactly 1 (Default - 1)","status":"passed","title":"action budget with penalty flag set is always exactly 1 (Default - 1)","duration":12.466400000000021,"failureMessages":[],"meta":{},"tags":[]},{"ancestorTitles":["Penalty Non-Stacking Cap — Property 6"],"fullName":"Penalty Non-Stacking Cap — Property 6 penalty never reduces budget below Minimum_Action_Budget","status":"passed","title":"penalty never reduces budget below Minimum_Action_Budget","duration":23.118999999999915,"failureMessages":[],"meta":{},"tags":[]},{"ancestorTitles":["Penalty Non-Stacking Cap — Property 6"],"fullName":"Penalty Non-Stacking Cap — Property 6 single application produces identical state to k > 1 applications (idempotence)","status":"passed","title":"single application produces identical state to k > 1 applications (idempotence)","duration":33.012699999999995,"failureMessages":[],"meta":{},"tags":[]}],"startTime":1787513857816,"endTime":1787513857967.0127,"status":"passed","message":"","name":"D:/Projects/Shadow-Hunt/lib/turn-engine/cards/effects/__tests__/penalty-non-stacking.property.test.ts"},{"assertionResults":[{"ancestorTitles":["POST /api/game/[roomId]/action","authentication"],"fullName":"POST /api/game/[roomId]/action authentication returns 401 when no player-id cookie is present","status":"passed","title":"returns 401 when no player-id cookie is present","duration":19.495300000000043,"failureMessages":[],"meta":{},"tags":[]},{"ancestorTitles":["POST /api/game/[roomId]/action","authentication"],"fullName":"POST /api/game/[roomId]/action authentication returns 401 when cookie header has no player-id","status":"passed","title":"returns 401 when cookie header has no player-id","duration":2.592800000000125,"failureMessages":[],"meta":{},"tags":[]},{"ancestorTitles":["POST /api/game/[roomId]/action","request validation"],"fullName":"POST /api/game/[roomId]/action request validation returns 400 when body is invalid JSON","status":"passed","title":"returns 400 when body is invalid JSON","duration":2.26520000000005,"failureMessages":[],"meta":{},"tags":[]},{"ancestorTitles":["POST /api/game/[roomId]/action","request validation"],"fullName":"POST /api/game/[roomId]/action request validation returns 400 when body is missing actionType","status":"passed","title":"returns 400 when body is missing actionType","duration":2.215599999999995,"failureMessages":[],"meta":{},"tags":[]},{"ancestorTitles":["POST /api/game/[roomId]/action","full turn cycle (action budget system)"],"fullName":"POST /api/game/[roomId]/action full turn cycle (action budget system) returns 200 with actionsRemaining on successful action","status":"passed","title":"returns 200 with actionsRemaining on successful action","duration":6.136099999999942,"failureMessages":[],"meta":{},"tags":[]},{"ancestorTitles":["POST /api/game/[roomId]/action","full turn cycle (action budget system)"],"fullName":"POST /api/game/[roomId]/action full turn cycle (action budget system) returns 200 with resolution data when actionsRemaining reaches 0","status":"passed","title":"returns 200 with resolution data when actionsRemaining reaches 0","duration":2.3739000000000487,"failureMessages":[],"meta":{},"tags":[]},{"ancestorTitles":["POST /api/game/[roomId]/action","full turn cycle (action budget system)"],"fullName":"POST /api/game/[roomId]/action full turn cycle (action budget system) passes correct roomId from route params","status":"passed","title":"passes correct roomId from route params","duration":1.736599999999953,"failureMessages":[],"meta":{},"tags":[]},{"ancestorTitles":["POST /api/game/[roomId]/action","not-your-turn rejection (wrong player -> 403)"],"fullName":"POST /api/game/[roomId]/action not-your-turn rejection (wrong player -> 403) returns 403 when submitAction returns NOT_YOUR_TURN error","status":"passed","title":"returns 403 when submitAction returns NOT_YOUR_TURN error","duration":1.4121999999999844,"failureMessages":[],"meta":{},"tags":[]},{"ancestorTitles":["POST /api/game/[roomId]/action","invalid move rejection (non-adjacent -> 422)"],"fullName":"POST /api/game/[roomId]/action invalid move rejection (non-adjacent -> 422) returns 422 when submitAction returns INVALID_MOVE error","status":"passed","title":"returns 422 when submitAction returns INVALID_MOVE error","duration":1.677699999999959,"failureMessages":[],"meta":{},"tags":[]},{"ancestorTitles":["POST /api/game/[roomId]/action","invalid move rejection (non-adjacent -> 422)"],"fullName":"POST /api/game/[roomId]/action invalid move rejection (non-adjacent -> 422) returns 422 when submitAction returns INVALID_TRANSPORT error","status":"passed","title":"returns 422 when submitAction returns INVALID_TRANSPORT error","duration":1.8367000000000644,"failureMessages":[],"meta":{},"tags":[]},{"ancestorTitles":["POST /api/game/[roomId]/action","invalid move rejection (non-adjacent -> 422)"],"fullName":"POST /api/game/[roomId]/action invalid move rejection (non-adjacent -> 422) returns 422 when submitAction returns SAME_LOCATION_MOVE error","status":"passed","title":"returns 422 when submitAction returns SAME_LOCATION_MOVE error","duration":1.3614999999999782,"failureMessages":[],"meta":{},"tags":[]},{"ancestorTitles":["POST /api/game/[roomId]/action","invalid move rejection (non-adjacent -> 422)"],"fullName":"POST /api/game/[roomId]/action invalid move rejection (non-adjacent -> 422) returns 422 when submitAction returns DUPLICATE_CAPTURE_ATTEMPT error","status":"passed","title":"returns 422 when submitAction returns DUPLICATE_CAPTURE_ATTEMPT error","duration":1.169399999999996,"failureMessages":[],"meta":{},"tags":[]},{"ancestorTitles":["POST /api/game/[roomId]/action","game-end flow (win -> room status finished, subsequent actions rejected)"],"fullName":"POST /api/game/[roomId]/action game-end flow (win -> room status finished, subsequent actions rejected) returns 200 with game-won resolution on successful capture","status":"passed","title":"returns 200 with game-won resolution on successful capture","duration":1.2497000000000753,"failureMessages":[],"meta":{},"tags":[]},{"ancestorTitles":["POST /api/game/[roomId]/action","game-end flow (win -> room status finished, subsequent actions rejected)"],"fullName":"POST /api/game/[roomId]/action game-end flow (win -> room status finished, subsequent actions rejected) returns 409 when game is no longer active (finished)","status":"passed","title":"returns 409 when game is no longer active (finished)","duration":1.1950000000001637,"failureMessages":[],"meta":{},"tags":[]},{"ancestorTitles":["POST /api/game/[roomId]/action","concurrency (race two requests, only one succeeds)"],"fullName":"POST /api/game/[roomId]/action concurrency (race two requests, only one succeeds) returns 409 when submitAction returns CONCURRENCY_CONFLICT error","status":"passed","title":"returns 409 when submitAction returns CONCURRENCY_CONFLICT error","duration":1.156500000000051,"failureMessages":[],"meta":{},"tags":[]},{"ancestorTitles":["POST /api/game/[roomId]/action","concurrency (race two requests, only one succeeds)"],"fullName":"POST /api/game/[roomId]/action concurrency (race two requests, only one succeeds) handles race condition: first request succeeds, second gets conflict","status":"passed","title":"handles race condition: first request succeeds, second gets conflict","duration":3.049099999999953,"failureMessages":[],"meta":{},"tags":[]},{"ancestorTitles":["POST /api/game/[roomId]/action","additional error code mappings"],"fullName":"POST /api/game/[roomId]/action additional error code mappings returns 404 when player is NOT_IN_ROOM","status":"passed","title":"returns 404 when player is NOT_IN_ROOM","duration":1.109899999999925,"failureMessages":[],"meta":{},"tags":[]},{"ancestorTitles":["POST /api/game/[roomId]/action","additional error code mappings"],"fullName":"POST /api/game/[roomId]/action additional error code mappings returns 422 when INVALID_CARD error","status":"passed","title":"returns 422 when INVALID_CARD error","duration":0.926300000000083,"failureMessages":[],"meta":{},"tags":[]},{"ancestorTitles":["POST /api/game/[roomId]/action","additional error code mappings"],"fullName":"POST /api/game/[roomId]/action additional error code mappings returns 422 when NO_ACTIONS_REMAINING error","status":"passed","title":"returns 422 when NO_ACTIONS_REMAINING error","duration":0.883199999999988,"failureMessages":[],"meta":{},"tags":[]}],"startTime":1787513859068,"endTime":1787513859123.8833,"status":"passed","message":"","name":"D:/Projects/Shadow-Hunt/app/api/game/[roomId]/action/__tests__/action.route.test.ts"},{"assertionResults":[{"ancestorTitles":["GET /api/game/[roomId]/result","authentication (Requirement 9.7)"],"fullName":"GET /api/game/[roomId]/result authentication (Requirement 9.7) returns 401 when no player-id cookie is present","status":"passed","title":"returns 401 when no player-id cookie is present","duration":16.637199999999893,"failureMessages":[],"meta":{},"tags":[]},{"ancestorTitles":["GET /api/game/[roomId]/result","authentication (Requirement 9.7)"],"fullName":"GET /api/game/[roomId]/result authentication (Requirement 9.7) returns 401 when cookie header has no player-id","status":"passed","title":"returns 401 when cookie header has no player-id","duration":2.3743999999999232,"failureMessages":[],"meta":{},"tags":[]},{"ancestorTitles":["GET /api/game/[roomId]/result","access control (Requirement 9.5)"],"fullName":"GET /api/game/[roomId]/result access control (Requirement 9.5) returns 403 when player is not a room member","status":"passed","title":"returns 403 when player is not a room member","duration":2.4380999999998494,"failureMessages":[],"meta":{},"tags":[]},{"ancestorTitles":["GET /api/game/[roomId]/result","room not found (Requirement 9.8)"],"fullName":"GET /api/game/[roomId]/result room not found (Requirement 9.8) returns 404 when room does not exist","status":"passed","title":"returns 404 when room does not exist","duration":1.9287000000001626,"failureMessages":[],"meta":{},"tags":[]},{"ancestorTitles":["GET /api/game/[roomId]/result","in-progress game (Requirement 9.4)"],"fullName":"GET /api/game/[roomId]/result in-progress game (Requirement 9.4) returns 200 with in-progress outcome when game is not finished","status":"passed","title":"returns 200 with in-progress outcome when game is not finished","duration":3.3840999999999894,"failureMessages":[],"meta":{},"tags":[]},{"ancestorTitles":["GET /api/game/[roomId]/result","win outcome (Requirement 9.2)"],"fullName":"GET /api/game/[roomId]/result win outcome (Requirement 9.2) returns 200 with complete win response shape","status":"passed","title":"returns 200 with complete win response shape","duration":1.9544000000000779,"failureMessages":[],"meta":{},"tags":[]},{"ancestorTitles":["GET /api/game/[roomId]/result","win outcome (Requirement 9.2)"],"fullName":"GET /api/game/[roomId]/result win outcome (Requirement 9.2) passes correct roomId and playerId to getGameResult","status":"passed","title":"passes correct roomId and playerId to getGameResult","duration":4.781299999999874,"failureMessages":[],"meta":{},"tags":[]},{"ancestorTitles":["GET /api/game/[roomId]/result","draw outcome (Requirement 9.3)"],"fullName":"GET /api/game/[roomId]/result draw outcome (Requirement 9.3) returns 200 with complete draw response shape","status":"passed","title":"returns 200 with complete draw response shape","duration":1.8210999999998876,"failureMessages":[],"meta":{},"tags":[]},{"ancestorTitles":["GET /api/game/[roomId]/result","internal server error"],"fullName":"GET /api/game/[roomId]/result internal server error returns 500 when an unexpected error occurs","status":"passed","title":"returns 500 when an unexpected error occurs","duration":1.8328000000001339,"failureMessages":[],"meta":{},"tags":[]}],"startTime":1787513859984,"endTime":1787513860021.8328,"status":"passed","message":"","name":"D:/Projects/Shadow-Hunt/app/api/game/[roomId]/result/__tests__/route.test.ts"},{"assertionResults":[{"ancestorTitles":["GET /api/game/[roomId]/state"],"fullName":"GET /api/game/[roomId]/state returns 401 when no player-id cookie is present","status":"passed","title":"returns 401 when no player-id cookie is present","duration":19.082599999999957,"failureMessages":[],"meta":{},"tags":[]},{"ancestorTitles":["GET /api/game/[roomId]/state"],"fullName":"GET /api/game/[roomId]/state returns 200 with full game state on success","status":"passed","title":"returns 200 with full game state on success","duration":13.202599999999848,"failureMessages":[],"meta":{},"tags":[]},{"ancestorTitles":["GET /api/game/[roomId]/state"],"fullName":"GET /api/game/[roomId]/state passes afterSequence query param to getGamePollState","status":"passed","title":"passes afterSequence query param to getGamePollState","duration":23.12799999999993,"failureMessages":[],"meta":{},"tags":[]},{"ancestorTitles":["GET /api/game/[roomId]/state"],"fullName":"GET /api/game/[roomId]/state returns 403 when player is not a member of the room","status":"passed","title":"returns 403 when player is not a member of the room","duration":3.3268000000000484,"failureMessages":[],"meta":{},"tags":[]},{"ancestorTitles":["GET /api/game/[roomId]/state"],"fullName":"GET /api/game/[roomId]/state returns 404 when room does not exist","status":"passed","title":"returns 404 when room does not exist","duration":4.294600000000173,"failureMessages":[],"meta":{},"tags":[]},{"ancestorTitles":["GET /api/game/[roomId]/state"],"fullName":"GET /api/game/[roomId]/state response includes players array with position data","status":"passed","title":"response includes players array with position data","duration":1.9710999999999785,"failureMessages":[],"meta":{},"tags":[]},{"ancestorTitles":["GET /api/game/[roomId]/state"],"fullName":"GET /api/game/[roomId]/state response includes private data structure for requesting player","status":"passed","title":"response includes private data structure for requesting player","duration":1.9981000000000222,"failureMessages":[],"meta":{},"tags":[]},{"ancestorTitles":["GET /api/game/[roomId]/state"],"fullName":"GET /api/game/[roomId]/state does not expose hidden state (Mastermind or Spy locations)","status":"passed","title":"does not expose hidden state (Mastermind or Spy locations)","duration":1.7549999999998818,"failureMessages":[],"meta":{},"tags":[]},{"ancestorTitles":["GET /api/game/[roomId]/state"],"fullName":"GET /api/game/[roomId]/state calls getGamePollState without afterSequence when query param is absent","status":"passed","title":"calls getGamePollState without afterSequence when query param is absent","duration":1.287900000000036,"failureMessages":[],"meta":{},"tags":[]},{"ancestorTitles":["GET /api/game/[roomId]/state"],"fullName":"GET /api/game/[roomId]/state returns 500 for unexpected errors","status":"passed","title":"returns 500 for unexpected errors","duration":1.774599999999964,"failureMessages":[],"meta":{},"tags":[]}],"startTime":1787513859610,"endTime":1787513859681.7747,"status":"passed","message":"","name":"D:/Projects/Shadow-Hunt/app/api/game/[roomId]/state/__tests__/state.route.test.ts"}]}