{"numTotalTestSuites":7,"numPassedTestSuites":7,"numFailedTestSuites":0,"numPendingTestSuites":0,"numTotalTests":5,"numPassedTests":5,"numFailedTests":0,"numPendingTests":0,"numTodoTests":0,"snapshot":{"added":0,"failure":false,"filesAdded":0,"filesRemoved":0,"filesRemovedList":[],"filesUnmatched":0,"filesUpdated":0,"matched":0,"total":0,"unchecked":0,"uncheckedKeysByFile":[],"unmatched":0,"updated":0,"didUpdate":false},"startTime":1787262033612,"success":true,"testResults":[{"assertionResults":[{"ancestorTitles":["Graph Invariants Property Tests","Property 12: Seed idempotency"],"fullName":"Graph Invariants Property Tests Property 12: Seed idempotency re-upserting all regions leaves counts unchanged (idempotent)","status":"passed","title":"re-upserting all regions leaves counts unchanged (idempotent)","duration":3307.2028,"failureMessages":[],"meta":{},"tags":[]},{"ancestorTitles":["Graph Invariants Property Tests","Property 2: No self-loops"],"fullName":"Graph Invariants Property Tests Property 2: No self-loops for any edge, endpoints are distinct","status":"passed","title":"for any edge, endpoints are distinct","duration":5.110599999999977,"failureMessages":[],"meta":{},"tags":[]},{"ancestorTitles":["Graph Invariants Property Tests","Property 4: Canonical edge ordering"],"fullName":"Graph Invariants Property Tests Property 4: Canonical edge ordering for any edge, locationAId < locationBId lexicographically","status":"passed","title":"for any edge, locationAId < locationBId lexicographically","duration":2.0509000000001834,"failureMessages":[],"meta":{},"tags":[]},{"ancestorTitles":["Graph Invariants Property Tests","Property 3: Minimum adjacency degree"],"fullName":"Graph Invariants Property Tests Property 3: Minimum adjacency degree every location has degree >= 2","status":"passed","title":"every location has degree >= 2","duration":5.3838000000005195,"failureMessages":[],"meta":{},"tags":[]},{"ancestorTitles":["Graph Invariants Property Tests","Property 6: Full graph connectivity"],"fullName":"Graph Invariants Property Tests Property 6: Full graph connectivity BFS from any node reaches all 40 nodes","status":"passed","title":"BFS from any node reaches all 40 nodes","duration":5.889799999999923,"failureMessages":[],"meta":{},"tags":[]}],"startTime":1787262034735,"endTime":1787262038061.89,"status":"passed","message":"","name":"D:/Projects/Shadow-Hunt/lib/map/__tests__/graph-invariants.property.test.ts"}]}