{"numTotalTestSuites":3,"numPassedTestSuites":0,"numFailedTestSuites":3,"numPendingTestSuites":0,"numTotalTests":5,"numPassedTests":0,"numFailedTests":5,"numPendingTests":0,"numTodoTests":0,"snapshot":{"added":0,"failure":false,"filesAdded":0,"filesRemoved":0,"filesRemovedList":[],"filesUnmatched":0,"filesUpdated":0,"matched":0,"total":0,"unchecked":0,"uncheckedKeysByFile":[],"unmatched":0,"updated":0,"didUpdate":false},"startTime":1787475079720,"success":false,"testResults":[{"assertionResults":[{"ancestorTitles":["maxRoundLimit Validation Property Tests","Property 3: maxRoundLimit validation"],"fullName":"maxRoundLimit Validation Property Tests Property 3: maxRoundLimit validation valid integer values in [1, 100] are accepted (do not return INVALID_ROUND_LIMIT)","status":"failed","title":"valid integer values in [1, 100] are accepted (do not return INVALID_ROUND_LIMIT)","duration":187.2301,"failureMessages":["Error: Property failed after 1 tests\n{ seed: -1918154848, path: \"0:0\", endOnFailure: true }\nCounterexample: [1]\nShrunk 1 time(s)\n\nHint: Enable verbose mode in order to have the list of all failing values encountered during the run\n    at buildError (file:///D:/Projects/Shadow-Hunt/node_modules/fast-check/lib/fast-check.js:2462:16)\n    at asyncThrowIfFailed (file:///D:/Projects/Shadow-Hunt/node_modules/fast-check/lib/fast-check.js:2474:8)\n    at processTicksAndRejections (node:internal/process/task_queues:103:5)"],"meta":{},"tags":[]},{"ancestorTitles":["maxRoundLimit Validation Property Tests","Property 3: maxRoundLimit validation"],"fullName":"maxRoundLimit Validation Property Tests Property 3: maxRoundLimit validation integer values < 1 are rejected with INVALID_ROUND_LIMIT","status":"failed","title":"integer values < 1 are rejected with INVALID_ROUND_LIMIT","duration":194.25650000000007,"failureMessages":["Error: Property failed after 1 tests\n{ seed: -1937439889, path: \"0:0\", endOnFailure: true }\nCounterexample: [0]\nShrunk 1 time(s)\n\nHint: Enable verbose mode in order to have the list of all failing values encountered during the run\n    at buildError (file:///D:/Projects/Shadow-Hunt/node_modules/fast-check/lib/fast-check.js:2462:16)\n    at asyncThrowIfFailed (file:///D:/Projects/Shadow-Hunt/node_modules/fast-check/lib/fast-check.js:2474:8)\n    at processTicksAndRejections (node:internal/process/task_queues:103:5)"],"meta":{},"tags":[]},{"ancestorTitles":["maxRoundLimit Validation Property Tests","Property 3: maxRoundLimit validation"],"fullName":"maxRoundLimit Validation Property Tests Property 3: maxRoundLimit validation integer values > 100 are rejected with INVALID_ROUND_LIMIT","status":"failed","title":"integer values > 100 are rejected with INVALID_ROUND_LIMIT","duration":84.5892,"failureMessages":["Error: Property failed after 1 tests\n{ seed: 1934230726, path: \"0:0\", endOnFailure: true }\nCounterexample: [101]\nShrunk 1 time(s)\n\nHint: Enable verbose mode in order to have the list of all failing values encountered during the run\n    at buildError (file:///D:/Projects/Shadow-Hunt/node_modules/fast-check/lib/fast-check.js:2462:16)\n    at asyncThrowIfFailed (file:///D:/Projects/Shadow-Hunt/node_modules/fast-check/lib/fast-check.js:2474:8)\n    at processTicksAndRejections (node:internal/process/task_queues:103:5)"],"meta":{},"tags":[]},{"ancestorTitles":["maxRoundLimit Validation Property Tests","Property 3: maxRoundLimit validation"],"fullName":"maxRoundLimit Validation Property Tests Property 3: maxRoundLimit validation non-integer values (floats) are rejected with INVALID_ROUND_LIMIT","status":"failed","title":"non-integer values (floats) are rejected with INVALID_ROUND_LIMIT","duration":3475.2141,"failureMessages":["Error: Property failed after 1 tests\n{ seed: 995972771, path: \"0:0:0:0:0:0:0:0:0:0:0:0:0:0:0:0:0:0:0:0:0:0:0:0:0:0:0:0:0:0:0:0:0:0:0:0:0:0:0:0:0:0:0:0:0:0:0:0:0:0:0:0:0:0:0:0:0:0:0:0:0:0:0:0\", endOnFailure: true }\nCounterexample: [5e-324]\nShrunk 63 time(s)\n\nHint: Enable verbose mode in order to have the list of all failing values encountered during the run\n    at buildError (file:///D:/Projects/Shadow-Hunt/node_modules/fast-check/lib/fast-check.js:2462:16)\n    at asyncThrowIfFailed (file:///D:/Projects/Shadow-Hunt/node_modules/fast-check/lib/fast-check.js:2474:8)\n    at processTicksAndRejections (node:internal/process/task_queues:103:5)"],"meta":{},"tags":[]},{"ancestorTitles":["maxRoundLimit Validation Property Tests","Property 3: maxRoundLimit validation"],"fullName":"maxRoundLimit Validation Property Tests Property 3: maxRoundLimit validation special numeric values (NaN, Infinity, -Infinity) are rejected with INVALID_ROUND_LIMIT","status":"failed","title":"special numeric values (NaN, Infinity, -Infinity) are rejected with INVALID_ROUND_LIMIT","duration":94.28709999999955,"failureMessages":["Error: Property failed after 1 tests\n{ seed: -1854044041, path: \"0:0\", endOnFailure: true }\nCounterexample: [Number.NaN]\nShrunk 1 time(s)\n\nHint: Enable verbose mode in order to have the list of all failing values encountered during the run\n    at buildError (file:///D:/Projects/Shadow-Hunt/node_modules/fast-check/lib/fast-check.js:2462:16)\n    at asyncThrowIfFailed (file:///D:/Projects/Shadow-Hunt/node_modules/fast-check/lib/fast-check.js:2474:8)\n    at processTicksAndRejections (node:internal/process/task_queues:103:5)"],"meta":{},"tags":[]}],"startTime":1787475080294,"endTime":1787475084329.287,"status":"failed","message":"","name":"D:/Projects/Shadow-Hunt/lib/game/__tests__/max-round-limit.property.test.ts"}]}