{"numTotalTestSuites":367,"numPassedTestSuites":304,"numFailedTestSuites":63,"numPendingTestSuites":0,"numTotalTests":679,"numPassedTests":569,"numFailedTests":36,"numPendingTests":74,"numTodoTests":0,"snapshot":{"added":0,"failure":false,"filesAdded":0,"filesRemoved":0,"filesRemovedList":[],"filesUnmatched":0,"filesUpdated":0,"matched":0,"total":0,"unchecked":0,"uncheckedKeysByFile":[],"unmatched":0,"updated":0,"didUpdate":false},"startTime":1787525286500,"success":false,"testResults":[{"assertionResults":[{"ancestorTitles":["getOrCreatePlayerId"],"fullName":"getOrCreatePlayerId returns the player ID from an existing cookie","status":"passed","title":"returns the player ID from an existing cookie","duration":43.68849999999975,"failureMessages":[],"meta":{},"tags":[]},{"ancestorTitles":["getOrCreatePlayerId"],"fullName":"getOrCreatePlayerId generates a new UUID when no cookie is present","status":"passed","title":"generates a new UUID when no cookie is present","duration":1.8085000000000946,"failureMessages":[],"meta":{},"tags":[]},{"ancestorTitles":["getOrCreatePlayerId"],"fullName":"getOrCreatePlayerId extracts player-id correctly when multiple cookies are present","status":"passed","title":"extracts player-id correctly when multiple cookies are present","duration":0.664600000000064,"failureMessages":[],"meta":{},"tags":[]},{"ancestorTitles":["getOrCreatePlayerId"],"fullName":"getOrCreatePlayerId generates a new UUID when cookie header is empty","status":"passed","title":"generates a new UUID when cookie header is empty","duration":0.7505000000001019,"failureMessages":[],"meta":{},"tags":[]},{"ancestorTitles":["getOrCreatePlayerId"],"fullName":"getOrCreatePlayerId generates unique IDs on successive calls without a cookie","status":"passed","title":"generates unique IDs on successive calls without a cookie","duration":2.453599999999824,"failureMessages":[],"meta":{},"tags":[]},{"ancestorTitles":["playerIdCookieHeader"],"fullName":"playerIdCookieHeader returns a properly formatted Set-Cookie header value","status":"passed","title":"returns a properly formatted Set-Cookie header value","duration":0.8584999999998217,"failureMessages":[],"meta":{},"tags":[]},{"ancestorTitles":["playerIdCookieHeader"],"fullName":"playerIdCookieHeader includes HttpOnly flag for security","status":"passed","title":"includes HttpOnly flag for security","duration":0.681999999999789,"failureMessages":[],"meta":{},"tags":[]},{"ancestorTitles":["playerIdCookieHeader"],"fullName":"playerIdCookieHeader sets SameSite=Strict for CSRF protection","status":"passed","title":"sets SameSite=Strict for CSRF protection","duration":0.43449999999984357,"failureMessages":[],"meta":{},"tags":[]},{"ancestorTitles":["playerIdCookieHeader"],"fullName":"playerIdCookieHeader sets Max-Age to 24 hours (86400 seconds)","status":"passed","title":"sets Max-Age to 24 hours (86400 seconds)","duration":0.4232999999999265,"failureMessages":[],"meta":{},"tags":[]}],"startTime":1787525311698,"endTime":1787525311750.4346,"status":"passed","message":"","name":"D:/Projects/Shadow-Hunt/lib/auth/__tests__/player-session.test.ts"},{"assertionResults":[{"ancestorTitles":["Game Initialization Property Tests","Property 13: Exactly one threat"],"fullName":"Game Initialization Property Tests Property 13: Exactly one threat initializeGame creates exactly 1 GameThreat with a valid locationId from the 40 locations","status":"skipped","title":"initializeGame creates exactly 1 GameThreat with a valid locationId from the 40 locations","failureMessages":[],"meta":{},"tags":[]},{"ancestorTitles":["Game Initialization Property Tests","Property 14: One spy per region"],"fullName":"Game Initialization Property Tests Property 14: One spy per region initializeGame creates exactly 6 GameSpy records, one per region, each with a locationId belonging to that region","status":"skipped","title":"initializeGame creates exactly 6 GameSpy records, one per region, each with a locationId belonging to that region","failureMessages":[],"meta":{},"tags":[]}],"startTime":1787525286500,"endTime":1787525286500,"status":"failed","message":"\nInvalid `prisma.location.findMany()` invocation in\nD:/Projects/Shadow-Hunt/lib/game/__tests__/initialize-game.property.test.ts:35:40\n\n  32 const adapter = new PrismaPg({ connectionString });\n  33 prisma = new PrismaClient({ adapter });\n  34 \n→ 35 allLocations = await prisma.location.findMany(\nAuthentication failed against the database server, the provided database credentials for `user` are not valid","name":"D:/Projects/Shadow-Hunt/lib/game/__tests__/initialize-game.property.test.ts"},{"assertionResults":[{"ancestorTitles":["maxRoundLimit Validation Property Tests","Property 3: maxRoundLimit validation"],"fullName":"maxRoundLimit Validation Property Tests Property 3: maxRoundLimit validation valid integer values in [1, 100] are accepted (do not return INVALID_ROUND_LIMIT)","status":"passed","title":"valid integer values in [1, 100] are accepted (do not return INVALID_ROUND_LIMIT)","duration":20.647999999999683,"failureMessages":[],"meta":{},"tags":[]},{"ancestorTitles":["maxRoundLimit Validation Property Tests","Property 3: maxRoundLimit validation"],"fullName":"maxRoundLimit Validation Property Tests Property 3: maxRoundLimit validation integer values < 1 are rejected with INVALID_ROUND_LIMIT","status":"passed","title":"integer values < 1 are rejected with INVALID_ROUND_LIMIT","duration":11.927699999999732,"failureMessages":[],"meta":{},"tags":[]},{"ancestorTitles":["maxRoundLimit Validation Property Tests","Property 3: maxRoundLimit validation"],"fullName":"maxRoundLimit Validation Property Tests Property 3: maxRoundLimit validation integer values > 100 are rejected with INVALID_ROUND_LIMIT","status":"passed","title":"integer values > 100 are rejected with INVALID_ROUND_LIMIT","duration":9.419999999999618,"failureMessages":[],"meta":{},"tags":[]},{"ancestorTitles":["maxRoundLimit Validation Property Tests","Property 3: maxRoundLimit validation"],"fullName":"maxRoundLimit Validation Property Tests Property 3: maxRoundLimit validation non-integer values (floats) are rejected with INVALID_ROUND_LIMIT","status":"passed","title":"non-integer values (floats) are rejected with INVALID_ROUND_LIMIT","duration":25.47470000000021,"failureMessages":[],"meta":{},"tags":[]},{"ancestorTitles":["maxRoundLimit Validation Property Tests","Property 3: maxRoundLimit validation"],"fullName":"maxRoundLimit Validation Property Tests Property 3: maxRoundLimit validation special numeric values (NaN, Infinity, -Infinity) are rejected with INVALID_ROUND_LIMIT","status":"passed","title":"special numeric values (NaN, Infinity, -Infinity) are rejected with INVALID_ROUND_LIMIT","duration":11.431900000000041,"failureMessages":[],"meta":{},"tags":[]}],"startTime":1787525311698,"endTime":1787525311777.432,"status":"passed","message":"","name":"D:/Projects/Shadow-Hunt/lib/game/__tests__/max-round-limit.property.test.ts"},{"assertionResults":[{"ancestorTitles":["Spy Capture Property Tests","Property 15: Spy capture records the captor"],"fullName":"Spy Capture Property Tests Property 15: Spy capture records the captor after capture, only the targeted spy is updated with captured=true and the correct capturedByPlayerId","status":"failed","title":"after capture, only the targeted spy is updated with captured=true and the correct capturedByPlayerId","duration":2030.0586,"failureMessages":["Error: Property failed after 1 tests\n{ seed: 1338663856, path: \"0:0:0:0:0:0:0:0\", endOnFailure: true }\nCounterexample: [0,\"     \"]\nShrunk 7 time(s)\n\nHint: Enable verbose mode in order to have the list of all failing values encountered during the run\n    at buildError (file:///D:/Projects/Shadow-Hunt/node_modules/fast-check/lib/fast-check.js:2462:16)\n    at asyncThrowIfFailed (file:///D:/Projects/Shadow-Hunt/node_modules/fast-check/lib/fast-check.js:2474:8)\n    at processTicksAndRejections (node:internal/process/task_queues:103:5)"],"meta":{},"tags":[]}],"startTime":1787525288749,"endTime":1787525290779.0586,"status":"failed","message":"","name":"D:/Projects/Shadow-Hunt/lib/game/__tests__/spy-capture.property.test.ts"},{"assertionResults":[{"ancestorTitles":["getCardMeta"],"fullName":"getCardMeta returns a CardMeta object for every known CardIdentifier","status":"passed","title":"returns a CardMeta object for every known CardIdentifier","duration":5.886400000000094,"failureMessages":[],"meta":{},"tags":[]},{"ancestorTitles":["getCardMeta"],"fullName":"getCardMeta returns displayName ≤40 characters for all known identifiers","status":"passed","title":"returns displayName ≤40 characters for all known identifiers","duration":1.037499999999909,"failureMessages":[],"meta":{},"tags":[]},{"ancestorTitles":["getCardMeta"],"fullName":"getCardMeta returns description ≤120 characters for all known identifiers","status":"passed","title":"returns description ≤120 characters for all known identifiers","duration":0.7881999999999607,"failureMessages":[],"meta":{},"tags":[]},{"ancestorTitles":["getCardMeta"],"fullName":"getCardMeta returns correct category for sabotage cards","status":"passed","title":"returns correct category for sabotage cards","duration":0.70900000000006,"failureMessages":[],"meta":{},"tags":[]},{"ancestorTitles":["getCardMeta"],"fullName":"getCardMeta returns correct category for clue cards","status":"passed","title":"returns correct category for clue cards","duration":0.5122999999998683,"failureMessages":[],"meta":{},"tags":[]},{"ancestorTitles":["getCardMeta"],"fullName":"getCardMeta returns correct category for booster cards","status":"passed","title":"returns correct category for booster cards","duration":0.4694000000001779,"failureMessages":[],"meta":{},"tags":[]},{"ancestorTitles":["getCardMeta"],"fullName":"getCardMeta returns unique displayNames for each known identifier","status":"passed","title":"returns unique displayNames for each known identifier","duration":0.44029999999997926,"failureMessages":[],"meta":{},"tags":[]},{"ancestorTitles":["getCardMeta"],"fullName":"getCardMeta returns the raw identifier as displayName for unknown identifiers","status":"passed","title":"returns the raw identifier as displayName for unknown identifiers","duration":0.5283999999999196,"failureMessages":[],"meta":{},"tags":[]},{"ancestorTitles":["getCardMeta"],"fullName":"getCardMeta returns 'Unrecognised card' as description for unknown identifiers","status":"passed","title":"returns 'Unrecognised card' as description for unknown identifiers","duration":0.5108000000000175,"failureMessages":[],"meta":{},"tags":[]},{"ancestorTitles":["getCardMeta"],"fullName":"getCardMeta returns 'booster' as category for unknown identifiers","status":"passed","title":"returns 'booster' as category for unknown identifiers","duration":0.4577999999999065,"failureMessages":[],"meta":{},"tags":[]},{"ancestorTitles":["getCardMeta"],"fullName":"getCardMeta handles empty string as unknown identifier","status":"passed","title":"handles empty string as unknown identifier","duration":0.34410000000002583,"failureMessages":[],"meta":{},"tags":[]},{"ancestorTitles":["getCardMeta"],"fullName":"getCardMeta returns displayName that differs from raw identifier for all known cards","status":"passed","title":"returns displayName that differs from raw identifier for all known cards","duration":2.3572999999998956,"failureMessages":[],"meta":{},"tags":[]},{"ancestorTitles":["getCardMeta"],"fullName":"getCardMeta returns specific expected metadata for sample cards","status":"passed","title":"returns specific expected metadata for sample cards","duration":0.5458000000000993,"failureMessages":[],"meta":{},"tags":[]}],"startTime":1787525315453,"endTime":1787525315467.546,"status":"passed","message":"","name":"D:/Projects/Shadow-Hunt/lib/game-ui/__tests__/card-metadata.test.ts"},{"assertionResults":[{"ancestorTitles":["errorMessageFor"],"fullName":"errorMessageFor returns a non-empty string for every TurnActionErrorCode","status":"passed","title":"returns a non-empty string for every TurnActionErrorCode","duration":3.865099999999984,"failureMessages":[],"meta":{},"tags":[]},{"ancestorTitles":["errorMessageFor"],"fullName":"errorMessageFor returns a non-empty string for \"UNKNOWN\"","status":"passed","title":"returns a non-empty string for \"UNKNOWN\"","duration":0.22940000000005512,"failureMessages":[],"meta":{},"tags":[]},{"ancestorTitles":["errorMessageFor"],"fullName":"errorMessageFor returns distinct messages for all 17 codes","status":"passed","title":"returns distinct messages for all 17 codes","duration":0.1955999999998994,"failureMessages":[],"meta":{},"tags":[]},{"ancestorTitles":["errorMessageFor"],"fullName":"errorMessageFor maps specific codes to their expected messages","status":"passed","title":"maps specific codes to their expected messages","duration":0.17999999999994998,"failureMessages":[],"meta":{},"tags":[]},{"ancestorTitles":["errorMessageFor"],"fullName":"errorMessageFor has exactly 16 TurnActionErrorCode entries plus UNKNOWN (17 total)","status":"passed","title":"has exactly 16 TurnActionErrorCode entries plus UNKNOWN (17 total)","duration":0.4430999999999585,"failureMessages":[],"meta":{},"tags":[]}],"startTime":1787525315780,"endTime":1787525315785.443,"status":"passed","message":"","name":"D:/Projects/Shadow-Hunt/lib/game-ui/__tests__/error-messages.test.ts"},{"assertionResults":[{"ancestorTitles":["formatEventMessage","all 13 event types resolve player/location names"],"fullName":"formatEventMessage all 13 event types resolve player/location names game-won","status":"passed","title":"game-won","duration":5.6440000000000055,"failureMessages":[],"meta":{},"tags":[]},{"ancestorTitles":["formatEventMessage","all 13 event types resolve player/location names"],"fullName":"formatEventMessage all 13 event types resolve player/location names game-draw","status":"passed","title":"game-draw","duration":0.6885999999999513,"failureMessages":[],"meta":{},"tags":[]},{"ancestorTitles":["formatEventMessage","all 13 event types resolve player/location names"],"fullName":"formatEventMessage all 13 event types resolve player/location names capture-failed","status":"passed","title":"capture-failed","duration":0.6485999999999876,"failureMessages":[],"meta":{},"tags":[]},{"ancestorTitles":["formatEventMessage","all 13 event types resolve player/location names"],"fullName":"formatEventMessage all 13 event types resolve player/location names spy-captured-reward-collected","status":"passed","title":"spy-captured-reward-collected","duration":0.8478000000000065,"failureMessages":[],"meta":{},"tags":[]},{"ancestorTitles":["formatEventMessage","all 13 event types resolve player/location names"],"fullName":"formatEventMessage all 13 event types resolve player/location names player-moved","status":"passed","title":"player-moved","duration":0.5442000000000462,"failureMessages":[],"meta":{},"tags":[]},{"ancestorTitles":["formatEventMessage","all 13 event types resolve player/location names"],"fullName":"formatEventMessage all 13 event types resolve player/location names card-used without target","status":"passed","title":"card-used without target","duration":0.48499999999989996,"failureMessages":[],"meta":{},"tags":[]},{"ancestorTitles":["formatEventMessage","all 13 event types resolve player/location names"],"fullName":"formatEventMessage all 13 event types resolve player/location names card-used with target","status":"passed","title":"card-used with target","duration":0.5303000000001248,"failureMessages":[],"meta":{},"tags":[]},{"ancestorTitles":["formatEventMessage","all 13 event types resolve player/location names"],"fullName":"formatEventMessage all 13 event types resolve player/location names player-skipped","status":"passed","title":"player-skipped","duration":0.4544999999998254,"failureMessages":[],"meta":{},"tags":[]},{"ancestorTitles":["formatEventMessage","all 13 event types resolve player/location names"],"fullName":"formatEventMessage all 13 event types resolve player/location names turn-skipped","status":"passed","title":"turn-skipped","duration":0.5610999999998967,"failureMessages":[],"meta":{},"tags":[]},{"ancestorTitles":["formatEventMessage","all 13 event types resolve player/location names"],"fullName":"formatEventMessage all 13 event types resolve player/location names blockade-activated","status":"passed","title":"blockade-activated","duration":0.7858000000001084,"failureMessages":[],"meta":{},"tags":[]},{"ancestorTitles":["formatEventMessage","all 13 event types resolve player/location names"],"fullName":"formatEventMessage all 13 event types resolve player/location names blockade-lifted","status":"passed","title":"blockade-lifted","duration":0.4671000000000731,"failureMessages":[],"meta":{},"tags":[]},{"ancestorTitles":["formatEventMessage","all 13 event types resolve player/location names"],"fullName":"formatEventMessage all 13 event types resolve player/location names action-penalty-applied","status":"passed","title":"action-penalty-applied","duration":0.5343000000000302,"failureMessages":[],"meta":{},"tags":[]},{"ancestorTitles":["formatEventMessage","all 13 event types resolve player/location names"],"fullName":"formatEventMessage all 13 event types resolve player/location names player-relocated","status":"passed","title":"player-relocated","duration":0.4330999999999676,"failureMessages":[],"meta":{},"tags":[]},{"ancestorTitles":["formatEventMessage","all 13 event types resolve player/location names"],"fullName":"formatEventMessage all 13 event types resolve player/location names extra-turn-started","status":"passed","title":"extra-turn-started","duration":0.383199999999988,"failureMessages":[],"meta":{},"tags":[]},{"ancestorTitles":["formatEventMessage","unknown event type"],"fullName":"formatEventMessage unknown event type returns 'Unrecognised event' for unknown type","status":"passed","title":"returns 'Unrecognised event' for unknown type","duration":0.46230000000014115,"failureMessages":[],"meta":{},"tags":[]},{"ancestorTitles":["formatEventMessage","unknown event type"],"fullName":"formatEventMessage unknown event type returns 'Unrecognised event' for empty string type","status":"passed","title":"returns 'Unrecognised event' for empty string type","duration":0.2358999999999014,"failureMessages":[],"meta":{},"tags":[]},{"ancestorTitles":["formatEventMessage","missing payload fields"],"fullName":"formatEventMessage missing payload fields produces 'someone' for missing player reference","status":"passed","title":"produces 'someone' for missing player reference","duration":0.24659999999994398,"failureMessages":[],"meta":{},"tags":[]},{"ancestorTitles":["formatEventMessage","missing payload fields"],"fullName":"formatEventMessage missing payload fields produces 'an unknown location' for missing location reference","status":"passed","title":"produces 'an unknown location' for missing location reference","duration":0.7270999999998367,"failureMessages":[],"meta":{},"tags":[]},{"ancestorTitles":["formatEventMessage","missing payload fields"],"fullName":"formatEventMessage missing payload fields handles completely empty payload","status":"passed","title":"handles completely empty payload","duration":0.6008999999999105,"failureMessages":[],"meta":{},"tags":[]},{"ancestorTitles":["formatEventMessage","missing payload fields"],"fullName":"formatEventMessage missing payload fields produces 'someone' for action-penalty-applied with missing targetPlayerId","status":"passed","title":"produces 'someone' for action-penalty-applied with missing targetPlayerId","duration":0.33179999999993015,"failureMessages":[],"meta":{},"tags":[]},{"ancestorTitles":["formatRelativeTimestamp"],"fullName":"formatRelativeTimestamp returns '0s' for same time","status":"passed","title":"returns '0s' for same time","duration":0.4497999999998683,"failureMessages":[],"meta":{},"tags":[]},{"ancestorTitles":["formatRelativeTimestamp"],"fullName":"formatRelativeTimestamp returns seconds for delta < 60s","status":"passed","title":"returns seconds for delta < 60s","duration":0.2765999999999167,"failureMessages":[],"meta":{},"tags":[]},{"ancestorTitles":["formatRelativeTimestamp"],"fullName":"formatRelativeTimestamp returns '59s' for 59 seconds","status":"passed","title":"returns '59s' for 59 seconds","duration":0.25099999999997635,"failureMessages":[],"meta":{},"tags":[]},{"ancestorTitles":["formatRelativeTimestamp"],"fullName":"formatRelativeTimestamp returns minutes for delta >= 60s and < 60min","status":"passed","title":"returns minutes for delta >= 60s and < 60min","duration":0.22519999999985885,"failureMessages":[],"meta":{},"tags":[]},{"ancestorTitles":["formatRelativeTimestamp"],"fullName":"formatRelativeTimestamp returns '59m' for 59 minutes","status":"passed","title":"returns '59m' for 59 minutes","duration":0.24129999999991014,"failureMessages":[],"meta":{},"tags":[]},{"ancestorTitles":["formatRelativeTimestamp"],"fullName":"formatRelativeTimestamp returns hours for delta >= 60min","status":"passed","title":"returns hours for delta >= 60min","duration":0.21050000000013824,"failureMessages":[],"meta":{},"tags":[]},{"ancestorTitles":["formatRelativeTimestamp"],"fullName":"formatRelativeTimestamp returns large hour values","status":"passed","title":"returns large hour values","duration":0.21730000000002292,"failureMessages":[],"meta":{},"tags":[]},{"ancestorTitles":["formatRelativeTimestamp"],"fullName":"formatRelativeTimestamp returns '0s' when createdAt is in the future (clamped to 0)","status":"passed","title":"returns '0s' when createdAt is in the future (clamped to 0)","duration":0.23080000000004475,"failureMessages":[],"meta":{},"tags":[]},{"ancestorTitles":["Property tests"],"fullName":"Property tests Property 11: formatRelativeTimestamp always returns valid format","status":"passed","title":"Property 11: formatRelativeTimestamp always returns valid format","duration":35.921400000000176,"failureMessages":[],"meta":{},"tags":[]},{"ancestorTitles":["Property tests"],"fullName":"Property tests Property 12: known event types resolve lookup names","status":"passed","title":"Property 12: known event types resolve lookup names","duration":61.8445999999999,"failureMessages":[],"meta":{},"tags":[]},{"ancestorTitles":["Property tests"],"fullName":"Property tests Property 13: unknown event types return 'Unrecognised event'","status":"failed","title":"Property 13: unknown event types return 'Unrecognised event'","duration":83.0616,"failureMessages":["Error: Property failed after 69 tests\n{ seed: 1280510019, path: \"68\", endOnFailure: true }\nCounterexample: [\"toString\"]\nShrunk 0 time(s)\n\nHint: Enable verbose mode in order to have the list of all failing values encountered during the run\n    at buildError (file:///D:/Projects/Shadow-Hunt/node_modules/fast-check/lib/fast-check.js:2462:16)\n    at throwIfFailed (file:///D:/Projects/Shadow-Hunt/node_modules/fast-check/lib/fast-check.js:2469:8)\n    at reportRunDetails (file:///D:/Projects/Shadow-Hunt/node_modules/fast-check/lib/fast-check.js:2485:14)\n    at Module.assert (file:///D:/Projects/Shadow-Hunt/node_modules/fast-check/lib/fast-check.js:2542:7)\n    at D:/Projects/Shadow-Hunt/lib/game-ui/__tests__/event-messages.test.ts:411:8\n    at file:///D:/Projects/Shadow-Hunt/node_modules/@vitest/runner/dist/chunk-artifact.js:302:11\n    at file:///D:/Projects/Shadow-Hunt/node_modules/@vitest/runner/dist/chunk-artifact.js:1903:26\n    at file:///D:/Projects/Shadow-Hunt/node_modules/@vitest/runner/dist/chunk-artifact.js:2326:20\n    at new Promise (<anonymous>)\n    at runWithCancel (file:///D:/Projects/Shadow-Hunt/node_modules/@vitest/runner/dist/chunk-artifact.js:2323:10)"],"meta":{},"tags":[]},{"ancestorTitles":["Property tests"],"fullName":"Property tests Property 14: missing payload fields produce fallback text, never throw","status":"passed","title":"Property 14: missing payload fields produce fallback text, never throw","duration":21.53949999999986,"failureMessages":[],"meta":{},"tags":[]}],"startTime":1787525297448,"endTime":1787525297670.5396,"status":"failed","message":"","name":"D:/Projects/Shadow-Hunt/lib/game-ui/__tests__/event-messages.test.ts"},{"assertionResults":[{"ancestorTitles":["computeLegalMoves"],"fullName":"computeLegalMoves returns all edges when nothing is blocked and all edges are car/boat","status":"passed","title":"returns all edges when nothing is blocked and all edges are car/boat","duration":6.530799999999999,"failureMessages":[],"meta":{},"tags":[]},{"ancestorTitles":["computeLegalMoves"],"fullName":"computeLegalMoves returns empty array when viewerLocationId is not found in adjacency","status":"passed","title":"returns empty array when viewerLocationId is not found in adjacency","duration":1.160799999999881,"failureMessages":[],"meta":{},"tags":[]},{"ancestorTitles":["computeLegalMoves"],"fullName":"computeLegalMoves filters out edges with blocked transport","status":"passed","title":"filters out edges with blocked transport","duration":1.2264999999999873,"failureMessages":[],"meta":{},"tags":[]},{"ancestorTitles":["computeLegalMoves"],"fullName":"computeLegalMoves filters out plane edges when neither origin nor target is a hub","status":"passed","title":"filters out plane edges when neither origin nor target is a hub","duration":0.8641999999999825,"failureMessages":[],"meta":{},"tags":[]},{"ancestorTitles":["computeLegalMoves"],"fullName":"computeLegalMoves allows plane edges when origin is a hub","status":"passed","title":"allows plane edges when origin is a hub","duration":0.6947000000000116,"failureMessages":[],"meta":{},"tags":[]},{"ancestorTitles":["computeLegalMoves"],"fullName":"computeLegalMoves allows plane edges when target is a hub","status":"passed","title":"allows plane edges when target is a hub","duration":0.8631000000000313,"failureMessages":[],"meta":{},"tags":[]},{"ancestorTitles":["computeLegalMoves"],"fullName":"computeLegalMoves filters plane edges blocked by transport even if hub rule passes","status":"passed","title":"filters plane edges blocked by transport even if hub rule passes","duration":0.42419999999992797,"failureMessages":[],"meta":{},"tags":[]},{"ancestorTitles":["computeLegalMoves"],"fullName":"computeLegalMoves returns empty array when all transports are blocked","status":"passed","title":"returns empty array when all transports are blocked","duration":0.37030000000004293,"failureMessages":[],"meta":{},"tags":[]},{"ancestorTitles":["computeLegalMoves"],"fullName":"computeLegalMoves property: no result has a transport that is in blockedTransports","status":"passed","title":"property: no result has a transport that is in blockedTransports","duration":33.59720000000016,"failureMessages":[],"meta":{},"tags":[]},{"ancestorTitles":["computeLegalMoves"],"fullName":"computeLegalMoves property: every result locationId is present in the original edges","status":"passed","title":"property: every result locationId is present in the original edges","duration":136.40710000000013,"failureMessages":[],"meta":{},"tags":[]},{"ancestorTitles":["computeLegalMoves"],"fullName":"computeLegalMoves property: plane edges are excluded when neither origin nor target is a hub","status":"passed","title":"property: plane edges are excluded when neither origin nor target is a hub","duration":10.496299999999792,"failureMessages":[],"meta":{},"tags":[]}],"startTime":1787525311071,"endTime":1787525311265.4963,"status":"passed","message":"","name":"D:/Projects/Shadow-Hunt/lib/game-ui/__tests__/legal-moves.test.ts"},{"assertionResults":[{"ancestorTitles":["useGamePoll — refetch behavior","Property 12: refetch resets interval and triggers immediate poll"],"fullName":"useGamePoll — refetch behavior Property 12: refetch resets interval and triggers immediate poll refetch() triggers an immediate fetch call","status":"passed","title":"refetch() triggers an immediate fetch call","duration":179.3126999999995,"failureMessages":[],"meta":{},"tags":[]},{"ancestorTitles":["useGamePoll — refetch behavior","Property 12: refetch resets interval and triggers immediate poll"],"fullName":"useGamePoll — refetch behavior Property 12: refetch resets interval and triggers immediate poll refetch() calls clearInterval to clear the existing interval","status":"passed","title":"refetch() calls clearInterval to clear the existing interval","duration":85.28809999999976,"failureMessages":[],"meta":{},"tags":[]},{"ancestorTitles":["useGamePoll — refetch behavior","Property 12: refetch resets interval and triggers immediate poll"],"fullName":"useGamePoll — refetch behavior Property 12: refetch resets interval and triggers immediate poll refetch() restarts setInterval after clearing","status":"passed","title":"refetch() restarts setInterval after clearing","duration":102.59500000000025,"failureMessages":[],"meta":{},"tags":[]},{"ancestorTitles":["useGamePoll — refetch behavior","Property 12: refetch resets interval and triggers immediate poll"],"fullName":"useGamePoll — refetch behavior Property 12: refetch resets interval and triggers immediate poll refetch does not initiate a duplicate fetch if a poll is already in-flight","status":"passed","title":"refetch does not initiate a duplicate fetch if a poll is already in-flight","duration":30.19040000000041,"failureMessages":[],"meta":{},"tags":[]},{"ancestorTitles":["useGamePoll — refetch behavior","Property 13: successful refetch updates state and clears error"],"fullName":"useGamePoll — refetch behavior Property 13: successful refetch updates state and clears error refetch updates state with new data from the server","status":"passed","title":"refetch updates state with new data from the server","duration":205.82539999999972,"failureMessages":[],"meta":{},"tags":[]},{"ancestorTitles":["useGamePoll — refetch behavior","Property 13: successful refetch updates state and clears error"],"fullName":"useGamePoll — refetch behavior Property 13: successful refetch updates state and clears error refetch clears a previously set error on success","status":"passed","title":"refetch clears a previously set error on success","duration":113.70299999999952,"failureMessages":[],"meta":{},"tags":[]},{"ancestorTitles":["useGamePoll — refetch behavior","Property 13: successful refetch updates state and clears error"],"fullName":"useGamePoll — refetch behavior Property 13: successful refetch updates state and clears error state is updated and error stays null after successful refetch with no prior error","status":"passed","title":"state is updated and error stays null after successful refetch with no prior error","duration":147.1782000000003,"failureMessages":[],"meta":{},"tags":[]},{"ancestorTitles":["useGamePoll — refetch behavior","refetch interaction with game-finished state"],"fullName":"useGamePoll — refetch behavior refetch interaction with game-finished state refetch still fetches when game transitions to finished status","status":"passed","title":"refetch still fetches when game transitions to finished status","duration":94.93040000000019,"failureMessages":[],"meta":{},"tags":[]}],"startTime":1787525302249,"endTime":1787525303214.9304,"status":"passed","message":"","name":"D:/Projects/Shadow-Hunt/lib/hooks/__tests__/use-game-poll-refetch.test.ts"},{"assertionResults":[{"ancestorTitles":["useMapData","fetching and caching"],"fullName":"useMapData fetching and caching fetches map data on mount and sets data","status":"passed","title":"fetches map data on mount and sets data","duration":175.6859000000004,"failureMessages":[],"meta":{},"tags":[]},{"ancestorTitles":["useMapData","fetching and caching"],"fullName":"useMapData fetching and caching serves from cache on subsequent renders without additional requests","status":"passed","title":"serves from cache on subsequent renders without additional requests","duration":117.09820000000036,"failureMessages":[],"meta":{},"tags":[]},{"ancestorTitles":["useMapData","fetching and caching"],"fullName":"useMapData fetching and caching deduplicates concurrent requests (multiple hooks → one fetch)","status":"passed","title":"deduplicates concurrent requests (multiple hooks → one fetch)","duration":32.9375,"failureMessages":[],"meta":{},"tags":[]},{"ancestorTitles":["useMapData","lookup functions"],"fullName":"useMapData lookup functions idToName returns location name for valid id","status":"passed","title":"idToName returns location name for valid id","duration":82.51590000000033,"failureMessages":[],"meta":{},"tags":[]},{"ancestorTitles":["useMapData","lookup functions"],"fullName":"useMapData lookup functions idToName returns 'Unknown' for unknown id","status":"passed","title":"idToName returns 'Unknown' for unknown id","duration":85.5587000000005,"failureMessages":[],"meta":{},"tags":[]},{"ancestorTitles":["useMapData","lookup functions"],"fullName":"useMapData lookup functions idToCoordinates returns latitude and longitude for valid id","status":"passed","title":"idToCoordinates returns latitude and longitude for valid id","duration":73.0605000000005,"failureMessages":[],"meta":{},"tags":[]},{"ancestorTitles":["useMapData","lookup functions"],"fullName":"useMapData lookup functions idToCoordinates returns null for unknown id","status":"passed","title":"idToCoordinates returns null for unknown id","duration":61.09139999999934,"failureMessages":[],"meta":{},"tags":[]},{"ancestorTitles":["useMapData","lookup functions"],"fullName":"useMapData lookup functions idToRegion returns region object for valid location id","status":"passed","title":"idToRegion returns region object for valid location id","duration":68.76270000000022,"failureMessages":[],"meta":{},"tags":[]},{"ancestorTitles":["useMapData","lookup functions"],"fullName":"useMapData lookup functions idToRegion returns null for unknown id","status":"passed","title":"idToRegion returns null for unknown id","duration":79.96079999999984,"failureMessages":[],"meta":{},"tags":[]},{"ancestorTitles":["useMapData","lookup functions"],"fullName":"useMapData lookup functions idToAdjacency returns edges array for valid location id","status":"passed","title":"idToAdjacency returns edges array for valid location id","duration":81.67979999999989,"failureMessages":[],"meta":{},"tags":[]},{"ancestorTitles":["useMapData","lookup functions"],"fullName":"useMapData lookup functions idToAdjacency returns empty array for unknown id","status":"passed","title":"idToAdjacency returns empty array for unknown id","duration":70.20920000000024,"failureMessages":[],"meta":{},"tags":[]},{"ancestorTitles":["useMapData","error handling and retry"],"fullName":"useMapData error handling and retry sets error state on fetch failure","status":"passed","title":"sets error state on fetch failure","duration":62.20769999999993,"failureMessages":[],"meta":{},"tags":[]},{"ancestorTitles":["useMapData","error handling and retry"],"fullName":"useMapData error handling and retry retry clears cache and re-fetches successfully","status":"passed","title":"retry clears cache and re-fetches successfully","duration":93.41190000000006,"failureMessages":[],"meta":{},"tags":[]},{"ancestorTitles":["useMapData","error handling and retry"],"fullName":"useMapData error handling and retry sets error when response is not ok","status":"passed","title":"sets error when response is not ok","duration":161.32750000000033,"failureMessages":[],"meta":{},"tags":[]}],"startTime":1787525300808,"endTime":1787525302054.3274,"status":"passed","message":"","name":"D:/Projects/Shadow-Hunt/lib/hooks/__tests__/use-map-data.test.ts"},{"assertionResults":[{"ancestorTitles":["useSubmitAction","initial state"],"fullName":"useSubmitAction initial state returns isSubmitting=false and error=null initially","status":"passed","title":"returns isSubmitting=false and error=null initially","duration":46.1246000000001,"failureMessages":[],"meta":{},"tags":[]},{"ancestorTitles":["useSubmitAction","successful submission"],"fullName":"useSubmitAction successful submission sends POST to correct endpoint with payload as JSON body","status":"passed","title":"sends POST to correct endpoint with payload as JSON body","duration":13.478700000000572,"failureMessages":[],"meta":{},"tags":[]},{"ancestorTitles":["useSubmitAction","successful submission"],"fullName":"useSubmitAction successful submission calls refetch on 2xx response","status":"passed","title":"calls refetch on 2xx response","duration":6.242700000000696,"failureMessages":[],"meta":{},"tags":[]},{"ancestorTitles":["useSubmitAction","successful submission"],"fullName":"useSubmitAction successful submission sets isSubmitting=true during request and false after","status":"passed","title":"sets isSubmitting=true during request and false after","duration":6.164999999999964,"failureMessages":[],"meta":{},"tags":[]},{"ancestorTitles":["useSubmitAction","successful submission"],"fullName":"useSubmitAction successful submission clears error at start of new submission","status":"passed","title":"clears error at start of new submission","duration":9.033100000000559,"failureMessages":[],"meta":{},"tags":[]},{"ancestorTitles":["useSubmitAction","error handling"],"fullName":"useSubmitAction error handling sets error from error code on non-2xx response","status":"passed","title":"sets error from error code on non-2xx response","duration":3.3423000000002503,"failureMessages":[],"meta":{},"tags":[]},{"ancestorTitles":["useSubmitAction","error handling"],"fullName":"useSubmitAction error handling calls refetch on CONCURRENCY_CONFLICT in addition to setting error","status":"passed","title":"calls refetch on CONCURRENCY_CONFLICT in addition to setting error","duration":2.7258999999994558,"failureMessages":[],"meta":{},"tags":[]},{"ancestorTitles":["useSubmitAction","error handling"],"fullName":"useSubmitAction error handling sets UNKNOWN error on network failure","status":"passed","title":"sets UNKNOWN error on network failure","duration":2.9297000000005937,"failureMessages":[],"meta":{},"tags":[]},{"ancestorTitles":["useSubmitAction","error handling"],"fullName":"useSubmitAction error handling falls back to UNKNOWN when response has no code field","status":"passed","title":"falls back to UNKNOWN when response has no code field","duration":3.252900000000409,"failureMessages":[],"meta":{},"tags":[]},{"ancestorTitles":["useSubmitAction","error handling"],"fullName":"useSubmitAction error handling sets isSubmitting=false after error response","status":"passed","title":"sets isSubmitting=false after error response","duration":3.3995999999997366,"failureMessages":[],"meta":{},"tags":[]},{"ancestorTitles":["useSubmitAction","in-flight guard"],"fullName":"useSubmitAction in-flight guard rejects concurrent submit calls — only one request is sent","status":"passed","title":"rejects concurrent submit calls — only one request is sent","duration":6.339299999999639,"failureMessages":[],"meta":{},"tags":[]},{"ancestorTitles":["useSubmitAction","MOVE payload"],"fullName":"useSubmitAction MOVE payload sends MOVE action with targetLocationId","status":"passed","title":"sends MOVE action with targetLocationId","duration":2.8572000000003754,"failureMessages":[],"meta":{},"tags":[]},{"ancestorTitles":["useSubmitAction","USE_CARD payload"],"fullName":"useSubmitAction USE_CARD payload sends USE_CARD action with cardId and optional targetPlayerId","status":"passed","title":"sends USE_CARD action with cardId and optional targetPlayerId","duration":2.9791999999997643,"failureMessages":[],"meta":{},"tags":[]}],"startTime":1787525315284,"endTime":1787525315394.9792,"status":"passed","message":"","name":"D:/Projects/Shadow-Hunt/lib/hooks/__tests__/use-submit-action.test.ts"},{"assertionResults":[{"ancestorTitles":["Room creation - Property tests"],"fullName":"Room creation - Property tests Property 1: Room creation produces valid initial state","status":"passed","title":"Property 1: Room creation produces valid initial state","duration":93.88819999999987,"failureMessages":[],"meta":{},"tags":[]},{"ancestorTitles":["Room creation - Property tests"],"fullName":"Room creation - Property tests Property 2: Single-room constraint","status":"passed","title":"Property 2: Single-room constraint","duration":34.64339999999993,"failureMessages":[],"meta":{},"tags":[]}],"startTime":1787525309310,"endTime":1787525309438.6433,"status":"passed","message":"","name":"D:/Projects/Shadow-Hunt/lib/lobby/__tests__/create-room.property.test.ts"},{"assertionResults":[{"ancestorTitles":["Disconnection detection - Property 14"],"fullName":"Disconnection detection - Property 14 Property 14: Players with lastActivityAt older than 10s are marked disconnected","status":"passed","title":"Property 14: Players with lastActivityAt older than 10s are marked disconnected","duration":229.37349999999992,"failureMessages":[],"meta":{},"tags":[]},{"ancestorTitles":["Disconnection detection - Property 14"],"fullName":"Disconnection detection - Property 14 Property 14: Players with recent activity are NOT marked disconnected","status":"passed","title":"Property 14: Players with recent activity are NOT marked disconnected","duration":25.274200000000064,"failureMessages":[],"meta":{},"tags":[]},{"ancestorTitles":["Room abandonment - Property 16"],"fullName":"Room abandonment - Property 16 Property 16: Room is abandoned when all players disconnected > 60s","status":"passed","title":"Property 16: Room is abandoned when all players disconnected > 60s","duration":114.8119999999999,"failureMessages":[],"meta":{},"tags":[]},{"ancestorTitles":["Room abandonment - Property 16"],"fullName":"Room abandonment - Property 16 Property 16: Room is NOT abandoned when disconnection is under 60s","status":"passed","title":"Property 16: Room is NOT abandoned when disconnection is under 60s","duration":59.4991,"failureMessages":[],"meta":{},"tags":[]},{"ancestorTitles":["Room abandonment - Property 16"],"fullName":"Room abandonment - Property 16 Property 16: Room is NOT abandoned when at least one player is connected","status":"passed","title":"Property 16: Room is NOT abandoned when at least one player is connected","duration":35.12650000000008,"failureMessages":[],"meta":{},"tags":[]},{"ancestorTitles":["Forfeit on extended disconnection - Property 17"],"fullName":"Forfeit on extended disconnection - Property 17 Property 17: Players disconnected > 5 minutes in in-progress games are forfeited","status":"passed","title":"Property 17: Players disconnected > 5 minutes in in-progress games are forfeited","duration":44.28410000000008,"failureMessages":[],"meta":{},"tags":[]},{"ancestorTitles":["Forfeit on extended disconnection - Property 17"],"fullName":"Forfeit on extended disconnection - Property 17 Property 17: Players disconnected < 5 minutes are NOT forfeited","status":"passed","title":"Property 17: Players disconnected < 5 minutes are NOT forfeited","duration":20.501700000000028,"failureMessages":[],"meta":{},"tags":[]}],"startTime":1787525301154,"endTime":1787525301684.5017,"status":"passed","message":"","name":"D:/Projects/Shadow-Hunt/lib/lobby/__tests__/disconnection.property.test.ts"},{"assertionResults":[{"ancestorTitles":["getErrorMessage"],"fullName":"getErrorMessage returns a non-empty string for every LobbyErrorCode","status":"passed","title":"returns a non-empty string for every LobbyErrorCode","duration":2.6064999999999827,"failureMessages":[],"meta":{},"tags":[]},{"ancestorTitles":["getErrorMessage"],"fullName":"getErrorMessage returns unique messages for each error code","status":"passed","title":"returns unique messages for each error code","duration":0.21069999999997435,"failureMessages":[],"meta":{},"tags":[]},{"ancestorTitles":["getErrorMessage"],"fullName":"getErrorMessage returns specific expected messages","status":"passed","title":"returns specific expected messages","duration":0.203899999999976,"failureMessages":[],"meta":{},"tags":[]},{"ancestorTitles":["getErrorMessage"],"fullName":"getErrorMessage returns a fallback message for unknown codes","status":"passed","title":"returns a fallback message for unknown codes","duration":0.13670000000001892,"failureMessages":[],"meta":{},"tags":[]}],"startTime":1787525315805,"endTime":1787525315808.2107,"status":"passed","message":"","name":"D:/Projects/Shadow-Hunt/lib/lobby/__tests__/error-messages.test.ts"},{"assertionResults":[{"ancestorTitles":["Lobby Integration Tests","Full flow: create → join → ready → start"],"fullName":"Lobby Integration Tests Full flow: create → join → ready → start completes the full lobby lifecycle end-to-end","status":"passed","title":"completes the full lobby lifecycle end-to-end","duration":12.086500000000115,"failureMessages":[],"meta":{},"tags":[]},{"ancestorTitles":["Lobby Integration Tests","Host transfer on leave"],"fullName":"Lobby Integration Tests Host transfer on leave transfers host to the earliest joiner when host leaves","status":"passed","title":"transfers host to the earliest joiner when host leaves","duration":1.8228999999998905,"failureMessages":[],"meta":{},"tags":[]},{"ancestorTitles":["Lobby Integration Tests","Host transfer on leave"],"fullName":"Lobby Integration Tests Host transfer on leave deletes the room when last player (host) leaves","status":"passed","title":"deletes the room when last player (host) leaves","duration":2.6298000000001593,"failureMessages":[],"meta":{},"tags":[]},{"ancestorTitles":["Lobby Integration Tests","Concurrent join race condition"],"fullName":"Lobby Integration Tests Concurrent join race condition rejects second join when room is already full","status":"passed","title":"rejects second join when room is already full","duration":0.7724000000000615,"failureMessages":[],"meta":{},"tags":[]},{"ancestorTitles":["Lobby Integration Tests","Concurrent join race condition"],"fullName":"Lobby Integration Tests Concurrent join race condition rejects join when room state changed to in-progress during race","status":"passed","title":"rejects join when room state changed to in-progress during race","duration":0.6620000000000346,"failureMessages":[],"meta":{},"tags":[]},{"ancestorTitles":["Lobby Integration Tests","Concurrent join race condition"],"fullName":"Lobby Integration Tests Concurrent join race condition handles concurrent joins where one player is already in a room","status":"passed","title":"handles concurrent joins where one player is already in a room","duration":0.5664999999999054,"failureMessages":[],"meta":{},"tags":[]}],"startTime":1787525315233,"endTime":1787525315252.5664,"status":"passed","message":"","name":"D:/Projects/Shadow-Hunt/lib/lobby/__tests__/integration.test.ts"},{"assertionResults":[{"ancestorTitles":["Room joining - Property tests"],"fullName":"Room joining - Property tests Property 3: Join succeeds only when all preconditions are met","status":"passed","title":"Property 3: Join succeeds only when all preconditions are met","duration":63.16469999999981,"failureMessages":[],"meta":{},"tags":[]},{"ancestorTitles":["Room joining - Property tests"],"fullName":"Room joining - Property tests Property 4: Player count invariant (join subset)","status":"passed","title":"Property 4: Player count invariant (join subset)","duration":56.30400000000009,"failureMessages":[],"meta":{},"tags":[]},{"ancestorTitles":["Room joining - Property tests"],"fullName":"Room joining - Property tests Property 5: Player count arithmetic (join subset)","status":"passed","title":"Property 5: Player count arithmetic (join subset)","duration":40.03670000000011,"failureMessages":[],"meta":{},"tags":[]},{"ancestorTitles":["Room joining - Property tests"],"fullName":"Room joining - Property tests Property 8: Membership changes reset readiness (join subset)","status":"passed","title":"Property 8: Membership changes reset readiness (join subset)","duration":49.26830000000018,"failureMessages":[],"meta":{},"tags":[]}],"startTime":1787525306939,"endTime":1787525307148.2683,"status":"passed","message":"","name":"D:/Projects/Shadow-Hunt/lib/lobby/__tests__/join-room.property.test.ts"},{"assertionResults":[{"ancestorTitles":["Room leaving - Property tests"],"fullName":"Room leaving - Property tests Property 5: Player count arithmetic (leave subset) - non-host leave decrements count by 1","status":"passed","title":"Property 5: Player count arithmetic (leave subset) - non-host leave decrements count by 1","duration":81.71109999999999,"failureMessages":[],"meta":{},"tags":[]},{"ancestorTitles":["Room leaving - Property tests"],"fullName":"Room leaving - Property tests Property 8: Membership changes reset readiness (leave subset) - remaining players readiness reset","status":"passed","title":"Property 8: Membership changes reset readiness (leave subset) - remaining players readiness reset","duration":82.52139999999986,"failureMessages":[],"meta":{},"tags":[]},{"ancestorTitles":["Room leaving - Property tests"],"fullName":"Room leaving - Property tests Property 9: Host transfer preserves room continuity","status":"passed","title":"Property 9: Host transfer preserves room continuity","duration":66.28030000000012,"failureMessages":[],"meta":{},"tags":[]},{"ancestorTitles":["Room leaving - Property tests"],"fullName":"Room leaving - Property tests Property 11: Cannot leave during active game","status":"passed","title":"Property 11: Cannot leave during active game","duration":17.355199999999968,"failureMessages":[],"meta":{},"tags":[]}],"startTime":1787525308756,"endTime":1787525309004.3552,"status":"passed","message":"","name":"D:/Projects/Shadow-Hunt/lib/lobby/__tests__/leave-room.property.test.ts"},{"assertionResults":[{"ancestorTitles":["Public room listing - Property tests"],"fullName":"Public room listing - Property tests Property 13: Returns correctly shaped results for any number of rooms","status":"passed","title":"Property 13: Returns correctly shaped results for any number of rooms","duration":314.69529999999986,"failureMessages":[],"meta":{},"tags":[]},{"ancestorTitles":["Public room listing - Property tests"],"fullName":"Public room listing - Property tests Returns empty list when no rooms match","status":"passed","title":"Returns empty list when no rooms match","duration":1.580699999999979,"failureMessages":[],"meta":{},"tags":[]},{"ancestorTitles":["Public room listing - Property tests"],"fullName":"Public room listing - Property tests Falls back to 'Unknown' for host name when no host player found","status":"passed","title":"Falls back to 'Unknown' for host name when no host player found","duration":0.5472999999997228,"failureMessages":[],"meta":{},"tags":[]}],"startTime":1787525306444,"endTime":1787525306761.5474,"status":"passed","message":"","name":"D:/Projects/Shadow-Hunt/lib/lobby/__tests__/list-public-rooms.property.test.ts"},{"assertionResults":[{"ancestorTitles":["Poll state - Property tests"],"fullName":"Poll state - Property tests Property: Poll always returns current room state faithfully","status":"passed","title":"Property: Poll always returns current room state faithfully","duration":201.4181000000001,"failureMessages":[],"meta":{},"tags":[]},{"ancestorTitles":["Poll state - Property tests"],"fullName":"Poll state - Property tests Property: Poll updates lastActivityAt and status to connected","status":"passed","title":"Property: Poll updates lastActivityAt and status to connected","duration":154.17250000000013,"failureMessages":[],"meta":{},"tags":[]},{"ancestorTitles":["Poll state - Property tests"],"fullName":"Poll state - Property tests Property: Poll returns NOT_IN_ROOM when player has no membership","status":"passed","title":"Property: Poll returns NOT_IN_ROOM when player has no membership","duration":16.89650000000006,"failureMessages":[],"meta":{},"tags":[]}],"startTime":1787525301294,"endTime":1787525301666.8965,"status":"passed","message":"","name":"D:/Projects/Shadow-Hunt/lib/lobby/__tests__/poll-state.property.test.ts"},{"assertionResults":[{"ancestorTitles":["Room code generation - Property tests"],"fullName":"Room code generation - Property tests Property 1: Generated codes are always exactly 6 characters","status":"passed","title":"Property 1: Generated codes are always exactly 6 characters","duration":29.597899999999754,"failureMessages":[],"meta":{},"tags":[]},{"ancestorTitles":["Room code generation - Property tests"],"fullName":"Room code generation - Property tests Property 2: Generated codes contain only uppercase alphanumeric characters","status":"passed","title":"Property 2: Generated codes contain only uppercase alphanumeric characters","duration":8.016500000000178,"failureMessages":[],"meta":{},"tags":[]},{"ancestorTitles":["Room code generation - Property tests"],"fullName":"Room code generation - Property tests Property 3: All characters in generated codes are from the valid charset","status":"passed","title":"Property 3: All characters in generated codes are from the valid charset","duration":46.62980000000016,"failureMessages":[],"meta":{},"tags":[]}],"startTime":1787525311584,"endTime":1787525311668.63,"status":"passed","message":"","name":"D:/Projects/Shadow-Hunt/lib/lobby/__tests__/room-code.property.test.ts"},{"assertionResults":[{"ancestorTitles":["generateRoomCode"],"fullName":"generateRoomCode should generate a 6-character uppercase alphanumeric code","status":"passed","title":"should generate a 6-character uppercase alphanumeric code","duration":4.257000000000062,"failureMessages":[],"meta":{},"tags":[]},{"ancestorTitles":["generateRoomCode"],"fullName":"generateRoomCode should retry on collision and return a unique code","status":"passed","title":"should retry on collision and return a unique code","duration":1.0794000000000779,"failureMessages":[],"meta":{},"tags":[]},{"ancestorTitles":["generateRoomCode"],"fullName":"generateRoomCode should throw after max retries when all codes collide","status":"passed","title":"should throw after max retries when all codes collide","duration":3.283999999999878,"failureMessages":[],"meta":{},"tags":[]},{"ancestorTitles":["generateRoomCode"],"fullName":"generateRoomCode should check DB with the generated code","status":"passed","title":"should check DB with the generated code","duration":2.6965000000000146,"failureMessages":[],"meta":{},"tags":[]}],"startTime":1787525315565,"endTime":1787525315576.6965,"status":"passed","message":"","name":"D:/Projects/Shadow-Hunt/lib/lobby/__tests__/room-code.test.ts"},{"assertionResults":[{"ancestorTitles":["startGame integration with game initialization"],"fullName":"startGame integration with game initialization creates GameThreat and GameSpy records when all preconditions are met","status":"failed","title":"creates GameThreat and GameSpy records when all preconditions are met","duration":1046.4525999999998,"failureMessages":["PrismaClientKnownRequestError: \nInvalid `prisma.room.create()` invocation in\nD:/Projects/Shadow-Hunt/lib/lobby/__tests__/start-game-init.test.ts:39:36\n\n  36 const otherPlayerId = `other-sg-init-${Date.now()}`;\n  37 \n  38 // Set up: Create a room with host + 1 other player (ready)\n→ 39 const room = await prisma.room.create(\nAuthentication failed against the database server, the provided database credentials for `user` are not valid\n    at Jr.handleRequestError (D:\\Projects\\Shadow-Hunt\\node_modules\\@prisma\\client\\runtime\\client.js:65:8286)\n    at Jr.handleAndLogRequestError (D:\\Projects\\Shadow-Hunt\\node_modules\\@prisma\\client\\runtime\\client.js:65:7581)\n    at Jr.request (D:\\Projects\\Shadow-Hunt\\node_modules\\@prisma\\client\\runtime\\client.js:65:7288)\n    at processTicksAndRejections (node:internal/process/task_queues:103:5)\n    at a (D:\\Projects\\Shadow-Hunt\\node_modules\\@prisma\\client\\runtime\\client.js:99:6862)\n    at D:/Projects/Shadow-Hunt/lib/lobby/__tests__/start-game-init.test.ts:39:18\n    at file:///D:/Projects/Shadow-Hunt/node_modules/@vitest/runner/dist/chunk-artifact.js:1903:20"],"meta":{},"tags":[]},{"ancestorTitles":["startGame integration with game initialization"],"fullName":"startGame integration with game initialization calling startGame twice returns GAME_ALREADY_STARTED on second call with no duplicate records","status":"failed","title":"calling startGame twice returns GAME_ALREADY_STARTED on second call with no duplicate records","duration":362.16780000000017,"failureMessages":["PrismaClientKnownRequestError: \nInvalid `prisma.room.create()` invocation in\nD:/Projects/Shadow-Hunt/lib/lobby/__tests__/start-game-init.test.ts:137:36\n\n  134 const otherPlayerId = `other-sg-twice-${Date.now()}`;\n  135 \n  136 // Set up: Create a room with host + 1 other player (ready)\n→ 137 const room = await prisma.room.create(\nAuthentication failed against the database server, the provided database credentials for `user` are not valid\n    at Jr.handleRequestError (D:\\Projects\\Shadow-Hunt\\node_modules\\@prisma\\client\\runtime\\client.js:65:8286)\n    at Jr.handleAndLogRequestError (D:\\Projects\\Shadow-Hunt\\node_modules\\@prisma\\client\\runtime\\client.js:65:7581)\n    at Jr.request (D:\\Projects\\Shadow-Hunt\\node_modules\\@prisma\\client\\runtime\\client.js:65:7288)\n    at processTicksAndRejections (node:internal/process/task_queues:103:5)\n    at a (D:\\Projects\\Shadow-Hunt\\node_modules\\@prisma\\client\\runtime\\client.js:99:6862)\n    at D:/Projects/Shadow-Hunt/lib/lobby/__tests__/start-game-init.test.ts:137:18\n    at file:///D:/Projects/Shadow-Hunt/node_modules/@vitest/runner/dist/chunk-artifact.js:1903:20"],"meta":{},"tags":[]},{"ancestorTitles":["startGame integration with game initialization"],"fullName":"startGame integration with game initialization transaction rollback: if game initialization fails, room stays 'waiting' and no partial state persists","status":"failed","title":"transaction rollback: if game initialization fails, room stays 'waiting' and no partial state persists","duration":101.21849999999995,"failureMessages":["PrismaClientKnownRequestError: \nInvalid `prisma.room.create()` invocation in\nD:/Projects/Shadow-Hunt/lib/lobby/__tests__/start-game-init.test.ts:207:36\n\n  204 const otherPlayerId = `other-sg-rb-${Date.now()}`;\n  205 \n  206 // Create a room that is already in-progress (simulating a previously started game)\n→ 207 const room = await prisma.room.create(\nAuthentication failed against the database server, the provided database credentials for `user` are not valid\n    at Jr.handleRequestError (D:\\Projects\\Shadow-Hunt\\node_modules\\@prisma\\client\\runtime\\client.js:65:8286)\n    at Jr.handleAndLogRequestError (D:\\Projects\\Shadow-Hunt\\node_modules\\@prisma\\client\\runtime\\client.js:65:7581)\n    at Jr.request (D:\\Projects\\Shadow-Hunt\\node_modules\\@prisma\\client\\runtime\\client.js:65:7288)\n    at processTicksAndRejections (node:internal/process/task_queues:103:5)\n    at a (D:\\Projects\\Shadow-Hunt\\node_modules\\@prisma\\client\\runtime\\client.js:99:6862)\n    at D:/Projects/Shadow-Hunt/lib/lobby/__tests__/start-game-init.test.ts:207:18\n    at file:///D:/Projects/Shadow-Hunt/node_modules/@vitest/runner/dist/chunk-artifact.js:1903:20"],"meta":{},"tags":[]}],"startTime":1787525288733,"endTime":1787525290250.2185,"status":"failed","message":"","name":"D:/Projects/Shadow-Hunt/lib/lobby/__tests__/start-game-init.test.ts"},{"assertionResults":[{"ancestorTitles":["Game start - Property tests"],"fullName":"Game start - Property tests Property 10: Game start assigns unique sequential turn positions","status":"passed","title":"Property 10: Game start assigns unique sequential turn positions","duration":112.61699999999996,"failureMessages":[],"meta":{},"tags":[]},{"ancestorTitles":["Game start - Property tests"],"fullName":"Game start - Property tests Property 12: Only host can start the game","status":"passed","title":"Property 12: Only host can start the game","duration":17.03930000000014,"failureMessages":[],"meta":{},"tags":[]},{"ancestorTitles":["Game start - Property tests"],"fullName":"Game start - Property tests Property additional: Insufficient players prevents game start","status":"passed","title":"Property additional: Insufficient players prevents game start","duration":19.541000000000167,"failureMessages":[],"meta":{},"tags":[]},{"ancestorTitles":["Game start - Property tests"],"fullName":"Game start - Property tests Property additional: Non-ready players prevent game start","status":"passed","title":"Property additional: Non-ready players prevent game start","duration":58.85299999999984,"failureMessages":[],"meta":{},"tags":[]}],"startTime":1787525308723,"endTime":1787525308930.853,"status":"passed","message":"","name":"D:/Projects/Shadow-Hunt/lib/lobby/__tests__/start-game.property.test.ts"},{"assertionResults":[{"ancestorTitles":["Ready toggle - Property tests"],"fullName":"Ready toggle - Property tests Property 6: Ready toggle is idempotent (double-toggle returns to original)","status":"passed","title":"Property 6: Ready toggle is idempotent (double-toggle returns to original)","duration":36.15980000000013,"failureMessages":[],"meta":{},"tags":[]},{"ancestorTitles":["Ready toggle - Property tests"],"fullName":"Ready toggle - Property tests Property 7: Only 'waiting' rooms allow readiness changes","status":"passed","title":"Property 7: Only 'waiting' rooms allow readiness changes","duration":60.02330000000006,"failureMessages":[],"meta":{},"tags":[]}],"startTime":1787525311137,"endTime":1787525311233.0232,"status":"passed","message":"","name":"D:/Projects/Shadow-Hunt/lib/lobby/__tests__/toggle-ready.property.test.ts"},{"assertionResults":[{"ancestorTitles":["Adjacency Property Tests","Property 1: Adjacency bidirectionality"],"fullName":"Adjacency Property Tests Property 1: Adjacency bidirectionality for any edge (A,B), A's neighbors include B and vice versa","status":"skipped","title":"for any edge (A,B), A's neighbors include B and vice versa","failureMessages":[],"meta":{},"tags":[]},{"ancestorTitles":["Adjacency Property Tests","Property 1: Adjacency bidirectionality"],"fullName":"Adjacency Property Tests Property 1: Adjacency bidirectionality property: sampled edges are bidirectional","status":"skipped","title":"property: sampled edges are bidirectional","failureMessages":[],"meta":{},"tags":[]},{"ancestorTitles":["Adjacency Property Tests","Property 10: Adjacency query correctness"],"fullName":"Adjacency Property Tests Property 10: Adjacency query correctness for any sampled location, getAdjacentLocations matches the stored edge list","status":"skipped","title":"for any sampled location, getAdjacentLocations matches the stored edge list","failureMessages":[],"meta":{},"tags":[]},{"ancestorTitles":["Adjacency Property Tests","Property 10: Adjacency query correctness"],"fullName":"Adjacency Property Tests Property 10: Adjacency query correctness property: sampled locations have correct neighbor sets","status":"skipped","title":"property: sampled locations have correct neighbor sets","failureMessages":[],"meta":{},"tags":[]},{"ancestorTitles":["Adjacency Property Tests","Property 5: Region subgraph connectivity"],"fullName":"Adjacency Property Tests Property 5: Region subgraph connectivity intra-region subgraph is connected for each region","status":"skipped","title":"intra-region subgraph is connected for each region","failureMessages":[],"meta":{},"tags":[]},{"ancestorTitles":["Adjacency Property Tests","Property 5: Region subgraph connectivity"],"fullName":"Adjacency Property Tests Property 5: Region subgraph connectivity property: BFS within any sampled region's subgraph reaches all region locations","status":"skipped","title":"property: BFS within any sampled region's subgraph reaches all region locations","failureMessages":[],"meta":{},"tags":[]},{"ancestorTitles":["Adjacency Property Tests","Property 11: isSameRegion flag correctness"],"fullName":"Adjacency Property Tests Property 11: isSameRegion flag correctness for any edge, isSameRegion matches actual region membership","status":"skipped","title":"for any edge, isSameRegion matches actual region membership","failureMessages":[],"meta":{},"tags":[]}],"startTime":1787525286500,"endTime":1787525286500,"status":"failed","message":"","name":"D:/Projects/Shadow-Hunt/lib/map/__tests__/adjacency.property.test.ts"},{"assertionResults":[{"ancestorTitles":["Distance Property Tests","Property 7: Shortest-path distance correctness"],"fullName":"Distance Property Tests Property 7: Shortest-path distance correctness matrix distance equals independent BFS for sampled location pairs","status":"skipped","title":"matrix distance equals independent BFS for sampled location pairs","failureMessages":[],"meta":{},"tags":[]},{"ancestorTitles":["Distance Property Tests","Property 8: Distance range bounded by diameter"],"fullName":"Distance Property Tests Property 8: Distance range bounded by diameter all distances are in [0, 6]","status":"skipped","title":"all distances are in [0, 6]","failureMessages":[],"meta":{},"tags":[]},{"ancestorTitles":["Distance Property Tests","Property 8: Distance range bounded by diameter"],"fullName":"Distance Property Tests Property 8: Distance range bounded by diameter full matrix check: every entry is in [0, 6]","status":"skipped","title":"full matrix check: every entry is in [0, 6]","failureMessages":[],"meta":{},"tags":[]},{"ancestorTitles":["Distance Property Tests","Property 9: Unique distance vectors"],"fullName":"Distance Property Tests Property 9: Unique distance vectors no two distinct locations share the same distance vector","status":"skipped","title":"no two distinct locations share the same distance vector","failureMessages":[],"meta":{},"tags":[]}],"startTime":1787525286500,"endTime":1787525286500,"status":"failed","message":"","name":"D:/Projects/Shadow-Hunt/lib/map/__tests__/distance.property.test.ts"},{"assertionResults":[{"ancestorTitles":["Graph Invariants Property Tests","Property 12: Seed idempotency"],"fullName":"Graph Invariants Property Tests Property 12: Seed idempotency re-upserting all regions leaves counts unchanged (idempotent)","status":"skipped","title":"re-upserting all regions leaves counts unchanged (idempotent)","failureMessages":[],"meta":{},"tags":[]},{"ancestorTitles":["Graph Invariants Property Tests","Property 2: No self-loops"],"fullName":"Graph Invariants Property Tests Property 2: No self-loops for any edge, endpoints are distinct","status":"skipped","title":"for any edge, endpoints are distinct","failureMessages":[],"meta":{},"tags":[]},{"ancestorTitles":["Graph Invariants Property Tests","Property 4: Canonical edge ordering"],"fullName":"Graph Invariants Property Tests Property 4: Canonical edge ordering for any edge, locationAId < locationBId lexicographically","status":"skipped","title":"for any edge, locationAId < locationBId lexicographically","failureMessages":[],"meta":{},"tags":[]},{"ancestorTitles":["Graph Invariants Property Tests","Property 3: Minimum adjacency degree"],"fullName":"Graph Invariants Property Tests Property 3: Minimum adjacency degree every location has degree >= 2","status":"skipped","title":"every location has degree >= 2","failureMessages":[],"meta":{},"tags":[]},{"ancestorTitles":["Graph Invariants Property Tests","Property 6: Full graph connectivity"],"fullName":"Graph Invariants Property Tests Property 6: Full graph connectivity BFS from any node reaches all 40 nodes","status":"skipped","title":"BFS from any node reaches all 40 nodes","failureMessages":[],"meta":{},"tags":[]}],"startTime":1787525286500,"endTime":1787525286500,"status":"failed","message":"","name":"D:/Projects/Shadow-Hunt/lib/map/__tests__/graph-invariants.property.test.ts"},{"assertionResults":[{"ancestorTitles":["projectToMap","known reference points"],"fullName":"projectToMap known reference points maps origin (0, 0) to center of viewBox (500, 250)","status":"passed","title":"maps origin (0, 0) to center of viewBox (500, 250)","duration":4.211500000000115,"failureMessages":[],"meta":{},"tags":[]},{"ancestorTitles":["projectToMap","known reference points"],"fullName":"projectToMap known reference points maps (-90, -180) to bottom-left (0, 500)","status":"passed","title":"maps (-90, -180) to bottom-left (0, 500)","duration":0.49729999999999563,"failureMessages":[],"meta":{},"tags":[]},{"ancestorTitles":["projectToMap","known reference points"],"fullName":"projectToMap known reference points maps (90, 180) to top-right (1000, 0)","status":"passed","title":"maps (90, 180) to top-right (1000, 0)","duration":0.4306000000001404,"failureMessages":[],"meta":{},"tags":[]},{"ancestorTitles":["projectToMap","known reference points"],"fullName":"projectToMap known reference points maps (90, -180) to top-left (0, 0)","status":"passed","title":"maps (90, -180) to top-left (0, 0)","duration":0.44800000000009277,"failureMessages":[],"meta":{},"tags":[]},{"ancestorTitles":["projectToMap","known reference points"],"fullName":"projectToMap known reference points maps (-90, 180) to bottom-right (1000, 500)","status":"passed","title":"maps (-90, 180) to bottom-right (1000, 500)","duration":0.41889999999989413,"failureMessages":[],"meta":{},"tags":[]},{"ancestorTitles":["projectToMap","monotonicity"],"fullName":"projectToMap monotonicity increasing longitude produces increasing x","status":"passed","title":"increasing longitude produces increasing x","duration":0.9345000000000709,"failureMessages":[],"meta":{},"tags":[]},{"ancestorTitles":["projectToMap","monotonicity"],"fullName":"projectToMap monotonicity increasing latitude produces decreasing y","status":"passed","title":"increasing latitude produces decreasing y","duration":0.6428000000000793,"failureMessages":[],"meta":{},"tags":[]},{"ancestorTitles":["projectToMap","bounds"],"fullName":"projectToMap bounds output x is in [0, 1000] for all valid longitudes","status":"passed","title":"output x is in [0, 1000] for all valid longitudes","duration":1.2556999999999334,"failureMessages":[],"meta":{},"tags":[]},{"ancestorTitles":["projectToMap","bounds"],"fullName":"projectToMap bounds output y is in [0, 500] for all valid latitudes","status":"passed","title":"output y is in [0, 500] for all valid latitudes","duration":1.0920999999998457,"failureMessages":[],"meta":{},"tags":[]},{"ancestorTitles":["projectToMap","bounds"],"fullName":"projectToMap bounds output stays within bounds for boundary coordinate combinations","status":"passed","title":"output stays within bounds for boundary coordinate combinations","duration":1.0542999999997846,"failureMessages":[],"meta":{},"tags":[]},{"ancestorTitles":["projectToMap","determinism"],"fullName":"projectToMap determinism returns the same result for identical inputs across multiple calls","status":"passed","title":"returns the same result for identical inputs across multiple calls","duration":0.9628999999999905,"failureMessages":[],"meta":{},"tags":[]},{"ancestorTitles":["projectToMap","actual city coordinates"],"fullName":"projectToMap actual city coordinates projects London (51.5074, -0.1278) to expected range","status":"passed","title":"projects London (51.5074, -0.1278) to expected range","duration":0.49680000000012114,"failureMessages":[],"meta":{},"tags":[]},{"ancestorTitles":["projectToMap","actual city coordinates"],"fullName":"projectToMap actual city coordinates projects Tokyo (35.6762, 139.6503) to expected range","status":"passed","title":"projects Tokyo (35.6762, 139.6503) to expected range","duration":0.2969999999997981,"failureMessages":[],"meta":{},"tags":[]},{"ancestorTitles":["projectToMap","actual city coordinates"],"fullName":"projectToMap actual city coordinates projects Cape Town (-33.9249, 18.4241) to southern hemisphere","status":"passed","title":"projects Cape Town (-33.9249, 18.4241) to southern hemisphere","duration":0.29900000000020555,"failureMessages":[],"meta":{},"tags":[]},{"ancestorTitles":["projectToMap","actual city coordinates"],"fullName":"projectToMap actual city coordinates projects Buenos Aires (-34.6037, -58.3816) to South America region","status":"passed","title":"projects Buenos Aires (-34.6037, -58.3816) to South America region","duration":0.32110000000011496,"failureMessages":[],"meta":{},"tags":[]},{"ancestorTitles":["projectToMap","actual city coordinates"],"fullName":"projectToMap actual city coordinates projects Canberra (-35.2809, 149.1300) to Oceania region","status":"passed","title":"projects Canberra (-35.2809, 149.1300) to Oceania region","duration":0.3450000000000273,"failureMessages":[],"meta":{},"tags":[]}],"startTime":1787525315233,"endTime":1787525315247.345,"status":"passed","message":"","name":"D:/Projects/Shadow-Hunt/lib/map/__tests__/projection.test.ts"},{"assertionResults":[{"ancestorTitles":["Transport Property Tests","Property 1: Inter-region edges use plane transport"],"fullName":"Transport Property Tests Property 1: Inter-region edges use plane transport every edge with isSameRegion=false has transport='plane'","status":"skipped","title":"every edge with isSameRegion=false has transport='plane'","failureMessages":[],"meta":{},"tags":[]},{"ancestorTitles":["Transport Property Tests","Property 2: Intra-region edges use car or boat"],"fullName":"Transport Property Tests Property 2: Intra-region edges use car or boat every edge with isSameRegion=true has transport 'car' or 'boat', never 'plane'","status":"skipped","title":"every edge with isSameRegion=true has transport 'car' or 'boat', never 'plane'","failureMessages":[],"meta":{},"tags":[]},{"ancestorTitles":["Transport Property Tests","Property 3: Transport distribution invariant"],"fullName":"Transport Property Tests Property 3: Transport distribution invariant exactly 17 plane, 34 car, 21 boat, totaling 72","status":"skipped","title":"exactly 17 plane, 34 car, 21 boat, totaling 72","failureMessages":[],"meta":{},"tags":[]},{"ancestorTitles":["Transport Property Tests","Property 4: No null/undefined transport values"],"fullName":"Transport Property Tests Property 4: No null/undefined transport values every edge has a non-null transport in {plane, car, boat}","status":"skipped","title":"every edge has a non-null transport in {plane, car, boat}","failureMessages":[],"meta":{},"tags":[]},{"ancestorTitles":["Transport Property Tests","Property 5: Transport mapping determinism"],"fullName":"Transport Property Tests Property 5: Transport mapping determinism querying edges twice yields identical transport values","status":"skipped","title":"querying edges twice yields identical transport values","failureMessages":[],"meta":{},"tags":[]}],"startTime":1787525286500,"endTime":1787525286500,"status":"failed","message":"","name":"D:/Projects/Shadow-Hunt/lib/map/__tests__/transport.property.test.ts"},{"assertionResults":[{"ancestorTitles":["Property 5: Action Budget Bounds","Action_Budget is always within [Minimum_Action_Budget, Default_Action_Budget]"],"fullName":"Property 5: Action Budget Bounds Action_Budget is always within [Minimum_Action_Budget, Default_Action_Budget] actionBudget is always 1 or 2 (the only valid values)","status":"passed","title":"actionBudget is always 1 or 2 (the only valid values)","duration":17.082799999999907,"failureMessages":[],"meta":{},"tags":[]},{"ancestorTitles":["Property 5: Action Budget Bounds","Actions_Remaining is always within [0, Default_Action_Budget]"],"fullName":"Property 5: Action Budget Bounds Actions_Remaining is always within [0, Default_Action_Budget] for any valid actionBudget, actionsRemaining is within [0, actionBudget]","status":"passed","title":"for any valid actionBudget, actionsRemaining is within [0, actionBudget]","duration":22.092799999999897,"failureMessages":[],"meta":{},"tags":[]},{"ancestorTitles":["Property 5: Action Budget Bounds","validateAction rejects when actionsRemaining = 0"],"fullName":"Property 5: Action Budget Bounds validateAction rejects when actionsRemaining = 0 any action is rejected with NO_ACTIONS_REMAINING when actionsRemaining is 0","status":"passed","title":"any action is rejected with NO_ACTIONS_REMAINING when actionsRemaining is 0","duration":26.89800000000014,"failureMessages":[],"meta":{},"tags":[]},{"ancestorTitles":["Property 5: Action Budget Bounds","validateAction accepts valid actions when actionsRemaining > 0"],"fullName":"Property 5: Action Budget Bounds validateAction accepts valid actions when actionsRemaining > 0 SKIP is accepted for any actionsRemaining in [1, actionBudget]","status":"passed","title":"SKIP is accepted for any actionsRemaining in [1, actionBudget]","duration":14.906500000000051,"failureMessages":[],"meta":{},"tags":[]},{"ancestorTitles":["Property 5: Action Budget Bounds","validateAction accepts valid actions when actionsRemaining > 0"],"fullName":"Property 5: Action Budget Bounds validateAction accepts valid actions when actionsRemaining > 0 valid MOVE is accepted for any actionsRemaining in [1, actionBudget]","status":"passed","title":"valid MOVE is accepted for any actionsRemaining in [1, actionBudget]","duration":34.68470000000002,"failureMessages":[],"meta":{},"tags":[]},{"ancestorTitles":["Property 5: Action Budget Bounds","validateAction accepts valid actions when actionsRemaining > 0"],"fullName":"Property 5: Action Budget Bounds validateAction accepts valid actions when actionsRemaining > 0 valid USE_CARD is accepted for any actionsRemaining in [1, actionBudget]","status":"passed","title":"valid USE_CARD is accepted for any actionsRemaining in [1, actionBudget]","duration":31.542799999999943,"failureMessages":[],"meta":{},"tags":[]},{"ancestorTitles":["Property 5: Action Budget Bounds","total accepted actions in a turn equals actionBudget"],"fullName":"Property 5: Action Budget Bounds total accepted actions in a turn equals actionBudget a turn with budget N accepts exactly N actions before rejection","status":"passed","title":"a turn with budget N accepts exactly N actions before rejection","duration":23.389799999999923,"failureMessages":[],"meta":{},"tags":[]},{"ancestorTitles":["Property 5: Action Budget Bounds","total accepted actions in a turn equals actionBudget"],"fullName":"Property 5: Action Budget Bounds total accepted actions in a turn equals actionBudget budget 1 turn accepts exactly 1 action, budget 2 turn accepts exactly 2","status":"passed","title":"budget 1 turn accepts exactly 1 action, budget 2 turn accepts exactly 2","duration":19.702799999999797,"failureMessages":[],"meta":{},"tags":[]},{"ancestorTitles":["Property 5: Action Budget Bounds","action budget derives correctly from penalty flag"],"fullName":"Property 5: Action Budget Bounds action budget derives correctly from penalty flag actionBudget = Default_Action_Budget - 1 when penalty applies, bounded by minimum","status":"passed","title":"actionBudget = Default_Action_Budget - 1 when penalty applies, bounded by minimum","duration":23.605299999999943,"failureMessages":[],"meta":{},"tags":[]}],"startTime":1787525308286,"endTime":1787525308501.6052,"status":"passed","message":"","name":"D:/Projects/Shadow-Hunt/lib/turn-engine/__tests__/action-budget-bounds.property.test.ts"},{"assertionResults":[{"ancestorTitles":["Action Rejection Property Tests","Property 6: Action rejection after game end"],"fullName":"Action Rejection Property Tests Property 6: Action rejection after game end any action payload submitted to a finished room returns GAME_NOT_ACTIVE","status":"skipped","title":"any action payload submitted to a finished room returns GAME_NOT_ACTIVE","failureMessages":[],"meta":{},"tags":[]},{"ancestorTitles":["Action Rejection Property Tests","Property 6: Action rejection after game end"],"fullName":"Action Rejection Property Tests Property 6: Action rejection after game end action rejection applies equally to rooms that ended via draw","status":"skipped","title":"action rejection applies equally to rooms that ended via draw","failureMessages":[],"meta":{},"tags":[]}],"startTime":1787525286500,"endTime":1787525286500,"status":"failed","message":"","name":"D:/Projects/Shadow-Hunt/lib/turn-engine/__tests__/action-rejection.property.test.ts"},{"assertionResults":[{"ancestorTitles":["Capture Resolution Property Tes
[...]
failureMessages":[],"meta":{},"tags":[]},{"ancestorTitles":["Drop Ship Destination Validity — Property 9"],"fullName":"Drop Ship Destination Validity — Property 9 when no location is >= 4 away in another region, destination has max distance among options","status":"passed","title":"when no location is >= 4 away in another region, destination has max distance among options","duration":96.55690000000004,"failureMessages":[],"meta":{},"tags":[]},{"ancestorTitles":["Drop Ship Destination Validity — Property 9"],"fullName":"Drop Ship Destination Validity — Property 9 the algorithm always produces a valid destination (never empty selection)","status":"passed","title":"the algorithm always produces a valid destination (never empty selection)","duration":50.07290000000012,"failureMessages":[],"meta":{},"tags":[]},{"ancestorTitles":["Drop Ship Destination Validity — Property 9"],"fullName":"Drop Ship Destination Validity — Property 9 for all rng values [0, 1), destination is always within the eligible set","status":"passed","title":"for all rng values [0, 1), destination is always within the eligible set","duration":34.778099999999995,"failureMessages":[],"meta":{},"tags":[]}],"startTime":1787525306067,"endTime":1787525306525.778,"status":"passed","message":"","name":"D:/Projects/Shadow-Hunt/lib/turn-engine/cards/effects/__tests__/drop-ship-destination.property.test.ts"},{"assertionResults":[{"ancestorTitles":["Drop Ship Ignores Blockades — Property 10"],"fullName":"Drop Ship Ignores Blockades — Property 10 USE_CARD validation passes regardless of blockade state","status":"passed","title":"USE_CARD validation passes regardless of blockade state","duration":19.780099999999948,"failureMessages":[],"meta":{},"tags":[]},{"ancestorTitles":["Drop Ship Ignores Blockades — Property 10"],"fullName":"Drop Ship Ignores Blockades — Property 10 USE_CARD validation passes even when all transports are blocked","status":"passed","title":"USE_CARD validation passes even when all transports are blocked","duration":7.772299999999859,"failureMessages":[],"meta":{},"tags":[]},{"ancestorTitles":["Drop Ship Ignores Blockades — Property 10"],"fullName":"Drop Ship Ignores Blockades — Property 10 MOVE actions are blocked by active blockades (contrast)","status":"passed","title":"MOVE actions are blocked by active blockades (contrast)","duration":24.34050000000002,"failureMessages":[],"meta":{},"tags":[]}],"startTime":1787525312934,"endTime":1787525312986.3406,"status":"passed","message":"","name":"D:/Projects/Shadow-Hunt/lib/turn-engine/cards/effects/__tests__/drop-ship-ignores-blockades.property.test.ts"},{"assertionResults":[{"ancestorTitles":["Open All Roads Universal Wipe — Property 3"],"fullName":"Open All Roads Universal Wipe — Property 3 after playing open-all-roads, all active blockades are lifted (universal wipe)","status":"passed","title":"after playing open-all-roads, all active blockades are lifted (universal wipe)","duration":395.58240000000023,"failureMessages":[],"meta":{},"tags":[]},{"ancestorTitles":["Open All Roads Universal Wipe — Property 3"],"fullName":"Open All Roads Universal Wipe — Property 3 playing open-all-roads a second time produces the same empty result (idempotence)","status":"passed","title":"playing open-all-roads a second time produces the same empty result (idempotence)","duration":122.85390000000007,"failureMessages":[],"meta":{},"tags":[]},{"ancestorTitles":["Open All Roads Universal Wipe — Property 3"],"fullName":"Open All Roads Universal Wipe — Property 3 open-all-roads lifts blockades of ALL transport types equally","status":"passed","title":"open-all-roads lifts blockades of ALL transport types equally","duration":131.0544,"failureMessages":[],"meta":{},"tags":[]},{"ancestorTitles":["Open All Roads Universal Wipe — Property 3"],"fullName":"Open All Roads Universal Wipe — Property 3 open-all-roads lifts blockades from all casters including the playing player","status":"passed","title":"open-all-roads lifts blockades from all casters including the playing player","duration":70.96160000000009,"failureMessages":[],"meta":{},"tags":[]}],"startTime":1787525305530,"endTime":1787525306251.9617,"status":"passed","message":"","name":"D:/Projects/Shadow-Hunt/lib/turn-engine/cards/effects/__tests__/open-all-roads-wipe.property.test.ts"},{"assertionResults":[{"ancestorTitles":["Penalty Non-Stacking Cap — Property 6"],"fullName":"Penalty Non-Stacking Cap — Property 6 applying handleLoseAnAction k times (k >= 1) always results in actionPenaltyFlag: true","status":"passed","title":"applying handleLoseAnAction k times (k >= 1) always results in actionPenaltyFlag: true","duration":150.40470000000005,"failureMessages":[],"meta":{},"tags":[]},{"ancestorTitles":["Penalty Non-Stacking Cap — Property 6"],"fullName":"Penalty Non-Stacking Cap — Property 6 action budget with penalty flag set is always exactly 1 (Default - 1)","status":"passed","title":"action budget with penalty flag set is always exactly 1 (Default - 1)","duration":9.862499999999727,"failureMessages":[],"meta":{},"tags":[]},{"ancestorTitles":["Penalty Non-Stacking Cap — Property 6"],"fullName":"Penalty Non-Stacking Cap — Property 6 penalty never reduces budget below Minimum_Action_Budget","status":"passed","title":"penalty never reduces budget below Minimum_Action_Budget","duration":32.31359999999995,"failureMessages":[],"meta":{},"tags":[]},{"ancestorTitles":["Penalty Non-Stacking Cap — Property 6"],"fullName":"Penalty Non-Stacking Cap — Property 6 single application produces identical state to k > 1 applications (idempotence)","status":"passed","title":"single application produces identical state to k > 1 applications (idempotence)","duration":21.71680000000015,"failureMessages":[],"meta":{},"tags":[]}],"startTime":1787525308743,"endTime":1787525308957.7168,"status":"passed","message":"","name":"D:/Projects/Shadow-Hunt/lib/turn-engine/cards/effects/__tests__/penalty-non-stacking.property.test.ts"},{"assertionResults":[{"ancestorTitles":["POST /api/game/[roomId]/action","authentication"],"fullName":"POST /api/game/[roomId]/action authentication returns 401 when no player-id cookie is present","status":"passed","title":"returns 401 when no player-id cookie is present","duration":18.06179999999995,"failureMessages":[],"meta":{},"tags":[]},{"ancestorTitles":["POST /api/game/[roomId]/action","authentication"],"fullName":"POST /api/game/[roomId]/action authentication returns 401 when cookie header has no player-id","status":"passed","title":"returns 401 when cookie header has no player-id","duration":2.852100000000064,"failureMessages":[],"meta":{},"tags":[]},{"ancestorTitles":["POST /api/game/[roomId]/action","request validation"],"fullName":"POST /api/game/[roomId]/action request validation returns 400 when body is invalid JSON","status":"passed","title":"returns 400 when body is invalid JSON","duration":2.0126000000000204,"failureMessages":[],"meta":{},"tags":[]},{"ancestorTitles":["POST /api/game/[roomId]/action","request validation"],"fullName":"POST /api/game/[roomId]/action request validation returns 400 when body is missing actionType","status":"passed","title":"returns 400 when body is missing actionType","duration":1.903899999999794,"failureMessages":[],"meta":{},"tags":[]},{"ancestorTitles":["POST /api/game/[roomId]/action","full turn cycle (action budget system)"],"fullName":"POST /api/game/[roomId]/action full turn cycle (action budget system) returns 200 with actionsRemaining on successful action","status":"passed","title":"returns 200 with actionsRemaining on successful action","duration":5.38169999999991,"failureMessages":[],"meta":{},"tags":[]},{"ancestorTitles":["POST /api/game/[roomId]/action","full turn cycle (action budget system)"],"fullName":"POST /api/game/[roomId]/action full turn cycle (action budget system) returns 200 with resolution data when actionsRemaining reaches 0","status":"passed","title":"returns 200 with resolution data when actionsRemaining reaches 0","duration":2.1489000000001397,"failureMessages":[],"meta":{},"tags":[]},{"ancestorTitles":["POST /api/game/[roomId]/action","full turn cycle (action budget system)"],"fullName":"POST /api/game/[roomId]/action full turn cycle (action budget system) passes correct roomId from route params","status":"passed","title":"passes correct roomId from route params","duration":1.6167999999997846,"failureMessages":[],"meta":{},"tags":[]},{"ancestorTitles":["POST /api/game/[roomId]/action","not-your-turn rejection (wrong player -> 403)"],"fullName":"POST /api/game/[roomId]/action not-your-turn rejection (wrong player -> 403) returns 403 when submitAction returns NOT_YOUR_TURN error","status":"passed","title":"returns 403 when submitAction returns NOT_YOUR_TURN error","duration":1.526600000000144,"failureMessages":[],"meta":{},"tags":[]},{"ancestorTitles":["POST /api/game/[roomId]/action","invalid move rejection (non-adjacent -> 422)"],"fullName":"POST /api/game/[roomId]/action invalid move rejection (non-adjacent -> 422) returns 422 when submitAction returns INVALID_MOVE error","status":"passed","title":"returns 422 when submitAction returns INVALID_MOVE error","duration":1.6352999999999156,"failureMessages":[],"meta":{},"tags":[]},{"ancestorTitles":["POST /api/game/[roomId]/action","invalid move rejection (non-adjacent -> 422)"],"fullName":"POST /api/game/[roomId]/action invalid move rejection (non-adjacent -> 422) returns 422 when submitAction returns INVALID_TRANSPORT error","status":"passed","title":"returns 422 when submitAction returns INVALID_TRANSPORT error","duration":1.7231000000001586,"failureMessages":[],"meta":{},"tags":[]},{"ancestorTitles":["POST /api/game/[roomId]/action","invalid move rejection (non-adjacent -> 422)"],"fullName":"POST /api/game/[roomId]/action invalid move rejection (non-adjacent -> 422) returns 422 when submitAction returns SAME_LOCATION_MOVE error","status":"passed","title":"returns 422 when submitAction returns SAME_LOCATION_MOVE error","duration":1.136199999999917,"failureMessages":[],"meta":{},"tags":[]},{"ancestorTitles":["POST /api/game/[roomId]/action","invalid move rejection (non-adjacent -> 422)"],"fullName":"POST /api/game/[roomId]/action invalid move rejection (non-adjacent -> 422) returns 422 when submitAction returns DUPLICATE_CAPTURE_ATTEMPT error","status":"passed","title":"returns 422 when submitAction returns DUPLICATE_CAPTURE_ATTEMPT error","duration":0.9868000000001302,"failureMessages":[],"meta":{},"tags":[]},{"ancestorTitles":["POST /api/game/[roomId]/action","game-end flow (win -> room status finished, subsequent actions rejected)"],"fullName":"POST /api/game/[roomId]/action game-end flow (win -> room status finished, subsequent actions rejected) returns 200 with game-won resolution on successful capture","status":"passed","title":"returns 200 with game-won resolution on successful capture","duration":1.0321999999996478,"failureMessages":[],"meta":{},"tags":[]},{"ancestorTitles":["POST /api/game/[roomId]/action","game-end flow (win -> room status finished, subsequent actions rejected)"],"fullName":"POST /api/game/[roomId]/action game-end flow (win -> room status finished, subsequent actions rejected) returns 409 when game is no longer active (finished)","status":"passed","title":"returns 409 when game is no longer active (finished)","duration":1.0734000000002197,"failureMessages":[],"meta":{},"tags":[]},{"ancestorTitles":["POST /api/game/[roomId]/action","concurrency (race two requests, only one succeeds)"],"fullName":"POST /api/game/[roomId]/action concurrency (race two requests, only one succeeds) returns 409 when submitAction returns CONCURRENCY_CONFLICT error","status":"passed","title":"returns 409 when submitAction returns CONCURRENCY_CONFLICT error","duration":1.0267000000003463,"failureMessages":[],"meta":{},"tags":[]},{"ancestorTitles":["POST /api/game/[roomId]/action","concurrency (race two requests, only one succeeds)"],"fullName":"POST /api/game/[roomId]/action concurrency (race two requests, only one succeeds) handles race condition: first request succeeds, second gets conflict","status":"passed","title":"handles race condition: first request succeeds, second gets conflict","duration":15.413600000000315,"failureMessages":[],"meta":{},"tags":[]},{"ancestorTitles":["POST /api/game/[roomId]/action","additional error code mappings"],"fullName":"POST /api/game/[roomId]/action additional error code mappings returns 404 when player is NOT_IN_ROOM","status":"passed","title":"returns 404 when player is NOT_IN_ROOM","duration":1.6483000000002903,"failureMessages":[],"meta":{},"tags":[]},{"ancestorTitles":["POST /api/game/[roomId]/action","additional error code mappings"],"fullName":"POST /api/game/[roomId]/action additional error code mappings returns 422 when INVALID_CARD error","status":"passed","title":"returns 422 when INVALID_CARD error","duration":1.0947000000001026,"failureMessages":[],"meta":{},"tags":[]},{"ancestorTitles":["POST /api/game/[roomId]/action","additional error code mappings"],"fullName":"POST /api/game/[roomId]/action additional error code mappings returns 422 when NO_ACTIONS_REMAINING error","status":"passed","title":"returns 422 when NO_ACTIONS_REMAINING error","duration":0.9293999999999869,"failureMessages":[],"meta":{},"tags":[]}],"startTime":1787525313361,"endTime":1787525313425.9294,"status":"passed","message":"","name":"D:/Projects/Shadow-Hunt/app/api/game/[roomId]/action/__tests__/action.route.test.ts"},{"assertionResults":[{"ancestorTitles":["GET /api/game/[roomId]/result","authentication (Requirement 9.7)"],"fullName":"GET /api/game/[roomId]/result authentication (Requirement 9.7) returns 401 when no player-id cookie is present","status":"passed","title":"returns 401 when no player-id cookie is present","duration":17.746599999999944,"failureMessages":[],"meta":{},"tags":[]},{"ancestorTitles":["GET /api/game/[roomId]/result","authentication (Requirement 9.7)"],"fullName":"GET /api/game/[roomId]/result authentication (Requirement 9.7) returns 401 when cookie header has no player-id","status":"passed","title":"returns 401 when cookie header has no player-id","duration":2.6502000000000407,"failureMessages":[],"meta":{},"tags":[]},{"ancestorTitles":["GET /api/game/[roomId]/result","access control (Requirement 9.5)"],"fullName":"GET /api/game/[roomId]/result access control (Requirement 9.5) returns 403 when player is not a room member","status":"passed","title":"returns 403 when player is not a room member","duration":2.339100000000144,"failureMessages":[],"meta":{},"tags":[]},{"ancestorTitles":["GET /api/game/[roomId]/result","room not found (Requirement 9.8)"],"fullName":"GET /api/game/[roomId]/result room not found (Requirement 9.8) returns 404 when room does not exist","status":"passed","title":"returns 404 when room does not exist","duration":1.5969999999997526,"failureMessages":[],"meta":{},"tags":[]},{"ancestorTitles":["GET /api/game/[roomId]/result","in-progress game (Requirement 9.4)"],"fullName":"GET /api/game/[roomId]/result in-progress game (Requirement 9.4) returns 200 with in-progress outcome when game is not finished","status":"passed","title":"returns 200 with in-progress outcome when game is not finished","duration":2.8530000000000655,"failureMessages":[],"meta":{},"tags":[]},{"ancestorTitles":["GET /api/game/[roomId]/result","win outcome (Requirement 9.2)"],"fullName":"GET /api/game/[roomId]/result win outcome (Requirement 9.2) returns 200 with complete win response shape","status":"passed","title":"returns 200 with complete win response shape","duration":2.0634000000000015,"failureMessages":[],"meta":{},"tags":[]},{"ancestorTitles":["GET /api/game/[roomId]/result","win outcome (Requirement 9.2)"],"fullName":"GET /api/game/[roomId]/result win outcome (Requirement 9.2) passes correct roomId and playerId to getGameResult","status":"passed","title":"passes correct roomId and playerId to getGameResult","duration":3.3728000000000975,"failureMessages":[],"meta":{},"tags":[]},{"ancestorTitles":["GET /api/game/[roomId]/result","draw outcome (Requirement 9.3)"],"fullName":"GET /api/game/[roomId]/result draw outcome (Requirement 9.3) returns 200 with complete draw response shape","status":"passed","title":"returns 200 with complete draw response shape","duration":1.776299999999992,"failureMessages":[],"meta":{},"tags":[]},{"ancestorTitles":["GET /api/game/[roomId]/result","internal server error"],"fullName":"GET /api/game/[roomId]/result internal server error returns 500 when an unexpected error occurs","status":"passed","title":"returns 500 when an unexpected error occurs","duration":2.6835000000000946,"failureMessages":[],"meta":{},"tags":[]}],"startTime":1787525313709,"endTime":1787525313747.6836,"status":"passed","message":"","name":"D:/Projects/Shadow-Hunt/app/api/game/[roomId]/result/__tests__/route.test.ts"},{"assertionResults":[{"ancestorTitles":["GET /api/game/[roomId]/state"],"fullName":"GET /api/game/[roomId]/state returns 401 when no player-id cookie is present","status":"passed","title":"returns 401 when no player-id cookie is present","duration":19.9070999999999,"failureMessages":[],"meta":{},"tags":[]},{"ancestorTitles":["GET /api/game/[roomId]/state"],"fullName":"GET /api/game/[roomId]/state returns 200 with full game state on success","status":"passed","title":"returns 200 with full game state on success","duration":7.026699999999892,"failureMessages":[],"meta":{},"tags":[]},{"ancestorTitles":["GET /api/game/[roomId]/state"],"fullName":"GET /api/game/[roomId]/state passes afterSequence query param to getGamePollState","status":"passed","title":"passes afterSequence query param to getGamePollState","duration":3.2912999999998647,"failureMessages":[],"meta":{},"tags":[]},{"ancestorTitles":["GET /api/game/[roomId]/state"],"fullName":"GET /api/game/[roomId]/state returns 403 when player is not a member of the room","status":"passed","title":"returns 403 when player is not a member of the room","duration":2.030999999999949,"failureMessages":[],"meta":{},"tags":[]},{"ancestorTitles":["GET /api/game/[roomId]/state"],"fullName":"GET /api/game/[roomId]/state returns 404 when room does not exist","status":"passed","title":"returns 404 when room does not exist","duration":1.9437000000002627,"failureMessages":[],"meta":{},"tags":[]},{"ancestorTitles":["GET /api/game/[roomId]/state"],"fullName":"GET /api/game/[roomId]/state response includes players array with position data","status":"passed","title":"response includes players array with position data","duration":1.8690000000001419,"failureMessages":[],"meta":{},"tags":[]},{"ancestorTitles":["GET /api/game/[roomId]/state"],"fullName":"GET /api/game/[roomId]/state response includes private data structure for requesting player","status":"passed","title":"response includes private data structure for requesting player","duration":2.120600000000195,"failureMessages":[],"meta":{},"tags":[]},{"ancestorTitles":["GET /api/game/[roomId]/state"],"fullName":"GET /api/game/[roomId]/state does not expose hidden state (Mastermind or Spy locations)","status":"passed","title":"does not expose hidden state (Mastermind or Spy locations)","duration":1.8045999999999367,"failureMessages":[],"meta":{},"tags":[]},{"ancestorTitles":["GET /api/game/[roomId]/state"],"fullName":"GET /api/game/[roomId]/state calls getGamePollState without afterSequence when query param is absent","status":"passed","title":"calls getGamePollState without afterSequence when query param is absent","duration":1.6029999999996107,"failureMessages":[],"meta":{},"tags":[]},{"ancestorTitles":["GET /api/game/[roomId]/state"],"fullName":"GET /api/game/[roomId]/state returns 500 for unexpected errors","status":"passed","title":"returns 500 for unexpected errors","duration":2.0967000000000553,"failureMessages":[],"meta":{},"tags":[]}],"startTime":1787525313555,"endTime":1787525313599.0967,"status":"passed","message":"","name":"D:/Projects/Shadow-Hunt/app/api/game/[roomId]/state/__tests__/state.route.test.ts"}]}